2025/06/27 15:59:32 [error] [exception.CHttpException.404] CHttpException: Unable to resolve the request "gii". in /var/www/html/framework/web/CWebApplication.php:286
Stack trace:
#0 /var/www/html/framework/web/CWebApplication.php(141): CWebApplication->runController('gii')
#1 /var/www/html/framework/base/CApplication.php(185): CWebApplication->processRequest()
#2 /var/www/html/test_crud/index.php(13): CApplication->run()
#3 {main}
REQUEST_URI=/test_crud/index.php?r=gii
---
2025/06/27 15:59:35 [error] [exception.CHttpException.404] CHttpException: Unable to resolve the request "gii". in /var/www/html/framework/web/CWebApplication.php:286
Stack trace:
#0 /var/www/html/framework/web/CWebApplication.php(141): CWebApplication->runController('gii')
#1 /var/www/html/framework/base/CApplication.php(185): CWebApplication->processRequest()
#2 /var/www/html/test_crud/index.php(13): CApplication->run()
#3 {main}
REQUEST_URI=/test_crud/index.php?r=gii
---
2025/06/27 15:59:35 [error] [exception.CHttpException.404] CHttpException: Unable to resolve the request "gii". in /var/www/html/framework/web/CWebApplication.php:286
Stack trace:
#0 /var/www/html/framework/web/CWebApplication.php(141): CWebApplication->runController('gii')
#1 /var/www/html/framework/base/CApplication.php(185): CWebApplication->processRequest()
#2 /var/www/html/test_crud/index.php(13): CApplication->run()
#3 {main}
REQUEST_URI=/test_crud/index.php?r=gii
---
2025/06/27 15:59:36 [error] [exception.CHttpException.404] CHttpException: Unable to resolve the request "gii". in /var/www/html/framework/web/CWebApplication.php:286
Stack trace:
#0 /var/www/html/framework/web/CWebApplication.php(141): CWebApplication->runController('gii')
#1 /var/www/html/framework/base/CApplication.php(185): CWebApplication->processRequest()
#2 /var/www/html/test_crud/index.php(13): CApplication->run()
#3 {main}
REQUEST_URI=/test_crud/index.php?r=gii
---
2025/06/27 16:14:17 [error] [exception.CHttpException.404] CHttpException: Unable to resolve the request "gii/default/login". in /var/www/html/framework/web/CWebApplication.php:286
Stack trace:
#0 /var/www/html/framework/web/CWebApplication.php(141): CWebApplication->runController('gii/default/log...')
#1 /var/www/html/framework/base/CApplication.php(185): CWebApplication->processRequest()
#2 /var/www/html/test_crud/index.php(13): CApplication->run()
#3 {main}
REQUEST_URI=/test_crud/index.php?r=gii/default/login
---
2025/06/27 16:14:20 [error] [exception.CHttpException.404] CHttpException: Unable to resolve the request "gii". in /var/www/html/framework/web/CWebApplication.php:286
Stack trace:
#0 /var/www/html/framework/web/CWebApplication.php(141): CWebApplication->runController('gii')
#1 /var/www/html/framework/base/CApplication.php(185): CWebApplication->processRequest()
#2 /var/www/html/test_crud/index.php(13): CApplication->run()
#3 {main}
REQUEST_URI=/test_crud/index.php?r=gii
---
2025/06/27 16:50:29 [error] [system.db.CDbCommand] CDbCommand::fetchAll() failed: SQLSTATE[42S02]: Base table or view not found: 1146 Table 'yii_app.tbl_migration' doesn't exist. The SQL statement executed was: SHOW FULL COLUMNS FROM `tbl_migration`.
2025/06/27 17:31:51 [error] [php] include(User.php): Failed to open stream: No such file or directory (/var/www/html/framework/YiiBase.php:463)
Stack trace:
#0 /var/www/html/framework/YiiBase.php(463): include()
#1 /var/www/html/test_crud/protected/controllers/UserController.php(8): autoload()
#2 /var/www/html/framework/web/actions/CInlineAction.php(49): UserController->actionIndex()
#3 /var/www/html/framework/web/CController.php(308): CInlineAction->runWithParams()
#4 /var/www/html/framework/web/CController.php(286): UserController->runAction()
#5 /var/www/html/framework/web/CController.php(265): UserController->runActionWithFilters()
#6 /var/www/html/framework/web/CWebApplication.php(282): UserController->run()
#7 /var/www/html/framework/web/CWebApplication.php(141): CWebApplication->runController()
#8 /var/www/html/framework/base/CApplication.php(185): CWebApplication->processRequest()
#9 /var/www/html/test_crud/index.php(13): CWebApplication->run()
REQUEST_URI=/test_crud/index.php?r=user
in /var/www/html/test_crud/protected/controllers/UserController.php (8)
in /var/www/html/test_crud/index.php (13)
2025/06/27 17:31:57 [error] [exception.CHttpException.404] CHttpException: Unable to resolve the request "users". in /var/www/html/framework/web/CWebApplication.php:286
Stack trace:
#0 /var/www/html/framework/web/CWebApplication.php(141): CWebApplication->runController('users')
#1 /var/www/html/framework/base/CApplication.php(185): CWebApplication->processRequest()
#2 /var/www/html/test_crud/index.php(13): CApplication->run()
#3 {main}
REQUEST_URI=/test_crud/index.php?r=users
---
2025/06/27 17:32:17 [error] [exception.CHttpException.404] CHttpException: Unable to resolve the request "users". in /var/www/html/framework/web/CWebApplication.php:286
Stack trace:
#0 /var/www/html/framework/web/CWebApplication.php(141): CWebApplication->runController('users')
#1 /var/www/html/framework/base/CApplication.php(185): CWebApplication->processRequest()
#2 /var/www/html/test_crud/index.php(13): CApplication->run()
#3 {main}
REQUEST_URI=/test_crud/index.php?r=users
---
2025/06/27 17:32:22 [error] [exception.CHttpException.404] CHttpException: Unable to resolve the request "usersd". in /var/www/html/framework/web/CWebApplication.php:286
Stack trace:
#0 /var/www/html/framework/web/CWebApplication.php(141): CWebApplication->runController('usersd')
#1 /var/www/html/framework/base/CApplication.php(185): CWebApplication->processRequest()
#2 /var/www/html/test_crud/index.php(13): CApplication->run()
#3 {main}
REQUEST_URI=/test_crud/index.php?r=usersd
---
2025/06/27 17:32:24 [error] [exception.CHttpException.404] CHttpException: Unable to resolve the request "users". in /var/www/html/framework/web/CWebApplication.php:286
Stack trace:
#0 /var/www/html/framework/web/CWebApplication.php(141): CWebApplication->runController('users')
#1 /var/www/html/framework/base/CApplication.php(185): CWebApplication->processRequest()
#2 /var/www/html/test_crud/index.php(13): CApplication->run()
#3 {main}
REQUEST_URI=/test_crud/index.php?r=users
---
2025/06/27 17:33:12 [error] [php] include(User.php): Failed to open stream: No such file or directory (/var/www/html/framework/YiiBase.php:463)
Stack trace:
#0 /var/www/html/framework/YiiBase.php(463): include()
#1 /var/www/html/test_crud/protected/controllers/UsersController.php(8): autoload()
#2 /var/www/html/framework/web/actions/CInlineAction.php(49): UsersController->actionIndex()
#3 /var/www/html/framework/web/CController.php(308): CInlineAction->runWithParams()
#4 /var/www/html/framework/web/CController.php(286): UsersController->runAction()
#5 /var/www/html/framework/web/CController.php(265): UsersController->runActionWithFilters()
#6 /var/www/html/framework/web/CWebApplication.php(282): UsersController->run()
#7 /var/www/html/framework/web/CWebApplication.php(141): CWebApplication->runController()
#8 /var/www/html/framework/base/CApplication.php(185): CWebApplication->processRequest()
#9 /var/www/html/test_crud/index.php(13): CWebApplication->run()
REQUEST_URI=/test_crud/index.php?r=users
in /var/www/html/test_crud/protected/controllers/UsersController.php (8)
in /var/www/html/test_crud/index.php (13)
2025/06/27 17:33:12 [error] [php] include(User.php): Failed to open stream: No such file or directory (/var/www/html/framework/YiiBase.php:463)
Stack trace:
#0 /var/www/html/framework/YiiBase.php(463): include()
#1 /var/www/html/test_crud/protected/controllers/UsersController.php(8): autoload()
#2 /var/www/html/framework/web/actions/CInlineAction.php(49): UsersController->actionIndex()
#3 /var/www/html/framework/web/CController.php(308): CInlineAction->runWithParams()
#4 /var/www/html/framework/web/CController.php(286): UsersController->runAction()
#5 /var/www/html/framework/web/CController.php(265): UsersController->runActionWithFilters()
#6 /var/www/html/framework/web/CWebApplication.php(282): UsersController->run()
#7 /var/www/html/framework/web/CWebApplication.php(141): CWebApplication->runController()
#8 /var/www/html/framework/base/CApplication.php(185): CWebApplication->processRequest()
#9 /var/www/html/test_crud/index.php(13): CWebApplication->run()
REQUEST_URI=/test_crud/index.php?r=users
in /var/www/html/test_crud/protected/controllers/UsersController.php (8)
in /var/www/html/test_crud/index.php (13)
2025/06/27 17:33:23 [error] [php] include(User.php): Failed to open stream: No such file or directory (/var/www/html/framework/YiiBase.php:463)
Stack trace:
#0 /var/www/html/framework/YiiBase.php(463): include()
#1 /var/www/html/test_crud/protected/controllers/UsersController.php(8): autoload()
#2 /var/www/html/framework/web/actions/CInlineAction.php(49): UsersController->actionIndex()
#3 /var/www/html/framework/web/CController.php(308): CInlineAction->runWithParams()
#4 /var/www/html/framework/web/CController.php(286): UsersController->runAction()
#5 /var/www/html/framework/web/CController.php(265): UsersController->runActionWithFilters()
#6 /var/www/html/framework/web/CWebApplication.php(282): UsersController->run()
#7 /var/www/html/framework/web/CWebApplication.php(141): CWebApplication->runController()
#8 /var/www/html/framework/base/CApplication.php(185): CWebApplication->processRequest()
#9 /var/www/html/test_crud/index.php(13): CWebApplication->run()
REQUEST_URI=/test_crud/index.php?r=users
in /var/www/html/test_crud/protected/controllers/UsersController.php (8)
in /var/www/html/test_crud/index.php (13)
2025/06/27 17:33:48 [error] [php] include(User.php): Failed to open stream: No such file or directory (/var/www/html/framework/YiiBase.php:463)
Stack trace:
#0 /var/www/html/framework/YiiBase.php(463): include()
#1 /var/www/html/test_crud/protected/controllers/UsersController.php(8): autoload()
#2 /var/www/html/framework/web/actions/CInlineAction.php(49): UsersController->actionIndex()
#3 /var/www/html/framework/web/CController.php(308): CInlineAction->runWithParams()
#4 /var/www/html/framework/web/CController.php(286): UsersController->runAction()
#5 /var/www/html/framework/web/CController.php(265): UsersController->runActionWithFilters()
#6 /var/www/html/framework/web/CWebApplication.php(282): UsersController->run()
#7 /var/www/html/framework/web/CWebApplication.php(141): CWebApplication->runController()
#8 /var/www/html/framework/base/CApplication.php(185): CWebApplication->processRequest()
#9 /var/www/html/test_crud/index.php(13): CWebApplication->run()
REQUEST_URI=/test_crud/index.php?r=users
in /var/www/html/test_crud/protected/controllers/UsersController.php (8)
in /var/www/html/test_crud/index.php (13)
2025/06/27 17:33:48 [error] [php] include(User.php): Failed to open stream: No such file or directory (/var/www/html/framework/YiiBase.php:463)
Stack trace:
#0 /var/www/html/framework/YiiBase.php(463): include()
#1 /var/www/html/test_crud/protected/controllers/UsersController.php(8): autoload()
#2 /var/www/html/framework/web/actions/CInlineAction.php(49): UsersController->actionIndex()
#3 /var/www/html/framework/web/CController.php(308): CInlineAction->runWithParams()
#4 /var/www/html/framework/web/CController.php(286): UsersController->runAction()
#5 /var/www/html/framework/web/CController.php(265): UsersController->runActionWithFilters()
#6 /var/www/html/framework/web/CWebApplication.php(282): UsersController->run()
#7 /var/www/html/framework/web/CWebApplication.php(141): CWebApplication->runController()
#8 /var/www/html/framework/base/CApplication.php(185): CWebApplication->processRequest()
#9 /var/www/html/test_crud/index.php(13): CWebApplication->run()
REQUEST_URI=/test_crud/index.php?r=users
in /var/www/html/test_crud/protected/controllers/UsersController.php (8)
in /var/www/html/test_crud/index.php (13)
2025/06/27 17:34:00 [error] [php] include(User.php): Failed to open stream: No such file or directory (/var/www/html/framework/YiiBase.php:463)
Stack trace:
#0 /var/www/html/framework/YiiBase.php(463): include()
#1 /var/www/html/test_crud/protected/controllers/UsersController.php(8): autoload()
#2 /var/www/html/framework/web/actions/CInlineAction.php(49): UsersController->actionIndex()
#3 /var/www/html/framework/web/CController.php(308): CInlineAction->runWithParams()
#4 /var/www/html/framework/web/CController.php(286): UsersController->runAction()
#5 /var/www/html/framework/web/CController.php(265): UsersController->runActionWithFilters()
#6 /var/www/html/framework/web/CWebApplication.php(282): UsersController->run()
#7 /var/www/html/framework/web/CWebApplication.php(141): CWebApplication->runController()
#8 /var/www/html/framework/base/CApplication.php(185): CWebApplication->processRequest()
#9 /var/www/html/test_crud/index.php(13): CWebApplication->run()
REQUEST_URI=/test_crud/index.php?r=users
in /var/www/html/test_crud/protected/controllers/UsersController.php (8)
in /var/www/html/test_crud/index.php (13)
2025/06/27 17:34:00 [error] [php] include(User.php): Failed to open stream: No such file or directory (/var/www/html/framework/YiiBase.php:463)
Stack trace:
#0 /var/www/html/framework/YiiBase.php(463): include()
#1 /var/www/html/test_crud/protected/controllers/UsersController.php(8): autoload()
#2 /var/www/html/framework/web/actions/CInlineAction.php(49): UsersController->actionIndex()
#3 /var/www/html/framework/web/CController.php(308): CInlineAction->runWithParams()
#4 /var/www/html/framework/web/CController.php(286): UsersController->runAction()
#5 /var/www/html/framework/web/CController.php(265): UsersController->runActionWithFilters()
#6 /var/www/html/framework/web/CWebApplication.php(282): UsersController->run()
#7 /var/www/html/framework/web/CWebApplication.php(141): CWebApplication->runController()
#8 /var/www/html/framework/base/CApplication.php(185): CWebApplication->processRequest()
#9 /var/www/html/test_crud/index.php(13): CWebApplication->run()
REQUEST_URI=/test_crud/index.php?r=users
in /var/www/html/test_crud/protected/controllers/UsersController.php (8)
in /var/www/html/test_crud/index.php (13)
2025/06/27 17:34:03 [error] [php] include(User.php): Failed to open stream: No such file or directory (/var/www/html/framework/YiiBase.php:463)
Stack trace:
#0 /var/www/html/framework/YiiBase.php(463): include()
#1 /var/www/html/test_crud/protected/controllers/UsersController.php(8): autoload()
#2 /var/www/html/framework/web/actions/CInlineAction.php(49): UsersController->actionIndex()
#3 /var/www/html/framework/web/CController.php(308): CInlineAction->runWithParams()
#4 /var/www/html/framework/web/CController.php(286): UsersController->runAction()
#5 /var/www/html/framework/web/CController.php(265): UsersController->runActionWithFilters()
#6 /var/www/html/framework/web/CWebApplication.php(282): UsersController->run()
#7 /var/www/html/framework/web/CWebApplication.php(141): CWebApplication->runController()
#8 /var/www/html/framework/base/CApplication.php(185): CWebApplication->processRequest()
#9 /var/www/html/test_crud/index.php(13): CWebApplication->run()
REQUEST_URI=/test_crud/index.php?r=users
in /var/www/html/test_crud/protected/controllers/UsersController.php (8)
in /var/www/html/test_crud/index.php (13)
2025/06/27 17:34:13 [error] [php] include(Role.php): Failed to open stream: No such file or directory (/var/www/html/framework/YiiBase.php:463)
Stack trace:
#0 /var/www/html/framework/YiiBase.php(463): include()
#1 /var/www/html/framework/db/ar/CActiveRecord.php(397): autoload()
#2 /var/www/html/framework/db/ar/CActiveFinder.php(182): model()
#3 /var/www/html/framework/db/ar/CActiveFinder.php(231): CActiveFinder->getModel()
#4 /var/www/html/framework/db/ar/CActiveFinder.php(48): CActiveFinder->buildJoinTree()
#5 /var/www/html/framework/db/ar/CActiveRecord.php(915): CActiveFinder->__construct()
#6 /var/www/html/framework/db/ar/CActiveRecord.php(282): Users->getActiveFinder()
#7 /var/www/html/framework/db/ar/CActiveRecord.php(143): Users->getRelated()
#8 /var/www/html/test_crud/protected/views/users/index.php(31): Users->__get()
#9 /var/www/html/framework/web/CBaseController.php(126): require()
#10 /var/www/html/framework/web/CBaseController.php(95): UsersController->renderInternal()
#11 /var/www/html/framework/web/CController.php(872): UsersController->renderFile()
#12 /var/www/html/framework/web/CController.php(785): UsersController->renderPartial()
#13 /var/www/html/test_crud/protected/controllers/UsersController.php(11): UsersController->render()
#14 /var/www/html/framework/web/actions/CInlineAction.php(49): UsersController->actionIndex()
#15 /var/www/html/framework/web/CController.php(308): CInlineAction->runWithParams()
#16 /var/www/html/framework/web/CController.php(286): UsersController->runAction()
#17 /var/www/html/framework/web/CController.php(265): UsersController->runActionWithFilters()
#18 /var/www/html/framework/web/CWebApplication.php(282): UsersController->run()
#19 /var/www/html/framework/web/CWebApplication.php(141): CWebApplication->runController()
#20 /var/www/html/framework/base/CApplication.php(185): CWebApplication->processRequest()
#21 /var/www/html/test_crud/index.php(13): CWebApplication->run()
REQUEST_URI=/test_crud/index.php?r=users
in /var/www/html/test_crud/protected/views/users/index.php (31)
in /var/www/html/test_crud/protected/controllers/UsersController.php (11)
in /var/www/html/test_crud/index.php (13)
2025/06/27 17:34:14 [error] [php] include(Role.php): Failed to open stream: No such file or directory (/var/www/html/framework/YiiBase.php:463)
Stack trace:
#0 /var/www/html/framework/YiiBase.php(463): include()
#1 /var/www/html/framework/db/ar/CActiveRecord.php(397): autoload()
#2 /var/www/html/framework/db/ar/CActiveFinder.php(182): model()
#3 /var/www/html/framework/db/ar/CActiveFinder.php(231): CActiveFinder->getModel()
#4 /var/www/html/framework/db/ar/CActiveFinder.php(48): CActiveFinder->buildJoinTree()
#5 /var/www/html/framework/db/ar/CActiveRecord.php(915): CActiveFinder->__construct()
#6 /var/www/html/framework/db/ar/CActiveRecord.php(282): Users->getActiveFinder()
#7 /var/www/html/framework/db/ar/CActiveRecord.php(143): Users->getRelated()
#8 /var/www/html/test_crud/protected/views/users/index.php(31): Users->__get()
#9 /var/www/html/framework/web/CBaseController.php(126): require()
#10 /var/www/html/framework/web/CBaseController.php(95): UsersController->renderInternal()
#11 /var/www/html/framework/web/CController.php(872): UsersController->renderFile()
#12 /var/www/html/framework/web/CController.php(785): UsersController->renderPartial()
#13 /var/www/html/test_crud/protected/controllers/UsersController.php(11): UsersController->render()
#14 /var/www/html/framework/web/actions/CInlineAction.php(49): UsersController->actionIndex()
#15 /var/www/html/framework/web/CController.php(308): CInlineAction->runWithParams()
#16 /var/www/html/framework/web/CController.php(286): UsersController->runAction()
#17 /var/www/html/framework/web/CController.php(265): UsersController->runActionWithFilters()
#18 /var/www/html/framework/web/CWebApplication.php(282): UsersController->run()
#19 /var/www/html/framework/web/CWebApplication.php(141): CWebApplication->runController()
#20 /var/www/html/framework/base/CApplication.php(185): CWebApplication->processRequest()
#21 /var/www/html/test_crud/index.php(13): CWebApplication->run()
REQUEST_URI=/test_crud/index.php?r=users
in /var/www/html/test_crud/protected/views/users/index.php (31)
in /var/www/html/test_crud/protected/controllers/UsersController.php (11)
in /var/www/html/test_crud/index.php (13)
2025/06/27 17:37:02 [error] [exception.CHttpException.404] CHttpException: Unable to resolve the request "users". in /var/www/html/framework/web/CWebApplication.php:286
Stack trace:
#0 /var/www/html/framework/web/CWebApplication.php(141): CWebApplication->runController('users')
#1 /var/www/html/framework/base/CApplication.php(185): CWebApplication->processRequest()
#2 /var/www/html/test_crud/index.php(13): CApplication->run()
#3 {main}
REQUEST_URI=/test_crud/index.php?r=users
---
2025/06/27 17:37:17 [error] [exception.CException] CException: UserController cannot find the requested view "index". in /var/www/html/framework/web/CController.php:881
Stack trace:
#0 /var/www/html/framework/web/CController.php(785): CController->renderPartial('index', Array, true)
#1 /var/www/html/test_crud/protected/controllers/UserController.php(11): CController->render('index', Array)
#2 /var/www/html/framework/web/actions/CInlineAction.php(49): UserController->actionIndex()
#3 /var/www/html/framework/web/CController.php(308): CInlineAction->runWithParams(Array)
#4 /var/www/html/framework/web/CController.php(286): CController->runAction(Object(CInlineAction))
#5 /var/www/html/framework/web/CController.php(265): CController->runActionWithFilters(Object(CInlineAction), Array)
#6 /var/www/html/framework/web/CWebApplication.php(282): CController->run('')
#7 /var/www/html/framework/web/CWebApplication.php(141): CWebApplication->runController('user')
#8 /var/www/html/framework/base/CApplication.php(185): CWebApplication->processRequest()
#9 /var/www/html/test_crud/index.php(13): CApplication->run()
#10 {main}
REQUEST_URI=/test_crud/index.php?r=user
---
2025/06/27 17:37:34 [error] [php] Undefined variable $users (/var/www/html/test_crud/protected/views/user/index.php:24)
Stack trace:
#0 /var/www/html/framework/web/CBaseController.php(126): require()
#1 /var/www/html/framework/web/CBaseController.php(95): UserController->renderInternal()
#2 /var/www/html/framework/web/CController.php(872): UserController->renderFile()
#3 /var/www/html/framework/web/CController.php(785): UserController->renderPartial()
#4 /var/www/html/test_crud/protected/controllers/UserController.php(11): UserController->render()
#5 /var/www/html/framework/web/actions/CInlineAction.php(49): UserController->actionIndex()
#6 /var/www/html/framework/web/CController.php(308): CInlineAction->runWithParams()
#7 /var/www/html/framework/web/CController.php(286): UserController->runAction()
#8 /var/www/html/framework/web/CController.php(265): UserController->runActionWithFilters()
#9 /var/www/html/framework/web/CWebApplication.php(282): UserController->run()
#10 /var/www/html/framework/web/CWebApplication.php(141): CWebApplication->runController()
#11 /var/www/html/framework/base/CApplication.php(185): CWebApplication->processRequest()
#12 /var/www/html/test_crud/index.php(13): CWebApplication->run()
REQUEST_URI=/test_crud/index.php?r=user
in /var/www/html/test_crud/protected/views/user/index.php (24)
in /var/www/html/test_crud/protected/controllers/UserController.php (11)
in /var/www/html/test_crud/index.php (13)
2025/06/27 17:37:34 [error] [php] Undefined variable $users (/var/www/html/test_crud/protected/views/user/index.php:24)
Stack trace:
#0 /var/www/html/framework/web/CBaseController.php(126): require()
#1 /var/www/html/framework/web/CBaseController.php(95): UserController->renderInternal()
#2 /var/www/html/framework/web/CController.php(872): UserController->renderFile()
#3 /var/www/html/framework/web/CController.php(785): UserController->renderPartial()
#4 /var/www/html/test_crud/protected/controllers/UserController.php(11): UserController->render()
#5 /var/www/html/framework/web/actions/CInlineAction.php(49): UserController->actionIndex()
#6 /var/www/html/framework/web/CController.php(308): CInlineAction->runWithParams()
#7 /var/www/html/framework/web/CController.php(286): UserController->runAction()
#8 /var/www/html/framework/web/CController.php(265): UserController->runActionWithFilters()
#9 /var/www/html/framework/web/CWebApplication.php(282): UserController->run()
#10 /var/www/html/framework/web/CWebApplication.php(141): CWebApplication->runController()
#11 /var/www/html/framework/base/CApplication.php(185): CWebApplication->processRequest()
#12 /var/www/html/test_crud/index.php(13): CWebApplication->run()
REQUEST_URI=/test_crud/index.php?r=user
in /var/www/html/test_crud/protected/views/user/index.php (24)
in /var/www/html/test_crud/protected/controllers/UserController.php (11)
in /var/www/html/test_crud/index.php (13)
2025/06/27 17:37:42 [error] [php] include(Role.php): Failed to open stream: No such file or directory (/var/www/html/framework/YiiBase.php:463)
Stack trace:
#0 /var/www/html/framework/YiiBase.php(463): include()
#1 /var/www/html/framework/db/ar/CActiveRecord.php(397): autoload()
#2 /var/www/html/framework/db/ar/CActiveFinder.php(182): model()
#3 /var/www/html/framework/db/ar/CActiveFinder.php(231): CActiveFinder->getModel()
#4 /var/www/html/framework/db/ar/CActiveFinder.php(48): CActiveFinder->buildJoinTree()
#5 /var/www/html/framework/db/ar/CActiveRecord.php(915): CActiveFinder->__construct()
#6 /var/www/html/framework/db/ar/CActiveRecord.php(282): User->getActiveFinder()
#7 /var/www/html/framework/db/ar/CActiveRecord.php(143): User->getRelated()
#8 /var/www/html/test_crud/protected/views/user/index.php(31): User->__get()
#9 /var/www/html/framework/web/CBaseController.php(126): require()
#10 /var/www/html/framework/web/CBaseController.php(95): UserController->renderInternal()
#11 /var/www/html/framework/web/CController.php(872): UserController->renderFile()
#12 /var/www/html/framework/web/CController.php(785): UserController->renderPartial()
#13 /var/www/html/test_crud/protected/controllers/UserController.php(11): UserController->render()
#14 /var/www/html/framework/web/actions/CInlineAction.php(49): UserController->actionIndex()
#15 /var/www/html/framework/web/CController.php(308): CInlineAction->runWithParams()
#16 /var/www/html/framework/web/CController.php(286): UserController->runAction()
#17 /var/www/html/framework/web/CController.php(265): UserController->runActionWithFilters()
#18 /var/www/html/framework/web/CWebApplication.php(282): UserController->run()
#19 /var/www/html/framework/web/CWebApplication.php(141): CWebApplication->runController()
#20 /var/www/html/framework/base/CApplication.php(185): CWebApplication->processRequest()
#21 /var/www/html/test_crud/index.php(13): CWebApplication->run()
REQUEST_URI=/test_crud/index.php?r=user
in /var/www/html/test_crud/protected/views/user/index.php (31)
in /var/www/html/test_crud/protected/controllers/UserController.php (11)
in /var/www/html/test_crud/index.php (13)
2025/06/27 17:37:43 [error] [php] include(Role.php): Failed to open stream: No such file or directory (/var/www/html/framework/YiiBase.php:463)
Stack trace:
#0 /var/www/html/framework/YiiBase.php(463): include()
#1 /var/www/html/framework/db/ar/CActiveRecord.php(397): autoload()
#2 /var/www/html/framework/db/ar/CActiveFinder.php(182): model()
#3 /var/www/html/framework/db/ar/CActiveFinder.php(231): CActiveFinder->getModel()
#4 /var/www/html/framework/db/ar/CActiveFinder.php(48): CActiveFinder->buildJoinTree()
#5 /var/www/html/framework/db/ar/CActiveRecord.php(915): CActiveFinder->__construct()
#6 /var/www/html/framework/db/ar/CActiveRecord.php(282): User->getActiveFinder()
#7 /var/www/html/framework/db/ar/CActiveRecord.php(143): User->getRelated()
#8 /var/www/html/test_crud/protected/views/user/index.php(31): User->__get()
#9 /var/www/html/framework/web/CBaseController.php(126): require()
#10 /var/www/html/framework/web/CBaseController.php(95): UserController->renderInternal()
#11 /var/www/html/framework/web/CController.php(872): UserController->renderFile()
#12 /var/www/html/framework/web/CController.php(785): UserController->renderPartial()
#13 /var/www/html/test_crud/protected/controllers/UserController.php(11): UserController->render()
#14 /var/www/html/framework/web/actions/CInlineAction.php(49): UserController->actionIndex()
#15 /var/www/html/framework/web/CController.php(308): CInlineAction->runWithParams()
#16 /var/www/html/framework/web/CController.php(286): UserController->runAction()
#17 /var/www/html/framework/web/CController.php(265): UserController->runActionWithFilters()
#18 /var/www/html/framework/web/CWebApplication.php(282): UserController->run()
#19 /var/www/html/framework/web/CWebApplication.php(141): CWebApplication->runController()
#20 /var/www/html/framework/base/CApplication.php(185): CWebApplication->processRequest()
#21 /var/www/html/test_crud/index.php(13): CWebApplication->run()
REQUEST_URI=/test_crud/index.php?r=user
in /var/www/html/test_crud/protected/views/user/index.php (31)
in /var/www/html/test_crud/protected/controllers/UserController.php (11)
in /var/www/html/test_crud/index.php (13)
2025/06/27 17:37:54 [error] [exception.Error] Error: Class "Role" not found in /var/www/html/framework/db/ar/CActiveRecord.php:397
Stack trace:
#0 /var/www/html/framework/db/ar/CActiveFinder.php(182): CActiveRecord::model('Role')
#1 /var/www/html/framework/db/ar/CActiveFinder.php(231): CActiveFinder->getModel('Role')
#2 /var/www/html/framework/db/ar/CActiveFinder.php(48): CActiveFinder->buildJoinTree(Object(CJoinElement), 'role')
#3 /var/www/html/framework/db/ar/CActiveRecord.php(915): CActiveFinder->__construct(Object(User), 'role')
#4 /var/www/html/framework/db/ar/CActiveRecord.php(282): CActiveRecord->getActiveFinder('role')
#5 /var/www/html/framework/db/ar/CActiveRecord.php(143): CActiveRecord->getRelated('role')
#6 /var/www/html/test_crud/protected/views/user/index.php(31): CActiveRecord->__get('role')
#7 /var/www/html/framework/web/CBaseController.php(126): require('/var/www/html/t...')
#8 /var/www/html/framework/web/CBaseController.php(95): CBaseController->renderInternal('/var/www/html/t...', Array, true)
#9 /var/www/html/framework/web/CController.php(872): CBaseController->renderFile('/var/www/html/t...', Array, true)
#10 /var/www/html/framework/web/CController.php(785): CController->renderPartial('index', Array, true)
#11 /var/www/html/test_crud/protected/controllers/UserController.php(11): CController->render('index', Array)
#12 /var/www/html/framework/web/actions/CInlineAction.php(49): UserController->actionIndex()
#13 /var/www/html/framework/web/CController.php(308): CInlineAction->runWithParams(Array)
#14 /var/www/html/framework/web/CController.php(286): CController->runAction(Object(CInlineAction))
#15 /var/www/html/framework/web/CController.php(265): CController->runActionWithFilters(Object(CInlineAction), Array)
#16 /var/www/html/framework/web/CWebApplication.php(282): CController->run('')
#17 /var/www/html/framework/web/CWebApplication.php(141): CWebApplication->runController('user')
#18 /var/www/html/framework/base/CApplication.php(185): CWebApplication->processRequest()
#19 /var/www/html/test_crud/index.php(13): CApplication->run()
#20 {main}
REQUEST_URI=/test_crud/index.php?r=user
---
2025/06/27 17:37:55 [error] [exception.Error] Error: Class "Role" not found in /var/www/html/framework/db/ar/CActiveRecord.php:397
Stack trace:
#0 /var/www/html/framework/db/ar/CActiveFinder.php(182): CActiveRecord::model('Role')
#1 /var/www/html/framework/db/ar/CActiveFinder.php(231): CActiveFinder->getModel('Role')
#2 /var/www/html/framework/db/ar/CActiveFinder.php(48): CActiveFinder->buildJoinTree(Object(CJoinElement), 'role')
#3 /var/www/html/framework/db/ar/CActiveRecord.php(915): CActiveFinder->__construct(Object(User), 'role')
#4 /var/www/html/framework/db/ar/CActiveRecord.php(282): CActiveRecord->getActiveFinder('role')
#5 /var/www/html/framework/db/ar/CActiveRecord.php(143): CActiveRecord->getRelated('role')
#6 /var/www/html/test_crud/protected/views/user/index.php(31): CActiveRecord->__get('role')
#7 /var/www/html/framework/web/CBaseController.php(126): require('/var/www/html/t...')
#8 /var/www/html/framework/web/CBaseController.php(95): CBaseController->renderInternal('/var/www/html/t...', Array, true)
#9 /var/www/html/framework/web/CController.php(872): CBaseController->renderFile('/var/www/html/t...', Array, true)
#10 /var/www/html/framework/web/CController.php(785): CController->renderPartial('index', Array, true)
#11 /var/www/html/test_crud/protected/controllers/UserController.php(11): CController->render('index', Array)
#12 /var/www/html/framework/web/actions/CInlineAction.php(49): UserController->actionIndex()
#13 /var/www/html/framework/web/CController.php(308): CInlineAction->runWithParams(Array)
#14 /var/www/html/framework/web/CController.php(286): CController->runAction(Object(CInlineAction))
#15 /var/www/html/framework/web/CController.php(265): CController->runActionWithFilters(Object(CInlineAction), Array)
#16 /var/www/html/framework/web/CWebApplication.php(282): CController->run('')
#17 /var/www/html/framework/web/CWebApplication.php(141): CWebApplication->runController('user')
#18 /var/www/html/framework/base/CApplication.php(185): CWebApplication->processRequest()
#19 /var/www/html/test_crud/index.php(13): CApplication->run()
#20 {main}
REQUEST_URI=/test_crud/index.php?r=user
---
2025/06/27 18:11:19 [error] [exception.CException] CException: ModelLoader and its behaviors do not have a method or closure named "init". in /var/www/html/framework/base/CComponent.php:264
Stack trace:
#0 /var/www/html/framework/base/CModule.php(394): CComponent->__call('init', Array)
#1 /var/www/html/framework/base/CModule.php(103): CModule->getComponent('modelLoader')
#2 /var/www/html/test_crud/protected/controllers/UserController.php(20): CModule->__get('modelLoader')
#3 [internal function]: UserController->actionView('1')
#4 /var/www/html/framework/web/actions/CAction.php(114): ReflectionMethod->invokeArgs(Object(UserController), Array)
#5 /var/www/html/framework/web/actions/CInlineAction.php(47): CAction->runWithParamsInternal(Object(UserController), Object(ReflectionMethod), Array)
#6 /var/www/html/framework/web/CController.php(308): CInlineAction->runWithParams(Array)
#7 /var/www/html/framework/web/CController.php(286): CController->runAction(Object(CInlineAction))
#8 /var/www/html/framework/web/CController.php(265): CController->runActionWithFilters(Object(CInlineAction), Array)
#9 /var/www/html/framework/web/CWebApplication.php(282): CController->run('view')
#10 /var/www/html/framework/web/CWebApplication.php(141): CWebApplication->runController('user/view')
#11 /var/www/html/framework/base/CApplication.php(185): CWebApplication->processRequest()
#12 /var/www/html/test_crud/index.php(13): CApplication->run()
#13 {main}
REQUEST_URI=/test_crud/index.php?r=user/view&id=1
HTTP_REFERER=http://localhost:8080/test_crud/index.php?r=user
---
2025/06/27 18:12:20 [error] [exception.CException] CException: Property "User.direcciones" is not defined. in /var/www/html/framework/base/CComponent.php:130
Stack trace:
#0 /var/www/html/framework/db/ar/CActiveRecord.php(145): CComponent->__get('direcciones')
#1 /var/www/html/test_crud/protected/views/user/view.php(38): CActiveRecord->__get('direcciones')
#2 /var/www/html/framework/web/CBaseController.php(126): require('/var/www/html/t...')
#3 /var/www/html/framework/web/CBaseController.php(95): CBaseController->renderInternal('/var/www/html/t...', Array, true)
#4 /var/www/html/framework/web/CController.php(872): CBaseController->renderFile('/var/www/html/t...', Array, true)
#5 /var/www/html/framework/web/CController.php(785): CController->renderPartial('view', Array, true)
#6 /var/www/html/test_crud/protected/controllers/UserController.php(23): CController->render('view', Array)
#7 [internal function]: UserController->actionView('1')
#8 /var/www/html/framework/web/actions/CAction.php(114): ReflectionMethod->invokeArgs(Object(UserController), Array)
#9 /var/www/html/framework/web/actions/CInlineAction.php(47): CAction->runWithParamsInternal(Object(UserController), Object(ReflectionMethod), Array)
#10 /var/www/html/framework/web/CController.php(308): CInlineAction->runWithParams(Array)
#11 /var/www/html/framework/web/CController.php(286): CController->runAction(Object(CInlineAction))
#12 /var/www/html/framework/web/CController.php(265): CController->runActionWithFilters(Object(CInlineAction), Array)
#13 /var/www/html/framework/web/CWebApplication.php(282): CController->run('view')
#14 /var/www/html/framework/web/CWebApplication.php(141): CWebApplication->runController('user/view')
#15 /var/www/html/framework/base/CApplication.php(185): CWebApplication->processRequest()
#16 /var/www/html/test_crud/index.php(13): CApplication->run()
#17 {main}
REQUEST_URI=/test_crud/index.php?r=user/view&id=1
HTTP_REFERER=http://localhost:8080/test_crud/index.php?r=user
---
2025/06/27 18:13:09 [error] [exception.CException] CException: Property "User.direccion" is not defined. in /var/www/html/framework/base/CComponent.php:130
Stack trace:
#0 /var/www/html/framework/db/ar/CActiveRecord.php(145): CComponent->__get('direccion')
#1 /var/www/html/test_crud/protected/views/user/view.php(38): CActiveRecord->__get('direccion')
#2 /var/www/html/framework/web/CBaseController.php(126): require('/var/www/html/t...')
#3 /var/www/html/framework/web/CBaseController.php(95): CBaseController->renderInternal('/var/www/html/t...', Array, true)
#4 /var/www/html/framework/web/CController.php(872): CBaseController->renderFile('/var/www/html/t...', Array, true)
#5 /var/www/html/framework/web/CController.php(785): CController->renderPartial('view', Array, true)
#6 /var/www/html/test_crud/protected/controllers/UserController.php(23): CController->render('view', Array)
#7 [internal function]: UserController->actionView('1')
#8 /var/www/html/framework/web/actions/CAction.php(114): ReflectionMethod->invokeArgs(Object(UserController), Array)
#9 /var/www/html/framework/web/actions/CInlineAction.php(47): CAction->runWithParamsInternal(Object(UserController), Object(ReflectionMethod), Array)
#10 /var/www/html/framework/web/CController.php(308): CInlineAction->runWithParams(Array)
#11 /var/www/html/framework/web/CController.php(286): CController->runAction(Object(CInlineAction))
#12 /var/www/html/framework/web/CController.php(265): CController->runActionWithFilters(Object(CInlineAction), Array)
#13 /var/www/html/framework/web/CWebApplication.php(282): CController->run('view')
#14 /var/www/html/framework/web/CWebApplication.php(141): CWebApplication->runController('user/view')
#15 /var/www/html/framework/base/CApplication.php(185): CWebApplication->processRequest()
#16 /var/www/html/test_crud/index.php(13): CApplication->run()
#17 {main}
REQUEST_URI=/test_crud/index.php?r=user/view&id=1
HTTP_REFERER=http://localhost:8080/test_crud/index.php?r=user
---
2025/06/27 18:13:10 [error] [exception.CException] CException: Property "User.direccion" is not defined. in /var/www/html/framework/base/CComponent.php:130
Stack trace:
#0 /var/www/html/framework/db/ar/CActiveRecord.php(145): CComponent->__get('direccion')
#1 /var/www/html/test_crud/protected/views/user/view.php(38): CActiveRecord->__get('direccion')
#2 /var/www/html/framework/web/CBaseController.php(126): require('/var/www/html/t...')
#3 /var/www/html/framework/web/CBaseController.php(95): CBaseController->renderInternal('/var/www/html/t...', Array, true)
#4 /var/www/html/framework/web/CController.php(872): CBaseController->renderFile('/var/www/html/t...', Array, true)
#5 /var/www/html/framework/web/CController.php(785): CController->renderPartial('view', Array, true)
#6 /var/www/html/test_crud/protected/controllers/UserController.php(23): CController->render('view', Array)
#7 [internal function]: UserController->actionView('1')
#8 /var/www/html/framework/web/actions/CAction.php(114): ReflectionMethod->invokeArgs(Object(UserController), Array)
#9 /var/www/html/framework/web/actions/CInlineAction.php(47): CAction->runWithParamsInternal(Object(UserController), Object(ReflectionMethod), Array)
#10 /var/www/html/framework/web/CController.php(308): CInlineAction->runWithParams(Array)
#11 /var/www/html/framework/web/CController.php(286): CController->runAction(Object(CInlineAction))
#12 /var/www/html/framework/web/CController.php(265): CController->runActionWithFilters(Object(CInlineAction), Array)
#13 /var/www/html/framework/web/CWebApplication.php(282): CController->run('view')
#14 /var/www/html/framework/web/CWebApplication.php(141): CWebApplication->runController('user/view')
#15 /var/www/html/framework/base/CApplication.php(185): CWebApplication->processRequest()
#16 /var/www/html/test_crud/index.php(13): CApplication->run()
#17 {main}
REQUEST_URI=/test_crud/index.php?r=user/view&id=1
HTTP_REFERER=http://localhost:8080/test_crud/index.php?r=user
---
2025/06/27 18:14:27 [error] [system.db.CDbCommand] CDbCommand::fetchAll() failed: SQLSTATE[42S22]: Column not found: 1054 Unknown column 'direccion.direccion_id' in 'where clause'. The SQL statement executed was: SELECT `direccion`.`id` AS `t1_c0`, `direccion`.`nombre` AS `t1_c1`, `direccion`.`user_id` AS `t1_c2` FROM `direcciones` `direccion`  WHERE (`direccion`.`direccion_id`=:ypl0).
in /var/www/html/test_crud/protected/views/user/view.php (38)
in /var/www/html/test_crud/protected/controllers/UserController.php (23)
in /var/www/html/test_crud/index.php (13)
2025/06/27 18:14:27 [error] [exception.CDbException] CDbException: CDbCommand failed to execute the SQL statement: SQLSTATE[42S22]: Column not found: 1054 Unknown column 'direccion.direccion_id' in 'where clause'. The SQL statement executed was: SELECT `direccion`.`id` AS `t1_c0`, `direccion`.`nombre` AS `t1_c1`, `direccion`.`user_id` AS `t1_c2` FROM `direcciones` `direccion`  WHERE (`direccion`.`direccion_id`=:ypl0) in /var/www/html/framework/db/CDbCommand.php:543
Stack trace:
#0 /var/www/html/framework/db/CDbCommand.php(396): CDbCommand->queryInternal('fetchAll', Array, Array)
#1 /var/www/html/framework/db/ar/CActiveFinder.php(810): CDbCommand->queryAll()
#2 /var/www/html/framework/db/ar/CActiveFinder.php(510): CJoinElement->runQuery(Object(CJoinQuery))
#3 /var/www/html/framework/db/ar/CActiveFinder.php(163): CJoinElement->lazyFind(Object(User))
#4 /var/www/html/framework/db/ar/CActiveRecord.php(283): CActiveFinder->lazyFind(Object(User))
#5 /var/www/html/framework/db/ar/CActiveRecord.php(143): CActiveRecord->getRelated('direccion')
#6 /var/www/html/test_crud/protected/views/user/view.php(38): CActiveRecord->__get('direccion')
#7 /var/www/html/framework/web/CBaseController.php(126): require('/var/www/html/t...')
#8 /var/www/html/framework/web/CBaseController.php(95): CBaseController->renderInternal('/var/www/html/t...', Array, true)
#9 /var/www/html/framework/web/CController.php(872): CBaseController->renderFile('/var/www/html/t...', Array, true)
#10 /var/www/html/framework/web/CController.php(785): CController->renderPartial('view', Array, true)
#11 /var/www/html/test_crud/protected/controllers/UserController.php(23): CController->render('view', Array)
#12 [internal function]: UserController->actionView('1')
#13 /var/www/html/framework/web/actions/CAction.php(114): ReflectionMethod->invokeArgs(Object(UserController), Array)
#14 /var/www/html/framework/web/actions/CInlineAction.php(47): CAction->runWithParamsInternal(Object(UserController), Object(ReflectionMethod), Array)
#15 /var/www/html/framework/web/CController.php(308): CInlineAction->runWithParams(Array)
#16 /var/www/html/framework/web/CController.php(286): CController->runAction(Object(CInlineAction))
#17 /var/www/html/framework/web/CController.php(265): CController->runActionWithFilters(Object(CInlineAction), Array)
#18 /var/www/html/framework/web/CWebApplication.php(282): CController->run('view')
#19 /var/www/html/framework/web/CWebApplication.php(141): CWebApplication->runController('user/view')
#20 /var/www/html/framework/base/CApplication.php(185): CWebApplication->processRequest()
#21 /var/www/html/test_crud/index.php(13): CApplication->run()
#22 {main}
REQUEST_URI=/test_crud/index.php?r=user/view&id=1
HTTP_REFERER=http://localhost:8080/test_crud/index.php?r=user
---
2025/06/27 18:18:24 [error] [exception.CException] CException: User and its behaviors do not have a method or closure named "hasOne". in /var/www/html/framework/base/CComponent.php:264
Stack trace:
#0 /var/www/html/framework/db/ar/CActiveRecord.php(229): CComponent->__call('hasOne', Array)
#1 /var/www/html/test_crud/protected/models/User.php(66): CActiveRecord->__call('hasOne', Array)
#2 /var/www/html/test_crud/protected/views/user/view.php(38): User->direccion()
#3 /var/www/html/framework/web/CBaseController.php(126): require('/var/www/html/t...')
#4 /var/www/html/framework/web/CBaseController.php(95): CBaseController->renderInternal('/var/www/html/t...', Array, true)
#5 /var/www/html/framework/web/CController.php(872): CBaseController->renderFile('/var/www/html/t...', Array, true)
#6 /var/www/html/framework/web/CController.php(785): CController->renderPartial('view', Array, true)
#7 /var/www/html/test_crud/protected/controllers/UserController.php(23): CController->render('view', Array)
#8 [internal function]: UserController->actionView('1')
#9 /var/www/html/framework/web/actions/CAction.php(114): ReflectionMethod->invokeArgs(Object(UserController), Array)
#10 /var/www/html/framework/web/actions/CInlineAction.php(47): CAction->runWithParamsInternal(Object(UserController), Object(ReflectionMethod), Array)
#11 /var/www/html/framework/web/CController.php(308): CInlineAction->runWithParams(Array)
#12 /var/www/html/framework/web/CController.php(286): CController->runAction(Object(CInlineAction))
#13 /var/www/html/framework/web/CController.php(265): CController->runActionWithFilters(Object(CInlineAction), Array)
#14 /var/www/html/framework/web/CWebApplication.php(282): CController->run('view')
#15 /var/www/html/framework/web/CWebApplication.php(141): CWebApplication->runController('user/view')
#16 /var/www/html/framework/base/CApplication.php(185): CWebApplication->processRequest()
#17 /var/www/html/test_crud/index.php(13): CApplication->run()
#18 {main}
REQUEST_URI=/test_crud/index.php?r=user/view&id=1
HTTP_REFERER=http://localhost:8080/test_crud/index.php?r=user
---
2025/06/27 18:35:24 [error] [exception.CException] CException: Property "User.activo" is not defined. in /var/www/html/framework/base/CComponent.php:130
Stack trace:
#0 /var/www/html/framework/db/ar/CActiveRecord.php(145): CComponent->__get('activo')
#1 /var/www/html/framework/web/helpers/CHtml.php(2784): CActiveRecord->__get('activo')
#2 /var/www/html/framework/web/helpers/CHtml.php(1947): CHtml::resolveValue(Object(User), 'activo')
#3 /var/www/html/framework/web/widgets/CActiveForm.php(899): CHtml::activeCheckBox(Object(User), 'activo', Array)
#4 /var/www/html/test_crud/protected/views/user/create.php(56): CActiveForm->checkBox(Object(User), 'activo')
#5 /var/www/html/framework/web/CBaseController.php(126): require('/var/www/html/t...')
#6 /var/www/html/framework/web/CBaseController.php(95): CBaseController->renderInternal('/var/www/html/t...', Array, true)
#7 /var/www/html/framework/web/CController.php(872): CBaseController->renderFile('/var/www/html/t...', Array, true)
#8 /var/www/html/framework/web/CController.php(785): CController->renderPartial('create', Array, true)
#9 /var/www/html/test_crud/protected/controllers/UserController.php(58): CController->render('create', Array)
#10 /var/www/html/framework/web/actions/CInlineAction.php(49): UserController->actionCreate()
#11 /var/www/html/framework/web/CController.php(308): CInlineAction->runWithParams(Array)
#12 /var/www/html/framework/web/CController.php(286): CController->runAction(Object(CInlineAction))
#13 /var/www/html/framework/web/CController.php(265): CController->runActionWithFilters(Object(CInlineAction), Array)
#14 /var/www/html/framework/web/CWebApplication.php(282): CController->run('create')
#15 /var/www/html/framework/web/CWebApplication.php(141): CWebApplication->runController('user/create')
#16 /var/www/html/framework/base/CApplication.php(185): CWebApplication->processRequest()
#17 /var/www/html/test_crud/index.php(13): CApplication->run()
#18 {main}
REQUEST_URI=/test_crud/index.php?r=user/create
HTTP_REFERER=http://localhost:8080/test_crud/index.php?r=user/index
---
2025/06/27 19:16:27 [warning] [application] Failed to set unsafe attribute "tags" of "User".
in /var/www/html/test_crud/protected/controllers/UserController.php (34)
in /var/www/html/test_crud/index.php (13)
2025/06/27 19:16:34 [warning] [application] Failed to set unsafe attribute "tags" of "User".
in /var/www/html/test_crud/protected/controllers/UserController.php (34)
in /var/www/html/test_crud/index.php (13)
2025/06/27 19:22:36 [error] [exception.Error] Error: Cannot use a scalar value as an array in /var/www/html/framework/web/helpers/CHtml.php:439
Stack trace:
#0 /var/www/html/test_crud/protected/views/user/view.php(9): CHtml::link(5, Array, 5)
#1 /var/www/html/framework/web/CBaseController.php(126): require('/var/www/html/t...')
#2 /var/www/html/framework/web/CBaseController.php(95): CBaseController->renderInternal('/var/www/html/t...', Array, true)
#3 /var/www/html/framework/web/CController.php(872): CBaseController->renderFile('/var/www/html/t...', Array, true)
#4 /var/www/html/framework/web/CController.php(785): CController->renderPartial('view', Array, true)
#5 /var/www/html/test_crud/protected/controllers/UserController.php(23): CController->render('view', Array)
#6 [internal function]: UserController->actionView('5')
#7 /var/www/html/framework/web/actions/CAction.php(114): ReflectionMethod->invokeArgs(Object(UserController), Array)
#8 /var/www/html/framework/web/actions/CInlineAction.php(47): CAction->runWithParamsInternal(Object(UserController), Object(ReflectionMethod), Array)
#9 /var/www/html/framework/web/CController.php(308): CInlineAction->runWithParams(Array)
#10 /var/www/html/framework/web/CController.php(286): CController->runAction(Object(CInlineAction))
#11 /var/www/html/framework/web/CController.php(265): CController->runActionWithFilters(Object(CInlineAction), Array)
#12 /var/www/html/framework/web/CWebApplication.php(282): CController->run('view')
#13 /var/www/html/framework/web/CWebApplication.php(141): CWebApplication->runController('user/view')
#14 /var/www/html/framework/base/CApplication.php(185): CWebApplication->processRequest()
#15 /var/www/html/test_crud/index.php(13): CApplication->run()
#16 {main}
REQUEST_URI=/test_crud/index.php?r=user/view&id=5
HTTP_REFERER=http://localhost:8080/test_crud/index.php?r=user/create
---
2025/06/27 19:22:37 [error] [exception.Error] Error: Cannot use a scalar value as an array in /var/www/html/framework/web/helpers/CHtml.php:439
Stack trace:
#0 /var/www/html/test_crud/protected/views/user/view.php(9): CHtml::link(5, Array, 5)
#1 /var/www/html/framework/web/CBaseController.php(126): require('/var/www/html/t...')
#2 /var/www/html/framework/web/CBaseController.php(95): CBaseController->renderInternal('/var/www/html/t...', Array, true)
#3 /var/www/html/framework/web/CController.php(872): CBaseController->renderFile('/var/www/html/t...', Array, true)
#4 /var/www/html/framework/web/CController.php(785): CController->renderPartial('view', Array, true)
#5 /var/www/html/test_crud/protected/controllers/UserController.php(23): CController->render('view', Array)
#6 [internal function]: UserController->actionView('5')
#7 /var/www/html/framework/web/actions/CAction.php(114): ReflectionMethod->invokeArgs(Object(UserController), Array)
#8 /var/www/html/framework/web/actions/CInlineAction.php(47): CAction->runWithParamsInternal(Object(UserController), Object(ReflectionMethod), Array)
#9 /var/www/html/framework/web/CController.php(308): CInlineAction->runWithParams(Array)
#10 /var/www/html/framework/web/CController.php(286): CController->runAction(Object(CInlineAction))
#11 /var/www/html/framework/web/CController.php(265): CController->runActionWithFilters(Object(CInlineAction), Array)
#12 /var/www/html/framework/web/CWebApplication.php(282): CController->run('view')
#13 /var/www/html/framework/web/CWebApplication.php(141): CWebApplication->runController('user/view')
#14 /var/www/html/framework/base/CApplication.php(185): CWebApplication->processRequest()
#15 /var/www/html/test_crud/index.php(13): CApplication->run()
#16 {main}
REQUEST_URI=/test_crud/index.php?r=user/view&id=5
HTTP_REFERER=http://localhost:8080/test_crud/index.php?r=user/create
---
2025/06/27 19:23:02 [error] [exception.Error] Error: Cannot use a scalar value as an array in /var/www/html/framework/web/helpers/CHtml.php:439
Stack trace:
#0 /var/www/html/test_crud/protected/views/user/view.php(9): CHtml::link(5, Array, 5)
#1 /var/www/html/framework/web/CBaseController.php(126): require('/var/www/html/t...')
#2 /var/www/html/framework/web/CBaseController.php(95): CBaseController->renderInternal('/var/www/html/t...', Array, true)
#3 /var/www/html/framework/web/CController.php(872): CBaseController->renderFile('/var/www/html/t...', Array, true)
#4 /var/www/html/framework/web/CController.php(785): CController->renderPartial('view', Array, true)
#5 /var/www/html/test_crud/protected/controllers/UserController.php(23): CController->render('view', Array)
#6 [internal function]: UserController->actionView('5')
#7 /var/www/html/framework/web/actions/CAction.php(114): ReflectionMethod->invokeArgs(Object(UserController), Array)
#8 /var/www/html/framework/web/actions/CInlineAction.php(47): CAction->runWithParamsInternal(Object(UserController), Object(ReflectionMethod), Array)
#9 /var/www/html/framework/web/CController.php(308): CInlineAction->runWithParams(Array)
#10 /var/www/html/framework/web/CController.php(286): CController->runAction(Object(CInlineAction))
#11 /var/www/html/framework/web/CController.php(265): CController->runActionWithFilters(Object(CInlineAction), Array)
#12 /var/www/html/framework/web/CWebApplication.php(282): CController->run('view')
#13 /var/www/html/framework/web/CWebApplication.php(141): CWebApplication->runController('user/view')
#14 /var/www/html/framework/base/CApplication.php(185): CWebApplication->processRequest()
#15 /var/www/html/test_crud/index.php(13): CApplication->run()
#16 {main}
REQUEST_URI=/test_crud/index.php?r=user/view&id=5
HTTP_REFERER=http://localhost:8080/test_crud/index.php?r=user/create
---
2025/06/27 19:23:03 [error] [exception.Error] Error: Cannot use a scalar value as an array in /var/www/html/framework/web/helpers/CHtml.php:439
Stack trace:
#0 /var/www/html/test_crud/protected/views/user/view.php(9): CHtml::link(5, Array, 5)
#1 /var/www/html/framework/web/CBaseController.php(126): require('/var/www/html/t...')
#2 /var/www/html/framework/web/CBaseController.php(95): CBaseController->renderInternal('/var/www/html/t...', Array, true)
#3 /var/www/html/framework/web/CController.php(872): CBaseController->renderFile('/var/www/html/t...', Array, true)
#4 /var/www/html/framework/web/CController.php(785): CController->renderPartial('view', Array, true)
#5 /var/www/html/test_crud/protected/controllers/UserController.php(23): CController->render('view', Array)
#6 [internal function]: UserController->actionView('5')
#7 /var/www/html/framework/web/actions/CAction.php(114): ReflectionMethod->invokeArgs(Object(UserController), Array)
#8 /var/www/html/framework/web/actions/CInlineAction.php(47): CAction->runWithParamsInternal(Object(UserController), Object(ReflectionMethod), Array)
#9 /var/www/html/framework/web/CController.php(308): CInlineAction->runWithParams(Array)
#10 /var/www/html/framework/web/CController.php(286): CController->runAction(Object(CInlineAction))
#11 /var/www/html/framework/web/CController.php(265): CController->runActionWithFilters(Object(CInlineAction), Array)
#12 /var/www/html/framework/web/CWebApplication.php(282): CController->run('view')
#13 /var/www/html/framework/web/CWebApplication.php(141): CWebApplication->runController('user/view')
#14 /var/www/html/framework/base/CApplication.php(185): CWebApplication->processRequest()
#15 /var/www/html/test_crud/index.php(13): CApplication->run()
#16 {main}
REQUEST_URI=/test_crud/index.php?r=user/view&id=5
HTTP_REFERER=http://localhost:8080/test_crud/index.php?r=user/create
---
2025/06/27 19:27:22 [warning] [application] Failed to set unsafe attribute "tags" of "User".
in /var/www/html/test_crud/protected/controllers/UserController.php (34)
in /var/www/html/test_crud/index.php (13)
2025/06/27 19:27:29 [warning] [application] Failed to set unsafe attribute "tags" of "User".
in /var/www/html/test_crud/protected/controllers/UserController.php (34)
in /var/www/html/test_crud/index.php (13)
2025/06/27 19:27:37 [warning] [application] Failed to set unsafe attribute "tags" of "User".
in /var/www/html/test_crud/protected/controllers/UserController.php (34)
in /var/www/html/test_crud/index.php (13)
2025/06/27 19:32:23 [warning] [application] Failed to set unsafe attribute "tags" of "User".
in /var/www/html/test_crud/protected/controllers/UserController.php (34)
in /var/www/html/test_crud/index.php (13)
2025/06/27 19:33:01 [error] [exception.CException] CException: UserController cannot find the requested view "update". in /var/www/html/framework/web/CController.php:881
Stack trace:
#0 /var/www/html/framework/web/CController.php(785): CController->renderPartial('update', Array, true)
#1 /var/www/html/test_crud/protected/controllers/UserController.php(107): CController->render('update', Array)
#2 [internal function]: UserController->actionUpdate('1')
#3 /var/www/html/framework/web/actions/CAction.php(114): ReflectionMethod->invokeArgs(Object(UserController), Array)
#4 /var/www/html/framework/web/actions/CInlineAction.php(47): CAction->runWithParamsInternal(Object(UserController), Object(ReflectionMethod), Array)
#5 /var/www/html/framework/web/CController.php(308): CInlineAction->runWithParams(Array)
#6 /var/www/html/framework/web/CController.php(286): CController->runAction(Object(CInlineAction))
#7 /var/www/html/framework/web/CController.php(265): CController->runActionWithFilters(Object(CInlineAction), Array)
#8 /var/www/html/framework/web/CWebApplication.php(282): CController->run('update')
#9 /var/www/html/framework/web/CWebApplication.php(141): CWebApplication->runController('user/update')
#10 /var/www/html/framework/base/CApplication.php(185): CWebApplication->processRequest()
#11 /var/www/html/test_crud/index.php(13): CApplication->run()
#12 {main}
REQUEST_URI=/test_crud/index.php?r=user/update&id=1
HTTP_REFERER=http://localhost:8080/test_crud/index.php?r=user/index
---
2025/06/27 19:34:10 [error] [exception.CException] CException: Property "User.activo" is not defined. in /var/www/html/framework/base/CComponent.php:130
Stack trace:
#0 /var/www/html/framework/db/ar/CActiveRecord.php(145): CComponent->__get('activo')
#1 /var/www/html/framework/web/helpers/CHtml.php(2784): CActiveRecord->__get('activo')
#2 /var/www/html/framework/web/helpers/CHtml.php(1947): CHtml::resolveValue(Object(User), 'activo')
#3 /var/www/html/framework/web/widgets/CActiveForm.php(899): CHtml::activeCheckBox(Object(User), 'activo', Array)
#4 /var/www/html/test_crud/protected/views/user/update.php(57): CActiveForm->checkBox(Object(User), 'activo')
#5 /var/www/html/framework/web/CBaseController.php(126): require('/var/www/html/t...')
#6 /var/www/html/framework/web/CBaseController.php(95): CBaseController->renderInternal('/var/www/html/t...', Array, true)
#7 /var/www/html/framework/web/CController.php(872): CBaseController->renderFile('/var/www/html/t...', Array, true)
#8 /var/www/html/framework/web/CController.php(785): CController->renderPartial('update', Array, true)
#9 /var/www/html/test_crud/protected/controllers/UserController.php(107): CController->render('update', Array)
#10 [internal function]: UserController->actionUpdate('1')
#11 /var/www/html/framework/web/actions/CAction.php(114): ReflectionMethod->invokeArgs(Object(UserController), Array)
#12 /var/www/html/framework/web/actions/CInlineAction.php(47): CAction->runWithParamsInternal(Object(UserController), Object(ReflectionMethod), Array)
#13 /var/www/html/framework/web/CController.php(308): CInlineAction->runWithParams(Array)
#14 /var/www/html/framework/web/CController.php(286): CController->runAction(Object(CInlineAction))
#15 /var/www/html/framework/web/CController.php(265): CController->runActionWithFilters(Object(CInlineAction), Array)
#16 /var/www/html/framework/web/CWebApplication.php(282): CController->run('update')
#17 /var/www/html/framework/web/CWebApplication.php(141): CWebApplication->runController('user/update')
#18 /var/www/html/framework/base/CApplication.php(185): CWebApplication->processRequest()
#19 /var/www/html/test_crud/index.php(13): CApplication->run()
#20 {main}
REQUEST_URI=/test_crud/index.php?r=user/update&id=1
HTTP_REFERER=http://localhost:8080/test_crud/index.php?r=user/index
---
2025/06/27 19:34:28 [error] [php] Object of class Tag could not be converted to int (/var/www/html/framework/web/helpers/CHtml.php:1171)
Stack trace:
#0 /var/www/html/framework/web/helpers/CHtml.php(1171): in_array()
#1 /var/www/html/framework/web/helpers/CHtml.php(2138): checkBoxList()
#2 /var/www/html/framework/web/widgets/CActiveForm.php(947): activeCheckBoxList()
#3 /var/www/html/test_crud/protected/views/user/update.php(78): CActiveForm->checkBoxList()
#4 /var/www/html/framework/web/CBaseController.php(126): require()
#5 /var/www/html/framework/web/CBaseController.php(95): UserController->renderInternal()
#6 /var/www/html/framework/web/CController.php(872): UserController->renderFile()
#7 /var/www/html/framework/web/CController.php(785): UserController->renderPartial()
#8 /var/www/html/test_crud/protected/controllers/UserController.php(107): UserController->render()
#9 unknown(0): UserController->actionUpdate()
#10 /var/www/html/framework/web/actions/CAction.php(114): ReflectionMethod->invokeArgs()
#11 /var/www/html/framework/web/actions/CInlineAction.php(47): CInlineAction->runWithParamsInternal()
#12 /var/www/html/framework/web/CController.php(308): CInlineAction->runWithParams()
#13 /var/www/html/framework/web/CController.php(286): UserController->runAction()
#14 /var/www/html/framework/web/CController.php(265): UserController->runActionWithFilters()
#15 /var/www/html/framework/web/CWebApplication.php(282): UserController->run()
#16 /var/www/html/framework/web/CWebApplication.php(141): CWebApplication->runController()
#17 /var/www/html/framework/base/CApplication.php(185): CWebApplication->processRequest()
#18 /var/www/html/test_crud/index.php(13): CWebApplication->run()
REQUEST_URI=/test_crud/index.php?r=user/update&id=1
in /var/www/html/test_crud/protected/views/user/update.php (78)
in /var/www/html/test_crud/protected/controllers/UserController.php (107)
in /var/www/html/test_crud/index.php (13)
2025/06/27 19:34:55 [error] [php] Object of class Tag could not be converted to int (/var/www/html/framework/web/helpers/CHtml.php:1171)
Stack trace:
#0 /var/www/html/framework/web/helpers/CHtml.php(1171): in_array()
#1 /var/www/html/framework/web/helpers/CHtml.php(2138): checkBoxList()
#2 /var/www/html/framework/web/widgets/CActiveForm.php(947): activeCheckBoxList()
#3 /var/www/html/test_crud/protected/views/user/update.php(74): CActiveForm->checkBoxList()
#4 /var/www/html/framework/web/CBaseController.php(126): require()
#5 /var/www/html/framework/web/CBaseController.php(95): UserController->renderInternal()
#6 /var/www/html/framework/web/CController.php(872): UserController->renderFile()
#7 /var/www/html/framework/web/CController.php(785): UserController->renderPartial()
#8 /var/www/html/test_crud/protected/controllers/UserController.php(107): UserController->render()
#9 unknown(0): UserController->actionUpdate()
#10 /var/www/html/framework/web/actions/CAction.php(114): ReflectionMethod->invokeArgs()
#11 /var/www/html/framework/web/actions/CInlineAction.php(47): CInlineAction->runWithParamsInternal()
#12 /var/www/html/framework/web/CController.php(308): CInlineAction->runWithParams()
#13 /var/www/html/framework/web/CController.php(286): UserController->runAction()
#14 /var/www/html/framework/web/CController.php(265): UserController->runActionWithFilters()
#15 /var/www/html/framework/web/CWebApplication.php(282): UserController->run()
#16 /var/www/html/framework/web/CWebApplication.php(141): CWebApplication->runController()
#17 /var/www/html/framework/base/CApplication.php(185): CWebApplication->processRequest()
#18 /var/www/html/test_crud/index.php(13): CWebApplication->run()
REQUEST_URI=/test_crud/index.php?r=user/update&id=1
in /var/www/html/test_crud/protected/views/user/update.php (74)
in /var/www/html/test_crud/protected/controllers/UserController.php (107)
in /var/www/html/test_crud/index.php (13)
2025/06/27 19:34:56 [error] [php] Object of class Tag could not be converted to int (/var/www/html/framework/web/helpers/CHtml.php:1171)
Stack trace:
#0 /var/www/html/framework/web/helpers/CHtml.php(1171): in_array()
#1 /var/www/html/framework/web/helpers/CHtml.php(2138): checkBoxList()
#2 /var/www/html/framework/web/widgets/CActiveForm.php(947): activeCheckBoxList()
#3 /var/www/html/test_crud/protected/views/user/update.php(74): CActiveForm->checkBoxList()
#4 /var/www/html/framework/web/CBaseController.php(126): require()
#5 /var/www/html/framework/web/CBaseController.php(95): UserController->renderInternal()
#6 /var/www/html/framework/web/CController.php(872): UserController->renderFile()
#7 /var/www/html/framework/web/CController.php(785): UserController->renderPartial()
#8 /var/www/html/test_crud/protected/controllers/UserController.php(107): UserController->render()
#9 unknown(0): UserController->actionUpdate()
#10 /var/www/html/framework/web/actions/CAction.php(114): ReflectionMethod->invokeArgs()
#11 /var/www/html/framework/web/actions/CInlineAction.php(47): CInlineAction->runWithParamsInternal()
#12 /var/www/html/framework/web/CController.php(308): CInlineAction->runWithParams()
#13 /var/www/html/framework/web/CController.php(286): UserController->runAction()
#14 /var/www/html/framework/web/CController.php(265): UserController->runActionWithFilters()
#15 /var/www/html/framework/web/CWebApplication.php(282): UserController->run()
#16 /var/www/html/framework/web/CWebApplication.php(141): CWebApplication->runController()
#17 /var/www/html/framework/base/CApplication.php(185): CWebApplication->processRequest()
#18 /var/www/html/test_crud/index.php(13): CWebApplication->run()
REQUEST_URI=/test_crud/index.php?r=user/update&id=1
in /var/www/html/test_crud/protected/views/user/update.php (74)
in /var/www/html/test_crud/protected/controllers/UserController.php (107)
in /var/www/html/test_crud/index.php (13)
2025/06/27 19:35:24 [error] [php] Object of class Tag could not be converted to int (/var/www/html/framework/web/helpers/CHtml.php:1171)
Stack trace:
#0 /var/www/html/framework/web/helpers/CHtml.php(1171): in_array()
#1 /var/www/html/framework/web/helpers/CHtml.php(2138): checkBoxList()
#2 /var/www/html/framework/web/widgets/CActiveForm.php(947): activeCheckBoxList()
#3 /var/www/html/test_crud/protected/views/user/update.php(78): CActiveForm->checkBoxList()
#4 /var/www/html/framework/web/CBaseController.php(126): require()
#5 /var/www/html/framework/web/CBaseController.php(95): UserController->renderInternal()
#6 /var/www/html/framework/web/CController.php(872): UserController->renderFile()
#7 /var/www/html/framework/web/CController.php(785): UserController->renderPartial()
#8 /var/www/html/test_crud/protected/controllers/UserController.php(107): UserController->render()
#9 unknown(0): UserController->actionUpdate()
#10 /var/www/html/framework/web/actions/CAction.php(114): ReflectionMethod->invokeArgs()
#11 /var/www/html/framework/web/actions/CInlineAction.php(47): CInlineAction->runWithParamsInternal()
#12 /var/www/html/framework/web/CController.php(308): CInlineAction->runWithParams()
#13 /var/www/html/framework/web/CController.php(286): UserController->runAction()
#14 /var/www/html/framework/web/CController.php(265): UserController->runActionWithFilters()
#15 /var/www/html/framework/web/CWebApplication.php(282): UserController->run()
#16 /var/www/html/framework/web/CWebApplication.php(141): CWebApplication->runController()
#17 /var/www/html/framework/base/CApplication.php(185): CWebApplication->processRequest()
#18 /var/www/html/test_crud/index.php(13): CWebApplication->run()
REQUEST_URI=/test_crud/index.php?r=user/update&id=4
in /var/www/html/test_crud/protected/views/user/update.php (78)
in /var/www/html/test_crud/protected/controllers/UserController.php (107)
in /var/www/html/test_crud/index.php (13)
2025/06/27 19:37:09 [error] [php] Object of class Tag could not be converted to int (/var/www/html/framework/web/helpers/CHtml.php:1171)
Stack trace:
#0 /var/www/html/framework/web/helpers/CHtml.php(1171): in_array()
#1 /var/www/html/framework/web/helpers/CHtml.php(2138): checkBoxList()
#2 /var/www/html/framework/web/widgets/CActiveForm.php(947): activeCheckBoxList()
#3 /var/www/html/test_crud/protected/views/user/update.php(78): CActiveForm->checkBoxList()
#4 /var/www/html/framework/web/CBaseController.php(126): require()
#5 /var/www/html/framework/web/CBaseController.php(95): UserController->renderInternal()
#6 /var/www/html/framework/web/CController.php(872): UserController->renderFile()
#7 /var/www/html/framework/web/CController.php(785): UserController->renderPartial()
#8 /var/www/html/test_crud/protected/controllers/UserController.php(107): UserController->render()
#9 unknown(0): UserController->actionUpdate()
#10 /var/www/html/framework/web/actions/CAction.php(114): ReflectionMethod->invokeArgs()
#11 /var/www/html/framework/web/actions/CInlineAction.php(47): CInlineAction->runWithParamsInternal()
#12 /var/www/html/framework/web/CController.php(308): CInlineAction->runWithParams()
#13 /var/www/html/framework/web/CController.php(286): UserController->runAction()
#14 /var/www/html/framework/web/CController.php(265): UserController->runActionWithFilters()
#15 /var/www/html/framework/web/CWebApplication.php(282): UserController->run()
#16 /var/www/html/framework/web/CWebApplication.php(141): CWebApplication->runController()
#17 /var/www/html/framework/base/CApplication.php(185): CWebApplication->processRequest()
#18 /var/www/html/test_crud/index.php(13): CWebApplication->run()
REQUEST_URI=/test_crud/index.php?r=user/update&id=4
in /var/www/html/test_crud/protected/views/user/update.php (78)
in /var/www/html/test_crud/protected/controllers/UserController.php (107)
in /var/www/html/test_crud/index.php (13)
2025/06/27 19:38:41 [error] [php] Object of class Tag could not be converted to int (/var/www/html/framework/web/helpers/CHtml.php:1171)
Stack trace:
#0 /var/www/html/framework/web/helpers/CHtml.php(1171): in_array()
#1 /var/www/html/framework/web/helpers/CHtml.php(2138): checkBoxList()
#2 /var/www/html/framework/web/widgets/CActiveForm.php(947): activeCheckBoxList()
#3 /var/www/html/test_crud/protected/views/user/update.php(78): CActiveForm->checkBoxList()
#4 /var/www/html/framework/web/CBaseController.php(126): require()
#5 /var/www/html/framework/web/CBaseController.php(95): UserController->renderInternal()
#6 /var/www/html/framework/web/CController.php(872): UserController->renderFile()
#7 /var/www/html/framework/web/CController.php(785): UserController->renderPartial()
#8 /var/www/html/test_crud/protected/controllers/UserController.php(107): UserController->render()
#9 unknown(0): UserController->actionUpdate()
#10 /var/www/html/framework/web/actions/CAction.php(114): ReflectionMethod->invokeArgs()
#11 /var/www/html/framework/web/actions/CInlineAction.php(47): CInlineAction->runWithParamsInternal()
#12 /var/www/html/framework/web/CController.php(308): CInlineAction->runWithParams()
#13 /var/www/html/framework/web/CController.php(286): UserController->runAction()
#14 /var/www/html/framework/web/CController.php(265): UserController->runActionWithFilters()
#15 /var/www/html/framework/web/CWebApplication.php(282): UserController->run()
#16 /var/www/html/framework/web/CWebApplication.php(141): CWebApplication->runController()
#17 /var/www/html/framework/base/CApplication.php(185): CWebApplication->processRequest()
#18 /var/www/html/test_crud/index.php(13): CWebApplication->run()
REQUEST_URI=/test_crud/index.php?r=user/update&id=4
in /var/www/html/test_crud/protected/views/user/update.php (78)
in /var/www/html/test_crud/protected/controllers/UserController.php (107)
in /var/www/html/test_crud/index.php (13)
2025/06/27 19:41:12 [error] [php] Object of class Tag could not be converted to int (/var/www/html/framework/web/helpers/CHtml.php:1171)
Stack trace:
#0 /var/www/html/framework/web/helpers/CHtml.php(1171): in_array()
#1 /var/www/html/framework/web/helpers/CHtml.php(2138): checkBoxList()
#2 /var/www/html/framework/web/widgets/CActiveForm.php(947): activeCheckBoxList()
#3 /var/www/html/test_crud/protected/views/user/update.php(78): CActiveForm->checkBoxList()
#4 /var/www/html/framework/web/CBaseController.php(126): require()
#5 /var/www/html/framework/web/CBaseController.php(95): UserController->renderInternal()
#6 /var/www/html/framework/web/CController.php(872): UserController->renderFile()
#7 /var/www/html/framework/web/CController.php(785): UserController->renderPartial()
#8 /var/www/html/test_crud/protected/controllers/UserController.php(107): UserController->render()
#9 unknown(0): UserController->actionUpdate()
#10 /var/www/html/framework/web/actions/CAction.php(114): ReflectionMethod->invokeArgs()
#11 /var/www/html/framework/web/actions/CInlineAction.php(47): CInlineAction->runWithParamsInternal()
#12 /var/www/html/framework/web/CController.php(308): CInlineAction->runWithParams()
#13 /var/www/html/framework/web/CController.php(286): UserController->runAction()
#14 /var/www/html/framework/web/CController.php(265): UserController->runActionWithFilters()
#15 /var/www/html/framework/web/CWebApplication.php(282): UserController->run()
#16 /var/www/html/framework/web/CWebApplication.php(141): CWebApplication->runController()
#17 /var/www/html/framework/base/CApplication.php(185): CWebApplication->processRequest()
#18 /var/www/html/test_crud/index.php(13): CWebApplication->run()
REQUEST_URI=/test_crud/index.php?r=user/update&id=5
in /var/www/html/test_crud/protected/views/user/update.php (78)
in /var/www/html/test_crud/protected/controllers/UserController.php (107)
in /var/www/html/test_crud/index.php (13)
2025/06/27 19:41:15 [error] [php] Object of class Tag could not be converted to int (/var/www/html/framework/web/helpers/CHtml.php:1171)
Stack trace:
#0 /var/www/html/framework/web/helpers/CHtml.php(1171): in_array()
#1 /var/www/html/framework/web/helpers/CHtml.php(2138): checkBoxList()
#2 /var/www/html/framework/web/widgets/CActiveForm.php(947): activeCheckBoxList()
#3 /var/www/html/test_crud/protected/views/user/update.php(78): CActiveForm->checkBoxList()
#4 /var/www/html/framework/web/CBaseController.php(126): require()
#5 /var/www/html/framework/web/CBaseController.php(95): UserController->renderInternal()
#6 /var/www/html/framework/web/CController.php(872): UserController->renderFile()
#7 /var/www/html/framework/web/CController.php(785): UserController->renderPartial()
#8 /var/www/html/test_crud/protected/controllers/UserController.php(107): UserController->render()
#9 unknown(0): UserController->actionUpdate()
#10 /var/www/html/framework/web/actions/CAction.php(114): ReflectionMethod->invokeArgs()
#11 /var/www/html/framework/web/actions/CInlineAction.php(47): CInlineAction->runWithParamsInternal()
#12 /var/www/html/framework/web/CController.php(308): CInlineAction->runWithParams()
#13 /var/www/html/framework/web/CController.php(286): UserController->runAction()
#14 /var/www/html/framework/web/CController.php(265): UserController->runActionWithFilters()
#15 /var/www/html/framework/web/CWebApplication.php(282): UserController->run()
#16 /var/www/html/framework/web/CWebApplication.php(141): CWebApplication->runController()
#17 /var/www/html/framework/base/CApplication.php(185): CWebApplication->processRequest()
#18 /var/www/html/test_crud/index.php(13): CWebApplication->run()
REQUEST_URI=/test_crud/index.php?r=user/update&id=1
in /var/www/html/test_crud/protected/views/user/update.php (78)
in /var/www/html/test_crud/protected/controllers/UserController.php (107)
in /var/www/html/test_crud/index.php (13)
2025/06/27 19:44:11 [error] [exception.CException] CException: UserController and its behaviors do not have a method or closure named "loadModel". in /var/www/html/framework/base/CComponent.php:264
Stack trace:
#0 /var/www/html/test_crud/protected/controllers/UserController.php(65): CComponent->__call('loadModel', Array)
#1 [internal function]: UserController->actionUpdate('1')
#2 /var/www/html/framework/web/actions/CAction.php(114): ReflectionMethod->invokeArgs(Object(UserController), Array)
#3 /var/www/html/framework/web/actions/CInlineAction.php(47): CAction->runWithParamsInternal(Object(UserController), Object(ReflectionMethod), Array)
#4 /var/www/html/framework/web/CController.php(308): CInlineAction->runWithParams(Array)
#5 /var/www/html/framework/web/CController.php(286): CController->runAction(Object(CInlineAction))
#6 /var/www/html/framework/web/CController.php(265): CController->runActionWithFilters(Object(CInlineAction), Array)
#7 /var/www/html/framework/web/CWebApplication.php(282): CController->run('update')
#8 /var/www/html/framework/web/CWebApplication.php(141): CWebApplication->runController('user/update')
#9 /var/www/html/framework/base/CApplication.php(185): CWebApplication->processRequest()
#10 /var/www/html/test_crud/index.php(13): CApplication->run()
#11 {main}
REQUEST_URI=/test_crud/index.php?r=user/update&id=1
HTTP_REFERER=http://localhost:8080/test_crud/index.php?r=user/index
---
2025/06/27 19:44:33 [error] [php] Object of class Tag could not be converted to int (/var/www/html/framework/web/helpers/CHtml.php:1171)
Stack trace:
#0 /var/www/html/framework/web/helpers/CHtml.php(1171): in_array()
#1 /var/www/html/framework/web/helpers/CHtml.php(2138): checkBoxList()
#2 /var/www/html/framework/web/widgets/CActiveForm.php(947): activeCheckBoxList()
#3 /var/www/html/test_crud/protected/views/user/update.php(80): CActiveForm->checkBoxList()
#4 /var/www/html/framework/web/CBaseController.php(126): require()
#5 /var/www/html/framework/web/CBaseController.php(95): UserController->renderInternal()
#6 /var/www/html/framework/web/CController.php(872): UserController->renderFile()
#7 /var/www/html/framework/web/CController.php(785): UserController->renderPartial()
#8 /var/www/html/test_crud/protected/controllers/UserController.php(110): UserController->render()
#9 unknown(0): UserController->actionUpdate()
#10 /var/www/html/framework/web/actions/CAction.php(114): ReflectionMethod->invokeArgs()
#11 /var/www/html/framework/web/actions/CInlineAction.php(47): CInlineAction->runWithParamsInternal()
#12 /var/www/html/framework/web/CController.php(308): CInlineAction->runWithParams()
#13 /var/www/html/framework/web/CController.php(286): UserController->runAction()
#14 /var/www/html/framework/web/CController.php(265): UserController->runActionWithFilters()
#15 /var/www/html/framework/web/CWebApplication.php(282): UserController->run()
#16 /var/www/html/framework/web/CWebApplication.php(141): CWebApplication->runController()
#17 /var/www/html/framework/base/CApplication.php(185): CWebApplication->processRequest()
#18 /var/www/html/test_crud/index.php(13): CWebApplication->run()
REQUEST_URI=/test_crud/index.php?r=user/update&id=1
in /var/www/html/test_crud/protected/views/user/update.php (80)
in /var/www/html/test_crud/protected/controllers/UserController.php (110)
in /var/www/html/test_crud/index.php (13)
2025/06/27 19:48:41 [error] [php] Object of class Tag could not be converted to int (/var/www/html/framework/web/helpers/CHtml.php:1171)
Stack trace:
#0 /var/www/html/framework/web/helpers/CHtml.php(1171): in_array()
#1 /var/www/html/framework/web/helpers/CHtml.php(2138): checkBoxList()
#2 /var/www/html/framework/web/widgets/CActiveForm.php(947): activeCheckBoxList()
#3 /var/www/html/test_crud/protected/views/user/update.php(78): CActiveForm->checkBoxList()
#4 /var/www/html/framework/web/CBaseController.php(126): require()
#5 /var/www/html/framework/web/CBaseController.php(95): UserController->renderInternal()
#6 /var/www/html/framework/web/CController.php(872): UserController->renderFile()
#7 /var/www/html/framework/web/CController.php(785): UserController->renderPartial()
#8 /var/www/html/test_crud/protected/controllers/UserController.php(110): UserController->render()
#9 unknown(0): UserController->actionUpdate()
#10 /var/www/html/framework/web/actions/CAction.php(114): ReflectionMethod->invokeArgs()
#11 /var/www/html/framework/web/actions/CInlineAction.php(47): CInlineAction->runWithParamsInternal()
#12 /var/www/html/framework/web/CController.php(308): CInlineAction->runWithParams()
#13 /var/www/html/framework/web/CController.php(286): UserController->runAction()
#14 /var/www/html/framework/web/CController.php(265): UserController->runActionWithFilters()
#15 /var/www/html/framework/web/CWebApplication.php(282): UserController->run()
#16 /var/www/html/framework/web/CWebApplication.php(141): CWebApplication->runController()
#17 /var/www/html/framework/base/CApplication.php(185): CWebApplication->processRequest()
#18 /var/www/html/test_crud/index.php(13): CWebApplication->run()
REQUEST_URI=/test_crud/index.php?r=user/update&id=1
in /var/www/html/test_crud/protected/views/user/update.php (78)
in /var/www/html/test_crud/protected/controllers/UserController.php (110)
in /var/www/html/test_crud/index.php (13)
2025/06/27 19:49:02 [error] [php] Object of class Tag could not be converted to int (/var/www/html/framework/web/helpers/CHtml.php:1171)
Stack trace:
#0 /var/www/html/framework/web/helpers/CHtml.php(1171): in_array()
#1 /var/www/html/framework/web/helpers/CHtml.php(2138): checkBoxList()
#2 /var/www/html/framework/web/widgets/CActiveForm.php(947): activeCheckBoxList()
#3 /var/www/html/test_crud/protected/views/user/update.php(78): CActiveForm->checkBoxList()
#4 /var/www/html/framework/web/CBaseController.php(126): require()
#5 /var/www/html/framework/web/CBaseController.php(95): UserController->renderInternal()
#6 /var/www/html/framework/web/CController.php(872): UserController->renderFile()
#7 /var/www/html/framework/web/CController.php(785): UserController->renderPartial()
#8 /var/www/html/test_crud/protected/controllers/UserController.php(110): UserController->render()
#9 unknown(0): UserController->actionUpdate()
#10 /var/www/html/framework/web/actions/CAction.php(114): ReflectionMethod->invokeArgs()
#11 /var/www/html/framework/web/actions/CInlineAction.php(47): CInlineAction->runWithParamsInternal()
#12 /var/www/html/framework/web/CController.php(308): CInlineAction->runWithParams()
#13 /var/www/html/framework/web/CController.php(286): UserController->runAction()
#14 /var/www/html/framework/web/CController.php(265): UserController->runActionWithFilters()
#15 /var/www/html/framework/web/CWebApplication.php(282): UserController->run()
#16 /var/www/html/framework/web/CWebApplication.php(141): CWebApplication->runController()
#17 /var/www/html/framework/base/CApplication.php(185): CWebApplication->processRequest()
#18 /var/www/html/test_crud/index.php(13): CWebApplication->run()
REQUEST_URI=/test_crud/index.php?r=user/update&id=1
in /var/www/html/test_crud/protected/views/user/update.php (78)
in /var/www/html/test_crud/protected/controllers/UserController.php (110)
in /var/www/html/test_crud/index.php (13)
2025/06/27 19:49:02 [error] [php] Object of class Tag could not be converted to int (/var/www/html/framework/web/helpers/CHtml.php:1171)
Stack trace:
#0 /var/www/html/framework/web/helpers/CHtml.php(1171): in_array()
#1 /var/www/html/framework/web/helpers/CHtml.php(2138): checkBoxList()
#2 /var/www/html/framework/web/widgets/CActiveForm.php(947): activeCheckBoxList()
#3 /var/www/html/test_crud/protected/views/user/update.php(78): CActiveForm->checkBoxList()
#4 /var/www/html/framework/web/CBaseController.php(126): require()
#5 /var/www/html/framework/web/CBaseController.php(95): UserController->renderInternal()
#6 /var/www/html/framework/web/CController.php(872): UserController->renderFile()
#7 /var/www/html/framework/web/CController.php(785): UserController->renderPartial()
#8 /var/www/html/test_crud/protected/controllers/UserController.php(110): UserController->render()
#9 unknown(0): UserController->actionUpdate()
#10 /var/www/html/framework/web/actions/CAction.php(114): ReflectionMethod->invokeArgs()
#11 /var/www/html/framework/web/actions/CInlineAction.php(47): CInlineAction->runWithParamsInternal()
#12 /var/www/html/framework/web/CController.php(308): CInlineAction->runWithParams()
#13 /var/www/html/framework/web/CController.php(286): UserController->runAction()
#14 /var/www/html/framework/web/CController.php(265): UserController->runActionWithFilters()
#15 /var/www/html/framework/web/CWebApplication.php(282): UserController->run()
#16 /var/www/html/framework/web/CWebApplication.php(141): CWebApplication->runController()
#17 /var/www/html/framework/base/CApplication.php(185): CWebApplication->processRequest()
#18 /var/www/html/test_crud/index.php(13): CWebApplication->run()
REQUEST_URI=/test_crud/index.php?r=user/update&id=1
in /var/www/html/test_crud/protected/views/user/update.php (78)
in /var/www/html/test_crud/protected/controllers/UserController.php (110)
in /var/www/html/test_crud/index.php (13)
2025/06/27 19:49:03 [error] [php] Object of class Tag could not be converted to int (/var/www/html/framework/web/helpers/CHtml.php:1171)
Stack trace:
#0 /var/www/html/framework/web/helpers/CHtml.php(1171): in_array()
#1 /var/www/html/framework/web/helpers/CHtml.php(2138): checkBoxList()
#2 /var/www/html/framework/web/widgets/CActiveForm.php(947): activeCheckBoxList()
#3 /var/www/html/test_crud/protected/views/user/update.php(78): CActiveForm->checkBoxList()
#4 /var/www/html/framework/web/CBaseController.php(126): require()
#5 /var/www/html/framework/web/CBaseController.php(95): UserController->renderInternal()
#6 /var/www/html/framework/web/CController.php(872): UserController->renderFile()
#7 /var/www/html/framework/web/CController.php(785): UserController->renderPartial()
#8 /var/www/html/test_crud/protected/controllers/UserController.php(110): UserController->render()
#9 unknown(0): UserController->actionUpdate()
#10 /var/www/html/framework/web/actions/CAction.php(114): ReflectionMethod->invokeArgs()
#11 /var/www/html/framework/web/actions/CInlineAction.php(47): CInlineAction->runWithParamsInternal()
#12 /var/www/html/framework/web/CController.php(308): CInlineAction->runWithParams()
#13 /var/www/html/framework/web/CController.php(286): UserController->runAction()
#14 /var/www/html/framework/web/CController.php(265): UserController->runActionWithFilters()
#15 /var/www/html/framework/web/CWebApplication.php(282): UserController->run()
#16 /var/www/html/framework/web/CWebApplication.php(141): CWebApplication->runController()
#17 /var/www/html/framework/base/CApplication.php(185): CWebApplication->processRequest()
#18 /var/www/html/test_crud/index.php(13): CWebApplication->run()
REQUEST_URI=/test_crud/index.php?r=user/update&id=1
in /var/www/html/test_crud/protected/views/user/update.php (78)
in /var/www/html/test_crud/protected/controllers/UserController.php (110)
in /var/www/html/test_crud/index.php (13)
2025/06/27 19:49:18 [error] [php] Object of class Tag could not be converted to int (/var/www/html/framework/web/helpers/CHtml.php:1171)
Stack trace:
#0 /var/www/html/framework/web/helpers/CHtml.php(1171): in_array()
#1 /var/www/html/framework/web/helpers/CHtml.php(2138): checkBoxList()
#2 /var/www/html/framework/web/widgets/CActiveForm.php(947): activeCheckBoxList()
#3 /var/www/html/test_crud/protected/views/user/update.php(78): CActiveForm->checkBoxList()
#4 /var/www/html/framework/web/CBaseController.php(126): require()
#5 /var/www/html/framework/web/CBaseController.php(95): UserController->renderInternal()
#6 /var/www/html/framework/web/CController.php(872): UserController->renderFile()
#7 /var/www/html/framework/web/CController.php(785): UserController->renderPartial()
#8 /var/www/html/test_crud/protected/controllers/UserController.php(110): UserController->render()
#9 unknown(0): UserController->actionUpdate()
#10 /var/www/html/framework/web/actions/CAction.php(114): ReflectionMethod->invokeArgs()
#11 /var/www/html/framework/web/actions/CInlineAction.php(47): CInlineAction->runWithParamsInternal()
#12 /var/www/html/framework/web/CController.php(308): CInlineAction->runWithParams()
#13 /var/www/html/framework/web/CController.php(286): UserController->runAction()
#14 /var/www/html/framework/web/CController.php(265): UserController->runActionWithFilters()
#15 /var/www/html/framework/web/CWebApplication.php(282): UserController->run()
#16 /var/www/html/framework/web/CWebApplication.php(141): CWebApplication->runController()
#17 /var/www/html/framework/base/CApplication.php(185): CWebApplication->processRequest()
#18 /var/www/html/test_crud/index.php(13): CWebApplication->run()
REQUEST_URI=/test_crud/index.php?r=user/update&id=1
in /var/www/html/test_crud/protected/views/user/update.php (78)
in /var/www/html/test_crud/protected/controllers/UserController.php (110)
in /var/www/html/test_crud/index.php (13)
2025/06/27 19:49:18 [error] [php] Object of class Tag could not be converted to int (/var/www/html/framework/web/helpers/CHtml.php:1171)
Stack trace:
#0 /var/www/html/framework/web/helpers/CHtml.php(1171): in_array()
#1 /var/www/html/framework/web/helpers/CHtml.php(2138): checkBoxList()
#2 /var/www/html/framework/web/widgets/CActiveForm.php(947): activeCheckBoxList()
#3 /var/www/html/test_crud/protected/views/user/update.php(78): CActiveForm->checkBoxList()
#4 /var/www/html/framework/web/CBaseController.php(126): require()
#5 /var/www/html/framework/web/CBaseController.php(95): UserController->renderInternal()
#6 /var/www/html/framework/web/CController.php(872): UserController->renderFile()
#7 /var/www/html/framework/web/CController.php(785): UserController->renderPartial()
#8 /var/www/html/test_crud/protected/controllers/UserController.php(110): UserController->render()
#9 unknown(0): UserController->actionUpdate()
#10 /var/www/html/framework/web/actions/CAction.php(114): ReflectionMethod->invokeArgs()
#11 /var/www/html/framework/web/actions/CInlineAction.php(47): CInlineAction->runWithParamsInternal()
#12 /var/www/html/framework/web/CController.php(308): CInlineAction->runWithParams()
#13 /var/www/html/framework/web/CController.php(286): UserController->runAction()
#14 /var/www/html/framework/web/CController.php(265): UserController->runActionWithFilters()
#15 /var/www/html/framework/web/CWebApplication.php(282): UserController->run()
#16 /var/www/html/framework/web/CWebApplication.php(141): CWebApplication->runController()
#17 /var/www/html/framework/base/CApplication.php(185): CWebApplication->processRequest()
#18 /var/www/html/test_crud/index.php(13): CWebApplication->run()
REQUEST_URI=/test_crud/index.php?r=user/update&id=1
in /var/www/html/test_crud/protected/views/user/update.php (78)
in /var/www/html/test_crud/protected/controllers/UserController.php (110)
in /var/www/html/test_crud/index.php (13)
2025/06/27 19:49:26 [error] [php] Object of class Tag could not be converted to int (/var/www/html/framework/web/helpers/CHtml.php:1171)
Stack trace:
#0 /var/www/html/framework/web/helpers/CHtml.php(1171): in_array()
#1 /var/www/html/framework/web/helpers/CHtml.php(2138): checkBoxList()
#2 /var/www/html/framework/web/widgets/CActiveForm.php(947): activeCheckBoxList()
#3 /var/www/html/test_crud/protected/views/user/update.php(78): CActiveForm->checkBoxList()
#4 /var/www/html/framework/web/CBaseController.php(126): require()
#5 /var/www/html/framework/web/CBaseController.php(95): UserController->renderInternal()
#6 /var/www/html/framework/web/CController.php(872): UserController->renderFile()
#7 /var/www/html/framework/web/CController.php(785): UserController->renderPartial()
#8 /var/www/html/test_crud/protected/controllers/UserController.php(110): UserController->render()
#9 unknown(0): UserController->actionUpdate()
#10 /var/www/html/framework/web/actions/CAction.php(114): ReflectionMethod->invokeArgs()
#11 /var/www/html/framework/web/actions/CInlineAction.php(47): CInlineAction->runWithParamsInternal()
#12 /var/www/html/framework/web/CController.php(308): CInlineAction->runWithParams()
#13 /var/www/html/framework/web/CController.php(286): UserController->runAction()
#14 /var/www/html/framework/web/CController.php(265): UserController->runActionWithFilters()
#15 /var/www/html/framework/web/CWebApplication.php(282): UserController->run()
#16 /var/www/html/framework/web/CWebApplication.php(141): CWebApplication->runController()
#17 /var/www/html/framework/base/CApplication.php(185): CWebApplication->processRequest()
#18 /var/www/html/test_crud/index.php(13): CWebApplication->run()
REQUEST_URI=/test_crud/index.php?r=user/update&id=1
in /var/www/html/test_crud/protected/views/user/update.php (78)
in /var/www/html/test_crud/protected/controllers/UserController.php (110)
in /var/www/html/test_crud/index.php (13)
2025/06/27 19:49:27 [error] [php] Object of class Tag could not be converted to int (/var/www/html/framework/web/helpers/CHtml.php:1171)
Stack trace:
#0 /var/www/html/framework/web/helpers/CHtml.php(1171): in_array()
#1 /var/www/html/framework/web/helpers/CHtml.php(2138): checkBoxList()
#2 /var/www/html/framework/web/widgets/CActiveForm.php(947): activeCheckBoxList()
#3 /var/www/html/test_crud/protected/views/user/update.php(78): CActiveForm->checkBoxList()
#4 /var/www/html/framework/web/CBaseController.php(126): require()
#5 /var/www/html/framework/web/CBaseController.php(95): UserController->renderInternal()
#6 /var/www/html/framework/web/CController.php(872): UserController->renderFile()
#7 /var/www/html/framework/web/CController.php(785): UserController->renderPartial()
#8 /var/www/html/test_crud/protected/controllers/UserController.php(110): UserController->render()
#9 unknown(0): UserController->actionUpdate()
#10 /var/www/html/framework/web/actions/CAction.php(114): ReflectionMethod->invokeArgs()
#11 /var/www/html/framework/web/actions/CInlineAction.php(47): CInlineAction->runWithParamsInternal()
#12 /var/www/html/framework/web/CController.php(308): CInlineAction->runWithParams()
#13 /var/www/html/framework/web/CController.php(286): UserController->runAction()
#14 /var/www/html/framework/web/CController.php(265): UserController->runActionWithFilters()
#15 /var/www/html/framework/web/CWebApplication.php(282): UserController->run()
#16 /var/www/html/framework/web/CWebApplication.php(141): CWebApplication->runController()
#17 /var/www/html/framework/base/CApplication.php(185): CWebApplication->processRequest()
#18 /var/www/html/test_crud/index.php(13): CWebApplication->run()
REQUEST_URI=/test_crud/index.php?r=user/update&id=1
in /var/www/html/test_crud/protected/views/user/update.php (78)
in /var/www/html/test_crud/protected/controllers/UserController.php (110)
in /var/www/html/test_crud/index.php (13)
2025/06/27 19:49:27 [error] [php] Object of class Tag could not be converted to int (/var/www/html/framework/web/helpers/CHtml.php:1171)
Stack trace:
#0 /var/www/html/framework/web/helpers/CHtml.php(1171): in_array()
#1 /var/www/html/framework/web/helpers/CHtml.php(2138): checkBoxList()
#2 /var/www/html/framework/web/widgets/CActiveForm.php(947): activeCheckBoxList()
#3 /var/www/html/test_crud/protected/views/user/update.php(78): CActiveForm->checkBoxList()
#4 /var/www/html/framework/web/CBaseController.php(126): require()
#5 /var/www/html/framework/web/CBaseController.php(95): UserController->renderInternal()
#6 /var/www/html/framework/web/CController.php(872): UserController->renderFile()
#7 /var/www/html/framework/web/CController.php(785): UserController->renderPartial()
#8 /var/www/html/test_crud/protected/controllers/UserController.php(110): UserController->render()
#9 unknown(0): UserController->actionUpdate()
#10 /var/www/html/framework/web/actions/CAction.php(114): ReflectionMethod->invokeArgs()
#11 /var/www/html/framework/web/actions/CInlineAction.php(47): CInlineAction->runWithParamsInternal()
#12 /var/www/html/framework/web/CController.php(308): CInlineAction->runWithParams()
#13 /var/www/html/framework/web/CController.php(286): UserController->runAction()
#14 /var/www/html/framework/web/CController.php(265): UserController->runActionWithFilters()
#15 /var/www/html/framework/web/CWebApplication.php(282): UserController->run()
#16 /var/www/html/framework/web/CWebApplication.php(141): CWebApplication->runController()
#17 /var/www/html/framework/base/CApplication.php(185): CWebApplication->processRequest()
#18 /var/www/html/test_crud/index.php(13): CWebApplication->run()
REQUEST_URI=/test_crud/index.php?r=user/update&id=1
in /var/www/html/test_crud/protected/views/user/update.php (78)
in /var/www/html/test_crud/protected/controllers/UserController.php (110)
in /var/www/html/test_crud/index.php (13)
2025/06/27 19:49:27 [error] [php] Object of class Tag could not be converted to int (/var/www/html/framework/web/helpers/CHtml.php:1171)
Stack trace:
#0 /var/www/html/framework/web/helpers/CHtml.php(1171): in_array()
#1 /var/www/html/framework/web/helpers/CHtml.php(2138): checkBoxList()
#2 /var/www/html/framework/web/widgets/CActiveForm.php(947): activeCheckBoxList()
#3 /var/www/html/test_crud/protected/views/user/update.php(78): CActiveForm->checkBoxList()
#4 /var/www/html/framework/web/CBaseController.php(126): require()
#5 /var/www/html/framework/web/CBaseController.php(95): UserController->renderInternal()
#6 /var/www/html/framework/web/CController.php(872): UserController->renderFile()
#7 /var/www/html/framework/web/CController.php(785): UserController->renderPartial()
#8 /var/www/html/test_crud/protected/controllers/UserController.php(110): UserController->render()
#9 unknown(0): UserController->actionUpdate()
#10 /var/www/html/framework/web/actions/CAction.php(114): ReflectionMethod->invokeArgs()
#11 /var/www/html/framework/web/actions/CInlineAction.php(47): CInlineAction->runWithParamsInternal()
#12 /var/www/html/framework/web/CController.php(308): CInlineAction->runWithParams()
#13 /var/www/html/framework/web/CController.php(286): UserController->runAction()
#14 /var/www/html/framework/web/CController.php(265): UserController->runActionWithFilters()
#15 /var/www/html/framework/web/CWebApplication.php(282): UserController->run()
#16 /var/www/html/framework/web/CWebApplication.php(141): CWebApplication->runController()
#17 /var/www/html/framework/base/CApplication.php(185): CWebApplication->processRequest()
#18 /var/www/html/test_crud/index.php(13): CWebApplication->run()
REQUEST_URI=/test_crud/index.php?r=user/update&id=1
in /var/www/html/test_crud/protected/views/user/update.php (78)
in /var/www/html/test_crud/protected/controllers/UserController.php (110)
in /var/www/html/test_crud/index.php (13)
2025/06/27 19:49:28 [error] [php] Object of class Tag could not be converted to int (/var/www/html/framework/web/helpers/CHtml.php:1171)
Stack trace:
#0 /var/www/html/framework/web/helpers/CHtml.php(1171): in_array()
#1 /var/www/html/framework/web/helpers/CHtml.php(2138): checkBoxList()
#2 /var/www/html/framework/web/widgets/CActiveForm.php(947): activeCheckBoxList()
#3 /var/www/html/test_crud/protected/views/user/update.php(78): CActiveForm->checkBoxList()
#4 /var/www/html/framework/web/CBaseController.php(126): require()
#5 /var/www/html/framework/web/CBaseController.php(95): UserController->renderInternal()
#6 /var/www/html/framework/web/CController.php(872): UserController->renderFile()
#7 /var/www/html/framework/web/CController.php(785): UserController->renderPartial()
#8 /var/www/html/test_crud/protected/controllers/UserController.php(110): UserController->render()
#9 unknown(0): UserController->actionUpdate()
#10 /var/www/html/framework/web/actions/CAction.php(114): ReflectionMethod->invokeArgs()
#11 /var/www/html/framework/web/actions/CInlineAction.php(47): CInlineAction->runWithParamsInternal()
#12 /var/www/html/framework/web/CController.php(308): CInlineAction->runWithParams()
#13 /var/www/html/framework/web/CController.php(286): UserController->runAction()
#14 /var/www/html/framework/web/CController.php(265): UserController->runActionWithFilters()
#15 /var/www/html/framework/web/CWebApplication.php(282): UserController->run()
#16 /var/www/html/framework/web/CWebApplication.php(141): CWebApplication->runController()
#17 /var/www/html/framework/base/CApplication.php(185): CWebApplication->processRequest()
#18 /var/www/html/test_crud/index.php(13): CWebApplication->run()
REQUEST_URI=/test_crud/index.php?r=user/update&id=1
in /var/www/html/test_crud/protected/views/user/update.php (78)
in /var/www/html/test_crud/protected/controllers/UserController.php (110)
in /var/www/html/test_crud/index.php (13)
2025/06/27 19:49:28 [error] [php] Object of class Tag could not be converted to int (/var/www/html/framework/web/helpers/CHtml.php:1171)
Stack trace:
#0 /var/www/html/framework/web/helpers/CHtml.php(1171): in_array()
#1 /var/www/html/framework/web/helpers/CHtml.php(2138): checkBoxList()
#2 /var/www/html/framework/web/widgets/CActiveForm.php(947): activeCheckBoxList()
#3 /var/www/html/test_crud/protected/views/user/update.php(78): CActiveForm->checkBoxList()
#4 /var/www/html/framework/web/CBaseController.php(126): require()
#5 /var/www/html/framework/web/CBaseController.php(95): UserController->renderInternal()
#6 /var/www/html/framework/web/CController.php(872): UserController->renderFile()
#7 /var/www/html/framework/web/CController.php(785): UserController->renderPartial()
#8 /var/www/html/test_crud/protected/controllers/UserController.php(110): UserController->render()
#9 unknown(0): UserController->actionUpdate()
#10 /var/www/html/framework/web/actions/CAction.php(114): ReflectionMethod->invokeArgs()
#11 /var/www/html/framework/web/actions/CInlineAction.php(47): CInlineAction->runWithParamsInternal()
#12 /var/www/html/framework/web/CController.php(308): CInlineAction->runWithParams()
#13 /var/www/html/framework/web/CController.php(286): UserController->runAction()
#14 /var/www/html/framework/web/CController.php(265): UserController->runActionWithFilters()
#15 /var/www/html/framework/web/CWebApplication.php(282): UserController->run()
#16 /var/www/html/framework/web/CWebApplication.php(141): CWebApplication->runController()
#17 /var/www/html/framework/base/CApplication.php(185): CWebApplication->processRequest()
#18 /var/www/html/test_crud/index.php(13): CWebApplication->run()
REQUEST_URI=/test_crud/index.php?r=user/update&id=1
in /var/www/html/test_crud/protected/views/user/update.php (78)
in /var/www/html/test_crud/protected/controllers/UserController.php (110)
in /var/www/html/test_crud/index.php (13)
2025/06/27 19:49:28 [error] [php] Object of class Tag could not be converted to int (/var/www/html/framework/web/helpers/CHtml.php:1171)
Stack trace:
#0 /var/www/html/framework/web/helpers/CHtml.php(1171): in_array()
#1 /var/www/html/framework/web/helpers/CHtml.php(2138): checkBoxList()
#2 /var/www/html/framework/web/widgets/CActiveForm.php(947): activeCheckBoxList()
#3 /var/www/html/test_crud/protected/views/user/update.php(78): CActiveForm->checkBoxList()
#4 /var/www/html/framework/web/CBaseController.php(126): require()
#5 /var/www/html/framework/web/CBaseController.php(95): UserController->renderInternal()
#6 /var/www/html/framework/web/CController.php(872): UserController->renderFile()
#7 /var/www/html/framework/web/CController.php(785): UserController->renderPartial()
#8 /var/www/html/test_crud/protected/controllers/UserController.php(110): UserController->render()
#9 unknown(0): UserController->actionUpdate()
#10 /var/www/html/framework/web/actions/CAction.php(114): ReflectionMethod->invokeArgs()
#11 /var/www/html/framework/web/actions/CInlineAction.php(47): CInlineAction->runWithParamsInternal()
#12 /var/www/html/framework/web/CController.php(308): CInlineAction->runWithParams()
#13 /var/www/html/framework/web/CController.php(286): UserController->runAction()
#14 /var/www/html/framework/web/CController.php(265): UserController->runActionWithFilters()
#15 /var/www/html/framework/web/CWebApplication.php(282): UserController->run()
#16 /var/www/html/framework/web/CWebApplication.php(141): CWebApplication->runController()
#17 /var/www/html/framework/base/CApplication.php(185): CWebApplication->processRequest()
#18 /var/www/html/test_crud/index.php(13): CWebApplication->run()
REQUEST_URI=/test_crud/index.php?r=user/update&id=1
in /var/www/html/test_crud/protected/views/user/update.php (78)
in /var/www/html/test_crud/protected/controllers/UserController.php (110)
in /var/www/html/test_crud/index.php (13)
2025/06/27 19:49:46 [error] [php] Object of class Tag could not be converted to int (/var/www/html/framework/web/helpers/CHtml.php:1171)
Stack trace:
#0 /var/www/html/framework/web/helpers/CHtml.php(1171): in_array()
#1 /var/www/html/framework/web/helpers/CHtml.php(2138): checkBoxList()
#2 /var/www/html/framework/web/widgets/CActiveForm.php(947): activeCheckBoxList()
#3 /var/www/html/test_crud/protected/views/user/update.php(80): CActiveForm->checkBoxList()
#4 /var/www/html/framework/web/CBaseController.php(126): require()
#5 /var/www/html/framework/web/CBaseController.php(95): UserController->renderInternal()
#6 /var/www/html/framework/web/CController.php(872): UserController->renderFile()
#7 /var/www/html/framework/web/CController.php(785): UserController->renderPartial()
#8 /var/www/html/test_crud/protected/controllers/UserController.php(110): UserController->render()
#9 unknown(0): UserController->actionUpdate()
#10 /var/www/html/framework/web/actions/CAction.php(114): ReflectionMethod->invokeArgs()
#11 /var/www/html/framework/web/actions/CInlineAction.php(47): CInlineAction->runWithParamsInternal()
#12 /var/www/html/framework/web/CController.php(308): CInlineAction->runWithParams()
#13 /var/www/html/framework/web/CController.php(286): UserController->runAction()
#14 /var/www/html/framework/web/CController.php(265): UserController->runActionWithFilters()
#15 /var/www/html/framework/web/CWebApplication.php(282): UserController->run()
#16 /var/www/html/framework/web/CWebApplication.php(141): CWebApplication->runController()
#17 /var/www/html/framework/base/CApplication.php(185): CWebApplication->processRequest()
#18 /var/www/html/test_crud/index.php(13): CWebApplication->run()
REQUEST_URI=/test_crud/index.php?r=user/update&id=1
in /var/www/html/test_crud/protected/views/user/update.php (80)
in /var/www/html/test_crud/protected/controllers/UserController.php (110)
in /var/www/html/test_crud/index.php (13)
2025/06/27 19:49:46 [error] [php] Object of class Tag could not be converted to int (/var/www/html/framework/web/helpers/CHtml.php:1171)
Stack trace:
#0 /var/www/html/framework/web/helpers/CHtml.php(1171): in_array()
#1 /var/www/html/framework/web/helpers/CHtml.php(2138): checkBoxList()
#2 /var/www/html/framework/web/widgets/CActiveForm.php(947): activeCheckBoxList()
#3 /var/www/html/test_crud/protected/views/user/update.php(80): CActiveForm->checkBoxList()
#4 /var/www/html/framework/web/CBaseController.php(126): require()
#5 /var/www/html/framework/web/CBaseController.php(95): UserController->renderInternal()
#6 /var/www/html/framework/web/CController.php(872): UserController->renderFile()
#7 /var/www/html/framework/web/CController.php(785): UserController->renderPartial()
#8 /var/www/html/test_crud/protected/controllers/UserController.php(110): UserController->render()
#9 unknown(0): UserController->actionUpdate()
#10 /var/www/html/framework/web/actions/CAction.php(114): ReflectionMethod->invokeArgs()
#11 /var/www/html/framework/web/actions/CInlineAction.php(47): CInlineAction->runWithParamsInternal()
#12 /var/www/html/framework/web/CController.php(308): CInlineAction->runWithParams()
#13 /var/www/html/framework/web/CController.php(286): UserController->runAction()
#14 /var/www/html/framework/web/CController.php(265): UserController->runActionWithFilters()
#15 /var/www/html/framework/web/CWebApplication.php(282): UserController->run()
#16 /var/www/html/framework/web/CWebApplication.php(141): CWebApplication->runController()
#17 /var/www/html/framework/base/CApplication.php(185): CWebApplication->processRequest()
#18 /var/www/html/test_crud/index.php(13): CWebApplication->run()
REQUEST_URI=/test_crud/index.php?r=user/update&id=1
in /var/www/html/test_crud/protected/views/user/update.php (80)
in /var/www/html/test_crud/protected/controllers/UserController.php (110)
in /var/www/html/test_crud/index.php (13)
2025/06/27 19:51:49 [error] [php] Object of class Tag could not be converted to int (/var/www/html/framework/web/helpers/CHtml.php:1171)
Stack trace:
#0 /var/www/html/framework/web/helpers/CHtml.php(1171): in_array()
#1 /var/www/html/framework/web/helpers/CHtml.php(2138): checkBoxList()
#2 /var/www/html/framework/web/widgets/CActiveForm.php(947): activeCheckBoxList()
#3 /var/www/html/test_crud/protected/views/user/update.php(80): CActiveForm->checkBoxList()
#4 /var/www/html/framework/web/CBaseController.php(126): require()
#5 /var/www/html/framework/web/CBaseController.php(95): UserController->renderInternal()
#6 /var/www/html/framework/web/CController.php(872): UserController->renderFile()
#7 /var/www/html/framework/web/CController.php(785): UserController->renderPartial()
#8 /var/www/html/test_crud/protected/controllers/UserController.php(110): UserController->render()
#9 unknown(0): UserController->actionUpdate()
#10 /var/www/html/framework/web/actions/CAction.php(114): ReflectionMethod->invokeArgs()
#11 /var/www/html/framework/web/actions/CInlineAction.php(47): CInlineAction->runWithParamsInternal()
#12 /var/www/html/framework/web/CController.php(308): CInlineAction->runWithParams()
#13 /var/www/html/framework/web/CController.php(286): UserController->runAction()
#14 /var/www/html/framework/web/CController.php(265): UserController->runActionWithFilters()
#15 /var/www/html/framework/web/CWebApplication.php(282): UserController->run()
#16 /var/www/html/framework/web/CWebApplication.php(141): CWebApplication->runController()
#17 /var/www/html/framework/base/CApplication.php(185): CWebApplication->processRequest()
#18 /var/www/html/test_crud/index.php(13): CWebApplication->run()
REQUEST_URI=/test_crud/index.php?r=user/update&id=1
in /var/www/html/test_crud/protected/views/user/update.php (80)
in /var/www/html/test_crud/protected/controllers/UserController.php (110)
in /var/www/html/test_crud/index.php (13)
2025/06/27 19:51:49 [error] [php] Object of class Tag could not be converted to int (/var/www/html/framework/web/helpers/CHtml.php:1171)
Stack trace:
#0 /var/www/html/framework/web/helpers/CHtml.php(1171): in_array()
#1 /var/www/html/framework/web/helpers/CHtml.php(2138): checkBoxList()
#2 /var/www/html/framework/web/widgets/CActiveForm.php(947): activeCheckBoxList()
#3 /var/www/html/test_crud/protected/views/user/update.php(80): CActiveForm->checkBoxList()
#4 /var/www/html/framework/web/CBaseController.php(126): require()
#5 /var/www/html/framework/web/CBaseController.php(95): UserController->renderInternal()
#6 /var/www/html/framework/web/CController.php(872): UserController->renderFile()
#7 /var/www/html/framework/web/CController.php(785): UserController->renderPartial()
#8 /var/www/html/test_crud/protected/controllers/UserController.php(110): UserController->render()
#9 unknown(0): UserController->actionUpdate()
#10 /var/www/html/framework/web/actions/CAction.php(114): ReflectionMethod->invokeArgs()
#11 /var/www/html/framework/web/actions/CInlineAction.php(47): CInlineAction->runWithParamsInternal()
#12 /var/www/html/framework/web/CController.php(308): CInlineAction->runWithParams()
#13 /var/www/html/framework/web/CController.php(286): UserController->runAction()
#14 /var/www/html/framework/web/CController.php(265): UserController->runActionWithFilters()
#15 /var/www/html/framework/web/CWebApplication.php(282): UserController->run()
#16 /var/www/html/framework/web/CWebApplication.php(141): CWebApplication->runController()
#17 /var/www/html/framework/base/CApplication.php(185): CWebApplication->processRequest()
#18 /var/www/html/test_crud/index.php(13): CWebApplication->run()
REQUEST_URI=/test_crud/index.php?r=user/update&id=1
in /var/www/html/test_crud/protected/views/user/update.php (80)
in /var/www/html/test_crud/protected/controllers/UserController.php (110)
in /var/www/html/test_crud/index.php (13)
2025/06/27 19:56:46 [error] [php] Object of class Tag could not be converted to int (/var/www/html/framework/web/helpers/CHtml.php:1171)
Stack trace:
#0 /var/www/html/framework/web/helpers/CHtml.php(1171): in_array()
#1 /var/www/html/framework/web/helpers/CHtml.php(2138): checkBoxList()
#2 /var/www/html/framework/web/widgets/CActiveForm.php(947): activeCheckBoxList()
#3 /var/www/html/test_crud/protected/views/user/update.php(79): CActiveForm->checkBoxList()
#4 /var/www/html/framework/web/CBaseController.php(126): require()
#5 /var/www/html/framework/web/CBaseController.php(95): UserController->renderInternal()
#6 /var/www/html/framework/web/CController.php(872): UserController->renderFile()
#7 /var/www/html/framework/web/CController.php(785): UserController->renderPartial()
#8 /var/www/html/test_crud/protected/controllers/UserController.php(110): UserController->render()
#9 unknown(0): UserController->actionUpdate()
#10 /var/www/html/framework/web/actions/CAction.php(114): ReflectionMethod->invokeArgs()
#11 /var/www/html/framework/web/actions/CInlineAction.php(47): CInlineAction->runWithParamsInternal()
#12 /var/www/html/framework/web/CController.php(308): CInlineAction->runWithParams()
#13 /var/www/html/framework/web/CController.php(286): UserController->runAction()
#14 /var/www/html/framework/web/CController.php(265): UserController->runActionWithFilters()
#15 /var/www/html/framework/web/CWebApplication.php(282): UserController->run()
#16 /var/www/html/framework/web/CWebApplication.php(141): CWebApplication->runController()
#17 /var/www/html/framework/base/CApplication.php(185): CWebApplication->processRequest()
#18 /var/www/html/test_crud/index.php(13): CWebApplication->run()
REQUEST_URI=/test_crud/index.php?r=user/update&id=1
in /var/www/html/test_crud/protected/views/user/update.php (79)
in /var/www/html/test_crud/protected/controllers/UserController.php (110)
in /var/www/html/test_crud/index.php (13)
2025/06/27 19:56:46 [error] [php] Object of class Tag could not be converted to int (/var/www/html/framework/web/helpers/CHtml.php:1171)
Stack trace:
#0 /var/www/html/framework/web/helpers/CHtml.php(1171): in_array()
#1 /var/www/html/framework/web/helpers/CHtml.php(2138): checkBoxList()
#2 /var/www/html/framework/web/widgets/CActiveForm.php(947): activeCheckBoxList()
#3 /var/www/html/test_crud/protected/views/user/update.php(79): CActiveForm->checkBoxList()
#4 /var/www/html/framework/web/CBaseController.php(126): require()
#5 /var/www/html/framework/web/CBaseController.php(95): UserController->renderInternal()
#6 /var/www/html/framework/web/CController.php(872): UserController->renderFile()
#7 /var/www/html/framework/web/CController.php(785): UserController->renderPartial()
#8 /var/www/html/test_crud/protected/controllers/UserController.php(110): UserController->render()
#9 unknown(0): UserController->actionUpdate()
#10 /var/www/html/framework/web/actions/CAction.php(114): ReflectionMethod->invokeArgs()
#11 /var/www/html/framework/web/actions/CInlineAction.php(47): CInlineAction->runWithParamsInternal()
#12 /var/www/html/framework/web/CController.php(308): CInlineAction->runWithParams()
#13 /var/www/html/framework/web/CController.php(286): UserController->runAction()
#14 /var/www/html/framework/web/CController.php(265): UserController->runActionWithFilters()
#15 /var/www/html/framework/web/CWebApplication.php(282): UserController->run()
#16 /var/www/html/framework/web/CWebApplication.php(141): CWebApplication->runController()
#17 /var/www/html/framework/base/CApplication.php(185): CWebApplication->processRequest()
#18 /var/www/html/test_crud/index.php(13): CWebApplication->run()
REQUEST_URI=/test_crud/index.php?r=user/update&id=1
in /var/www/html/test_crud/protected/views/user/update.php (79)
in /var/www/html/test_crud/protected/controllers/UserController.php (110)
in /var/www/html/test_crud/index.php (13)
2025/06/27 19:56:46 [error] [php] Object of class Tag could not be converted to int (/var/www/html/framework/web/helpers/CHtml.php:1171)
Stack trace:
#0 /var/www/html/framework/web/helpers/CHtml.php(1171): in_array()
#1 /var/www/html/framework/web/helpers/CHtml.php(2138): checkBoxList()
#2 /var/www/html/framework/web/widgets/CActiveForm.php(947): activeCheckBoxList()
#3 /var/www/html/test_crud/protected/views/user/update.php(79): CActiveForm->checkBoxList()
#4 /var/www/html/framework/web/CBaseController.php(126): require()
#5 /var/www/html/framework/web/CBaseController.php(95): UserController->renderInternal()
#6 /var/www/html/framework/web/CController.php(872): UserController->renderFile()
#7 /var/www/html/framework/web/CController.php(785): UserController->renderPartial()
#8 /var/www/html/test_crud/protected/controllers/UserController.php(110): UserController->render()
#9 unknown(0): UserController->actionUpdate()
#10 /var/www/html/framework/web/actions/CAction.php(114): ReflectionMethod->invokeArgs()
#11 /var/www/html/framework/web/actions/CInlineAction.php(47): CInlineAction->runWithParamsInternal()
#12 /var/www/html/framework/web/CController.php(308): CInlineAction->runWithParams()
#13 /var/www/html/framework/web/CController.php(286): UserController->runAction()
#14 /var/www/html/framework/web/CController.php(265): UserController->runActionWithFilters()
#15 /var/www/html/framework/web/CWebApplication.php(282): UserController->run()
#16 /var/www/html/framework/web/CWebApplication.php(141): CWebApplication->runController()
#17 /var/www/html/framework/base/CApplication.php(185): CWebApplication->processRequest()
#18 /var/www/html/test_crud/index.php(13): CWebApplication->run()
REQUEST_URI=/test_crud/index.php?r=user/update&id=1
in /var/www/html/test_crud/protected/views/user/update.php (79)
in /var/www/html/test_crud/protected/controllers/UserController.php (110)
in /var/www/html/test_crud/index.php (13)
2025/06/27 19:56:47 [error] [php] Object of class Tag could not be converted to int (/var/www/html/framework/web/helpers/CHtml.php:1171)
Stack trace:
#0 /var/www/html/framework/web/helpers/CHtml.php(1171): in_array()
#1 /var/www/html/framework/web/helpers/CHtml.php(2138): checkBoxList()
#2 /var/www/html/framework/web/widgets/CActiveForm.php(947): activeCheckBoxList()
#3 /var/www/html/test_crud/protected/views/user/update.php(79): CActiveForm->checkBoxList()
#4 /var/www/html/framework/web/CBaseController.php(126): require()
#5 /var/www/html/framework/web/CBaseController.php(95): UserController->renderInternal()
#6 /var/www/html/framework/web/CController.php(872): UserController->renderFile()
#7 /var/www/html/framework/web/CController.php(785): UserController->renderPartial()
#8 /var/www/html/test_crud/protected/controllers/UserController.php(110): UserController->render()
#9 unknown(0): UserController->actionUpdate()
#10 /var/www/html/framework/web/actions/CAction.php(114): ReflectionMethod->invokeArgs()
#11 /var/www/html/framework/web/actions/CInlineAction.php(47): CInlineAction->runWithParamsInternal()
#12 /var/www/html/framework/web/CController.php(308): CInlineAction->runWithParams()
#13 /var/www/html/framework/web/CController.php(286): UserController->runAction()
#14 /var/www/html/framework/web/CController.php(265): UserController->runActionWithFilters()
#15 /var/www/html/framework/web/CWebApplication.php(282): UserController->run()
#16 /var/www/html/framework/web/CWebApplication.php(141): CWebApplication->runController()
#17 /var/www/html/framework/base/CApplication.php(185): CWebApplication->processRequest()
#18 /var/www/html/test_crud/index.php(13): CWebApplication->run()
REQUEST_URI=/test_crud/index.php?r=user/update&id=1
in /var/www/html/test_crud/protected/views/user/update.php (79)
in /var/www/html/test_crud/protected/controllers/UserController.php (110)
in /var/www/html/test_crud/index.php (13)
2025/06/27 19:56:47 [error] [php] Object of class Tag could not be converted to int (/var/www/html/framework/web/helpers/CHtml.php:1171)
Stack trace:
#0 /var/www/html/framework/web/helpers/CHtml.php(1171): in_array()
#1 /var/www/html/framework/web/helpers/CHtml.php(2138): checkBoxList()
#2 /var/www/html/framework/web/widgets/CActiveForm.php(947): activeCheckBoxList()
#3 /var/www/html/test_crud/protected/views/user/update.php(79): CActiveForm->checkBoxList()
#4 /var/www/html/framework/web/CBaseController.php(126): require()
#5 /var/www/html/framework/web/CBaseController.php(95): UserController->renderInternal()
#6 /var/www/html/framework/web/CController.php(872): UserController->renderFile()
#7 /var/www/html/framework/web/CController.php(785): UserController->renderPartial()
#8 /var/www/html/test_crud/protected/controllers/UserController.php(110): UserController->render()
#9 unknown(0): UserController->actionUpdate()
#10 /var/www/html/framework/web/actions/CAction.php(114): ReflectionMethod->invokeArgs()
#11 /var/www/html/framework/web/actions/CInlineAction.php(47): CInlineAction->runWithParamsInternal()
#12 /var/www/html/framework/web/CController.php(308): CInlineAction->runWithParams()
#13 /var/www/html/framework/web/CController.php(286): UserController->runAction()
#14 /var/www/html/framework/web/CController.php(265): UserController->runActionWithFilters()
#15 /var/www/html/framework/web/CWebApplication.php(282): UserController->run()
#16 /var/www/html/framework/web/CWebApplication.php(141): CWebApplication->runController()
#17 /var/www/html/framework/base/CApplication.php(185): CWebApplication->processRequest()
#18 /var/www/html/test_crud/index.php(13): CWebApplication->run()
REQUEST_URI=/test_crud/index.php?r=user/update&id=1
in /var/www/html/test_crud/protected/views/user/update.php (79)
in /var/www/html/test_crud/protected/controllers/UserController.php (110)
in /var/www/html/test_crud/index.php (13)
2025/06/27 19:56:47 [error] [php] Object of class Tag could not be converted to int (/var/www/html/framework/web/helpers/CHtml.php:1171)
Stack trace:
#0 /var/www/html/framework/web/helpers/CHtml.php(1171): in_array()
#1 /var/www/html/framework/web/helpers/CHtml.php(2138): checkBoxList()
#2 /var/www/html/framework/web/widgets/CActiveForm.php(947): activeCheckBoxList()
#3 /var/www/html/test_crud/protected/views/user/update.php(79): CActiveForm->checkBoxList()
#4 /var/www/html/framework/web/CBaseController.php(126): require()
#5 /var/www/html/framework/web/CBaseController.php(95): UserController->renderInternal()
#6 /var/www/html/framework/web/CController.php(872): UserController->renderFile()
#7 /var/www/html/framework/web/CController.php(785): UserController->renderPartial()
#8 /var/www/html/test_crud/protected/controllers/UserController.php(110): UserController->render()
#9 unknown(0): UserController->actionUpdate()
#10 /var/www/html/framework/web/actions/CAction.php(114): ReflectionMethod->invokeArgs()
#11 /var/www/html/framework/web/actions/CInlineAction.php(47): CInlineAction->runWithParamsInternal()
#12 /var/www/html/framework/web/CController.php(308): CInlineAction->runWithParams()
#13 /var/www/html/framework/web/CController.php(286): UserController->runAction()
#14 /var/www/html/framework/web/CController.php(265): UserController->runActionWithFilters()
#15 /var/www/html/framework/web/CWebApplication.php(282): UserController->run()
#16 /var/www/html/framework/web/CWebApplication.php(141): CWebApplication->runController()
#17 /var/www/html/framework/base/CApplication.php(185): CWebApplication->processRequest()
#18 /var/www/html/test_crud/index.php(13): CWebApplication->run()
REQUEST_URI=/test_crud/index.php?r=user/update&id=1
in /var/www/html/test_crud/protected/views/user/update.php (79)
in /var/www/html/test_crud/protected/controllers/UserController.php (110)
in /var/www/html/test_crud/index.php (13)
2025/06/27 19:57:43 [error] [php] Object of class Tag could not be converted to int (/var/www/html/framework/web/helpers/CHtml.php:1171)
Stack trace:
#0 /var/www/html/framework/web/helpers/CHtml.php(1171): in_array()
#1 /var/www/html/framework/web/helpers/CHtml.php(2138): checkBoxList()
#2 /var/www/html/framework/web/widgets/CActiveForm.php(947): activeCheckBoxList()
#3 /var/www/html/test_crud/protected/views/user/update.php(79): CActiveForm->checkBoxList()
#4 /var/www/html/framework/web/CBaseController.php(126): require()
#5 /var/www/html/framework/web/CBaseController.php(95): UserController->renderInternal()
#6 /var/www/html/framework/web/CController.php(872): UserController->renderFile()
#7 /var/www/html/framework/web/CController.php(785): UserController->renderPartial()
#8 /var/www/html/test_crud/protected/controllers/UserController.php(110): UserController->render()
#9 unknown(0): UserController->actionUpdate()
#10 /var/www/html/framework/web/actions/CAction.php(114): ReflectionMethod->invokeArgs()
#11 /var/www/html/framework/web/actions/CInlineAction.php(47): CInlineAction->runWithParamsInternal()
#12 /var/www/html/framework/web/CController.php(308): CInlineAction->runWithParams()
#13 /var/www/html/framework/web/CController.php(286): UserController->runAction()
#14 /var/www/html/framework/web/CController.php(265): UserController->runActionWithFilters()
#15 /var/www/html/framework/web/CWebApplication.php(282): UserController->run()
#16 /var/www/html/framework/web/CWebApplication.php(141): CWebApplication->runController()
#17 /var/www/html/framework/base/CApplication.php(185): CWebApplication->processRequest()
#18 /var/www/html/test_crud/index.php(13): CWebApplication->run()
REQUEST_URI=/test_crud/index.php?r=user/update&id=3
in /var/www/html/test_crud/protected/views/user/update.php (79)
in /var/www/html/test_crud/protected/controllers/UserController.php (110)
in /var/www/html/test_crud/index.php (13)
2025/06/27 19:58:26 [error] [php] Object of class Tag could not be converted to int (/var/www/html/framework/web/helpers/CHtml.php:1171)
Stack trace:
#0 /var/www/html/framework/web/helpers/CHtml.php(1171): in_array()
#1 /var/www/html/framework/web/helpers/CHtml.php(2138): checkBoxList()
#2 /var/www/html/framework/web/widgets/CActiveForm.php(947): activeCheckBoxList()
#3 /var/www/html/test_crud/protected/views/user/update.php(79): CActiveForm->checkBoxList()
#4 /var/www/html/framework/web/CBaseController.php(126): require()
#5 /var/www/html/framework/web/CBaseController.php(95): UserController->renderInternal()
#6 /var/www/html/framework/web/CController.php(872): UserController->renderFile()
#7 /var/www/html/framework/web/CController.php(785): UserController->renderPartial()
#8 /var/www/html/test_crud/protected/controllers/UserController.php(110): UserController->render()
#9 unknown(0): UserController->actionUpdate()
#10 /var/www/html/framework/web/actions/CAction.php(114): ReflectionMethod->invokeArgs()
#11 /var/www/html/framework/web/actions/CInlineAction.php(47): CInlineAction->runWithParamsInternal()
#12 /var/www/html/framework/web/CController.php(308): CInlineAction->runWithParams()
#13 /var/www/html/framework/web/CController.php(286): UserController->runAction()
#14 /var/www/html/framework/web/CController.php(265): UserController->runActionWithFilters()
#15 /var/www/html/framework/web/CWebApplication.php(282): UserController->run()
#16 /var/www/html/framework/web/CWebApplication.php(141): CWebApplication->runController()
#17 /var/www/html/framework/base/CApplication.php(185): CWebApplication->processRequest()
#18 /var/www/html/test_crud/index.php(13): CWebApplication->run()
REQUEST_URI=/test_crud/index.php?r=user/update&id=3
in /var/www/html/test_crud/protected/views/user/update.php (79)
in /var/www/html/test_crud/protected/controllers/UserController.php (110)
in /var/www/html/test_crud/index.php (13)
2025/06/27 19:58:26 [error] [php] Object of class Tag could not be converted to int (/var/www/html/framework/web/helpers/CHtml.php:1171)
Stack trace:
#0 /var/www/html/framework/web/helpers/CHtml.php(1171): in_array()
#1 /var/www/html/framework/web/helpers/CHtml.php(2138): checkBoxList()
#2 /var/www/html/framework/web/widgets/CActiveForm.php(947): activeCheckBoxList()
#3 /var/www/html/test_crud/protected/views/user/update.php(79): CActiveForm->checkBoxList()
#4 /var/www/html/framework/web/CBaseController.php(126): require()
#5 /var/www/html/framework/web/CBaseController.php(95): UserController->renderInternal()
#6 /var/www/html/framework/web/CController.php(872): UserController->renderFile()
#7 /var/www/html/framework/web/CController.php(785): UserController->renderPartial()
#8 /var/www/html/test_crud/protected/controllers/UserController.php(110): UserController->render()
#9 unknown(0): UserController->actionUpdate()
#10 /var/www/html/framework/web/actions/CAction.php(114): ReflectionMethod->invokeArgs()
#11 /var/www/html/framework/web/actions/CInlineAction.php(47): CInlineAction->runWithParamsInternal()
#12 /var/www/html/framework/web/CController.php(308): CInlineAction->runWithParams()
#13 /var/www/html/framework/web/CController.php(286): UserController->runAction()
#14 /var/www/html/framework/web/CController.php(265): UserController->runActionWithFilters()
#15 /var/www/html/framework/web/CWebApplication.php(282): UserController->run()
#16 /var/www/html/framework/web/CWebApplication.php(141): CWebApplication->runController()
#17 /var/www/html/framework/base/CApplication.php(185): CWebApplication->processRequest()
#18 /var/www/html/test_crud/index.php(13): CWebApplication->run()
REQUEST_URI=/test_crud/index.php?r=user/update&id=3
in /var/www/html/test_crud/protected/views/user/update.php (79)
in /var/www/html/test_crud/protected/controllers/UserController.php (110)
in /var/www/html/test_crud/index.php (13)
2025/06/27 19:58:26 [error] [php] Object of class Tag could not be converted to int (/var/www/html/framework/web/helpers/CHtml.php:1171)
Stack trace:
#0 /var/www/html/framework/web/helpers/CHtml.php(1171): in_array()
#1 /var/www/html/framework/web/helpers/CHtml.php(2138): checkBoxList()
#2 /var/www/html/framework/web/widgets/CActiveForm.php(947): activeCheckBoxList()
#3 /var/www/html/test_crud/protected/views/user/update.php(79): CActiveForm->checkBoxList()
#4 /var/www/html/framework/web/CBaseController.php(126): require()
#5 /var/www/html/framework/web/CBaseController.php(95): UserController->renderInternal()
#6 /var/www/html/framework/web/CController.php(872): UserController->renderFile()
#7 /var/www/html/framework/web/CController.php(785): UserController->renderPartial()
#8 /var/www/html/test_crud/protected/controllers/UserController.php(110): UserController->render()
#9 unknown(0): UserController->actionUpdate()
#10 /var/www/html/framework/web/actions/CAction.php(114): ReflectionMethod->invokeArgs()
#11 /var/www/html/framework/web/actions/CInlineAction.php(47): CInlineAction->runWithParamsInternal()
#12 /var/www/html/framework/web/CController.php(308): CInlineAction->runWithParams()
#13 /var/www/html/framework/web/CController.php(286): UserController->runAction()
#14 /var/www/html/framework/web/CController.php(265): UserController->runActionWithFilters()
#15 /var/www/html/framework/web/CWebApplication.php(282): UserController->run()
#16 /var/www/html/framework/web/CWebApplication.php(141): CWebApplication->runController()
#17 /var/www/html/framework/base/CApplication.php(185): CWebApplication->processRequest()
#18 /var/www/html/test_crud/index.php(13): CWebApplication->run()
REQUEST_URI=/test_crud/index.php?r=user/update&id=3
in /var/www/html/test_crud/protected/views/user/update.php (79)
in /var/www/html/test_crud/protected/controllers/UserController.php (110)
in /var/www/html/test_crud/index.php (13)
2025/06/27 19:58:26 [error] [php] Object of class Tag could not be converted to int (/var/www/html/framework/web/helpers/CHtml.php:1171)
Stack trace:
#0 /var/www/html/framework/web/helpers/CHtml.php(1171): in_array()
#1 /var/www/html/framework/web/helpers/CHtml.php(2138): checkBoxList()
#2 /var/www/html/framework/web/widgets/CActiveForm.php(947): activeCheckBoxList()
#3 /var/www/html/test_crud/protected/views/user/update.php(79): CActiveForm->checkBoxList()
#4 /var/www/html/framework/web/CBaseController.php(126): require()
#5 /var/www/html/framework/web/CBaseController.php(95): UserController->renderInternal()
#6 /var/www/html/framework/web/CController.php(872): UserController->renderFile()
#7 /var/www/html/framework/web/CController.php(785): UserController->renderPartial()
#8 /var/www/html/test_crud/protected/controllers/UserController.php(110): UserController->render()
#9 unknown(0): UserController->actionUpdate()
#10 /var/www/html/framework/web/actions/CAction.php(114): ReflectionMethod->invokeArgs()
#11 /var/www/html/framework/web/actions/CInlineAction.php(47): CInlineAction->runWithParamsInternal()
#12 /var/www/html/framework/web/CController.php(308): CInlineAction->runWithParams()
#13 /var/www/html/framework/web/CController.php(286): UserController->runAction()
#14 /var/www/html/framework/web/CController.php(265): UserController->runActionWithFilters()
#15 /var/www/html/framework/web/CWebApplication.php(282): UserController->run()
#16 /var/www/html/framework/web/CWebApplication.php(141): CWebApplication->runController()
#17 /var/www/html/framework/base/CApplication.php(185): CWebApplication->processRequest()
#18 /var/www/html/test_crud/index.php(13): CWebApplication->run()
REQUEST_URI=/test_crud/index.php?r=user/update&id=3
in /var/www/html/test_crud/protected/views/user/update.php (79)
in /var/www/html/test_crud/protected/controllers/UserController.php (110)
in /var/www/html/test_crud/index.php (13)
2025/06/27 19:58:27 [error] [php] Object of class Tag could not be converted to int (/var/www/html/framework/web/helpers/CHtml.php:1171)
Stack trace:
#0 /var/www/html/framework/web/helpers/CHtml.php(1171): in_array()
#1 /var/www/html/framework/web/helpers/CHtml.php(2138): checkBoxList()
#2 /var/www/html/framework/web/widgets/CActiveForm.php(947): activeCheckBoxList()
#3 /var/www/html/test_crud/protected/views/user/update.php(79): CActiveForm->checkBoxList()
#4 /var/www/html/framework/web/CBaseController.php(126): require()
#5 /var/www/html/framework/web/CBaseController.php(95): UserController->renderInternal()
#6 /var/www/html/framework/web/CController.php(872): UserController->renderFile()
#7 /var/www/html/framework/web/CController.php(785): UserController->renderPartial()
#8 /var/www/html/test_crud/protected/controllers/UserController.php(110): UserController->render()
#9 unknown(0): UserController->actionUpdate()
#10 /var/www/html/framework/web/actions/CAction.php(114): ReflectionMethod->invokeArgs()
#11 /var/www/html/framework/web/actions/CInlineAction.php(47): CInlineAction->runWithParamsInternal()
#12 /var/www/html/framework/web/CController.php(308): CInlineAction->runWithParams()
#13 /var/www/html/framework/web/CController.php(286): UserController->runAction()
#14 /var/www/html/framework/web/CController.php(265): UserController->runActionWithFilters()
#15 /var/www/html/framework/web/CWebApplication.php(282): UserController->run()
#16 /var/www/html/framework/web/CWebApplication.php(141): CWebApplication->runController()
#17 /var/www/html/framework/base/CApplication.php(185): CWebApplication->processRequest()
#18 /var/www/html/test_crud/index.php(13): CWebApplication->run()
REQUEST_URI=/test_crud/index.php?r=user/update&id=3
in /var/www/html/test_crud/protected/views/user/update.php (79)
in /var/www/html/test_crud/protected/controllers/UserController.php (110)
in /var/www/html/test_crud/index.php (13)
2025/06/27 19:58:27 [error] [php] Object of class Tag could not be converted to int (/var/www/html/framework/web/helpers/CHtml.php:1171)
Stack trace:
#0 /var/www/html/framework/web/helpers/CHtml.php(1171): in_array()
#1 /var/www/html/framework/web/helpers/CHtml.php(2138): checkBoxList()
#2 /var/www/html/framework/web/widgets/CActiveForm.php(947): activeCheckBoxList()
#3 /var/www/html/test_crud/protected/views/user/update.php(79): CActiveForm->checkBoxList()
#4 /var/www/html/framework/web/CBaseController.php(126): require()
#5 /var/www/html/framework/web/CBaseController.php(95): UserController->renderInternal()
#6 /var/www/html/framework/web/CController.php(872): UserController->renderFile()
#7 /var/www/html/framework/web/CController.php(785): UserController->renderPartial()
#8 /var/www/html/test_crud/protected/controllers/UserController.php(110): UserController->render()
#9 unknown(0): UserController->actionUpdate()
#10 /var/www/html/framework/web/actions/CAction.php(114): ReflectionMethod->invokeArgs()
#11 /var/www/html/framework/web/actions/CInlineAction.php(47): CInlineAction->runWithParamsInternal()
#12 /var/www/html/framework/web/CController.php(308): CInlineAction->runWithParams()
#13 /var/www/html/framework/web/CController.php(286): UserController->runAction()
#14 /var/www/html/framework/web/CController.php(265): UserController->runActionWithFilters()
#15 /var/www/html/framework/web/CWebApplication.php(282): UserController->run()
#16 /var/www/html/framework/web/CWebApplication.php(141): CWebApplication->runController()
#17 /var/www/html/framework/base/CApplication.php(185): CWebApplication->processRequest()
#18 /var/www/html/test_crud/index.php(13): CWebApplication->run()
REQUEST_URI=/test_crud/index.php?r=user/update&id=3
in /var/www/html/test_crud/protected/views/user/update.php (79)
in /var/www/html/test_crud/protected/controllers/UserController.php (110)
in /var/www/html/test_crud/index.php (13)
2025/06/27 19:58:27 [error] [php] Object of class Tag could not be converted to int (/var/www/html/framework/web/helpers/CHtml.php:1171)
Stack trace:
#0 /var/www/html/framework/web/helpers/CHtml.php(1171): in_array()
#1 /var/www/html/framework/web/helpers/CHtml.php(2138): checkBoxList()
#2 /var/www/html/framework/web/widgets/CActiveForm.php(947): activeCheckBoxList()
#3 /var/www/html/test_crud/protected/views/user/update.php(79): CActiveForm->checkBoxList()
#4 /var/www/html/framework/web/CBaseController.php(126): require()
#5 /var/www/html/framework/web/CBaseController.php(95): UserController->renderInternal()
#6 /var/www/html/framework/web/CController.php(872): UserController->renderFile()
#7 /var/www/html/framework/web/CController.php(785): UserController->renderPartial()
#8 /var/www/html/test_crud/protected/controllers/UserController.php(110): UserController->render()
#9 unknown(0): UserController->actionUpdate()
#10 /var/www/html/framework/web/actions/CAction.php(114): ReflectionMethod->invokeArgs()
#11 /var/www/html/framework/web/actions/CInlineAction.php(47): CInlineAction->runWithParamsInternal()
#12 /var/www/html/framework/web/CController.php(308): CInlineAction->runWithParams()
#13 /var/www/html/framework/web/CController.php(286): UserController->runAction()
#14 /var/www/html/framework/web/CController.php(265): UserController->runActionWithFilters()
#15 /var/www/html/framework/web/CWebApplication.php(282): UserController->run()
#16 /var/www/html/framework/web/CWebApplication.php(141): CWebApplication->runController()
#17 /var/www/html/framework/base/CApplication.php(185): CWebApplication->processRequest()
#18 /var/www/html/test_crud/index.php(13): CWebApplication->run()
REQUEST_URI=/test_crud/index.php?r=user/update&id=3
in /var/www/html/test_crud/protected/views/user/update.php (79)
in /var/www/html/test_crud/protected/controllers/UserController.php (110)
in /var/www/html/test_crud/index.php (13)
2025/06/27 19:59:06 [error] [php] Array to string conversion (/var/www/html/test_crud/protected/views/user/update.php:77)
Stack trace:
#0 /var/www/html/framework/web/CBaseController.php(126): require()
#1 /var/www/html/framework/web/CBaseController.php(95): UserController->renderInternal()
#2 /var/www/html/framework/web/CController.php(872): UserController->renderFile()
#3 /var/www/html/framework/web/CController.php(785): UserController->renderPartial()
#4 /var/www/html/test_crud/protected/controllers/UserController.php(110): UserController->render()
#5 unknown(0): UserController->actionUpdate()
#6 /var/www/html/framework/web/actions/CAction.php(114): ReflectionMethod->invokeArgs()
#7 /var/www/html/framework/web/actions/CInlineAction.php(47): CInlineAction->runWithParamsInternal()
#8 /var/www/html/framework/web/CController.php(308): CInlineAction->runWithParams()
#9 /var/www/html/framework/web/CController.php(286): UserController->runAction()
#10 /var/www/html/framework/web/CController.php(265): UserController->runActionWithFilters()
#11 /var/www/html/framework/web/CWebApplication.php(282): UserController->run()
#12 /var/www/html/framework/web/CWebApplication.php(141): CWebApplication->runController()
#13 /var/www/html/framework/base/CApplication.php(185): CWebApplication->processRequest()
#14 /var/www/html/test_crud/index.php(13): CWebApplication->run()
REQUEST_URI=/test_crud/index.php?r=user/update&id=3
in /var/www/html/test_crud/protected/views/user/update.php (77)
in /var/www/html/test_crud/protected/controllers/UserController.php (110)
in /var/www/html/test_crud/index.php (13)
2025/06/27 19:59:06 [error] [php] Array to string conversion (/var/www/html/test_crud/protected/views/user/update.php:77)
Stack trace:
#0 /var/www/html/framework/web/CBaseController.php(126): require()
#1 /var/www/html/framework/web/CBaseController.php(95): UserController->renderInternal()
#2 /var/www/html/framework/web/CController.php(872): UserController->renderFile()
#3 /var/www/html/framework/web/CController.php(785): UserController->renderPartial()
#4 /var/www/html/test_crud/protected/controllers/UserController.php(110): UserController->render()
#5 unknown(0): UserController->actionUpdate()
#6 /var/www/html/framework/web/actions/CAction.php(114): ReflectionMethod->invokeArgs()
#7 /var/www/html/framework/web/actions/CInlineAction.php(47): CInlineAction->runWithParamsInternal()
#8 /var/www/html/framework/web/CController.php(308): CInlineAction->runWithParams()
#9 /var/www/html/framework/web/CController.php(286): UserController->runAction()
#10 /var/www/html/framework/web/CController.php(265): UserController->runActionWithFilters()
#11 /var/www/html/framework/web/CWebApplication.php(282): UserController->run()
#12 /var/www/html/framework/web/CWebApplication.php(141): CWebApplication->runController()
#13 /var/www/html/framework/base/CApplication.php(185): CWebApplication->processRequest()
#14 /var/www/html/test_crud/index.php(13): CWebApplication->run()
REQUEST_URI=/test_crud/index.php?r=user/update&id=3
in /var/www/html/test_crud/protected/views/user/update.php (77)
in /var/www/html/test_crud/protected/controllers/UserController.php (110)
in /var/www/html/test_crud/index.php (13)
2025/06/27 19:59:18 [error] [php] Array to string conversion (/var/www/html/test_crud/protected/views/user/update.php:77)
Stack trace:
#0 /var/www/html/framework/web/CBaseController.php(126): require()
#1 /var/www/html/framework/web/CBaseController.php(95): UserController->renderInternal()
#2 /var/www/html/framework/web/CController.php(872): UserController->renderFile()
#3 /var/www/html/framework/web/CController.php(785): UserController->renderPartial()
#4 /var/www/html/test_crud/protected/controllers/UserController.php(110): UserController->render()
#5 unknown(0): UserController->actionUpdate()
#6 /var/www/html/framework/web/actions/CAction.php(114): ReflectionMethod->invokeArgs()
#7 /var/www/html/framework/web/actions/CInlineAction.php(47): CInlineAction->runWithParamsInternal()
#8 /var/www/html/framework/web/CController.php(308): CInlineAction->runWithParams()
#9 /var/www/html/framework/web/CController.php(286): UserController->runAction()
#10 /var/www/html/framework/web/CController.php(265): UserController->runActionWithFilters()
#11 /var/www/html/framework/web/CWebApplication.php(282): UserController->run()
#12 /var/www/html/framework/web/CWebApplication.php(141): CWebApplication->runController()
#13 /var/www/html/framework/base/CApplication.php(185): CWebApplication->processRequest()
#14 /var/www/html/test_crud/index.php(13): CWebApplication->run()
REQUEST_URI=/test_crud/index.php?r=user/update&id=3
in /var/www/html/test_crud/protected/views/user/update.php (77)
in /var/www/html/test_crud/protected/controllers/UserController.php (110)
in /var/www/html/test_crud/index.php (13)
2025/06/27 19:59:19 [error] [php] Array to string conversion (/var/www/html/test_crud/protected/views/user/update.php:77)
Stack trace:
#0 /var/www/html/framework/web/CBaseController.php(126): require()
#1 /var/www/html/framework/web/CBaseController.php(95): UserController->renderInternal()
#2 /var/www/html/framework/web/CController.php(872): UserController->renderFile()
#3 /var/www/html/framework/web/CController.php(785): UserController->renderPartial()
#4 /var/www/html/test_crud/protected/controllers/UserController.php(110): UserController->render()
#5 unknown(0): UserController->actionUpdate()
#6 /var/www/html/framework/web/actions/CAction.php(114): ReflectionMethod->invokeArgs()
#7 /var/www/html/framework/web/actions/CInlineAction.php(47): CInlineAction->runWithParamsInternal()
#8 /var/www/html/framework/web/CController.php(308): CInlineAction->runWithParams()
#9 /var/www/html/framework/web/CController.php(286): UserController->runAction()
#10 /var/www/html/framework/web/CController.php(265): UserController->runActionWithFilters()
#11 /var/www/html/framework/web/CWebApplication.php(282): UserController->run()
#12 /var/www/html/framework/web/CWebApplication.php(141): CWebApplication->runController()
#13 /var/www/html/framework/base/CApplication.php(185): CWebApplication->processRequest()
#14 /var/www/html/test_crud/index.php(13): CWebApplication->run()
REQUEST_URI=/test_crud/index.php?r=user/update&id=3
in /var/www/html/test_crud/protected/views/user/update.php (77)
in /var/www/html/test_crud/protected/controllers/UserController.php (110)
in /var/www/html/test_crud/index.php (13)
2025/06/27 19:59:19 [error] [php] Array to string conversion (/var/www/html/test_crud/protected/views/user/update.php:77)
Stack trace:
#0 /var/www/html/framework/web/CBaseController.php(126): require()
#1 /var/www/html/framework/web/CBaseController.php(95): UserController->renderInternal()
#2 /var/www/html/framework/web/CController.php(872): UserController->renderFile()
#3 /var/www/html/framework/web/CController.php(785): UserController->renderPartial()
#4 /var/www/html/test_crud/protected/controllers/UserController.php(110): UserController->render()
#5 unknown(0): UserController->actionUpdate()
#6 /var/www/html/framework/web/actions/CAction.php(114): ReflectionMethod->invokeArgs()
#7 /var/www/html/framework/web/actions/CInlineAction.php(47): CInlineAction->runWithParamsInternal()
#8 /var/www/html/framework/web/CController.php(308): CInlineAction->runWithParams()
#9 /var/www/html/framework/web/CController.php(286): UserController->runAction()
#10 /var/www/html/framework/web/CController.php(265): UserController->runActionWithFilters()
#11 /var/www/html/framework/web/CWebApplication.php(282): UserController->run()
#12 /var/www/html/framework/web/CWebApplication.php(141): CWebApplication->runController()
#13 /var/www/html/framework/base/CApplication.php(185): CWebApplication->processRequest()
#14 /var/www/html/test_crud/index.php(13): CWebApplication->run()
REQUEST_URI=/test_crud/index.php?r=user/update&id=3
in /var/www/html/test_crud/protected/views/user/update.php (77)
in /var/www/html/test_crud/protected/controllers/UserController.php (110)
in /var/www/html/test_crud/index.php (13)
2025/06/27 19:59:19 [error] [php] Array to string conversion (/var/www/html/test_crud/protected/views/user/update.php:77)
Stack trace:
#0 /var/www/html/framework/web/CBaseController.php(126): require()
#1 /var/www/html/framework/web/CBaseController.php(95): UserController->renderInternal()
#2 /var/www/html/framework/web/CController.php(872): UserController->renderFile()
#3 /var/www/html/framework/web/CController.php(785): UserController->renderPartial()
#4 /var/www/html/test_crud/protected/controllers/UserController.php(110): UserController->render()
#5 unknown(0): UserController->actionUpdate()
#6 /var/www/html/framework/web/actions/CAction.php(114): ReflectionMethod->invokeArgs()
#7 /var/www/html/framework/web/actions/CInlineAction.php(47): CInlineAction->runWithParamsInternal()
#8 /var/www/html/framework/web/CController.php(308): CInlineAction->runWithParams()
#9 /var/www/html/framework/web/CController.php(286): UserController->runAction()
#10 /var/www/html/framework/web/CController.php(265): UserController->runActionWithFilters()
#11 /var/www/html/framework/web/CWebApplication.php(282): UserController->run()
#12 /var/www/html/framework/web/CWebApplication.php(141): CWebApplication->runController()
#13 /var/www/html/framework/base/CApplication.php(185): CWebApplication->processRequest()
#14 /var/www/html/test_crud/index.php(13): CWebApplication->run()
REQUEST_URI=/test_crud/index.php?r=user/update&id=3
in /var/www/html/test_crud/protected/views/user/update.php (77)
in /var/www/html/test_crud/protected/controllers/UserController.php (110)
in /var/www/html/test_crud/index.php (13)
2025/06/27 19:59:19 [error] [php] Array to string conversion (/var/www/html/test_crud/protected/views/user/update.php:77)
Stack trace:
#0 /var/www/html/framework/web/CBaseController.php(126): require()
#1 /var/www/html/framework/web/CBaseController.php(95): UserController->renderInternal()
#2 /var/www/html/framework/web/CController.php(872): UserController->renderFile()
#3 /var/www/html/framework/web/CController.php(785): UserController->renderPartial()
#4 /var/www/html/test_crud/protected/controllers/UserController.php(110): UserController->render()
#5 unknown(0): UserController->actionUpdate()
#6 /var/www/html/framework/web/actions/CAction.php(114): ReflectionMethod->invokeArgs()
#7 /var/www/html/framework/web/actions/CInlineAction.php(47): CInlineAction->runWithParamsInternal()
#8 /var/www/html/framework/web/CController.php(308): CInlineAction->runWithParams()
#9 /var/www/html/framework/web/CController.php(286): UserController->runAction()
#10 /var/www/html/framework/web/CController.php(265): UserController->runActionWithFilters()
#11 /var/www/html/framework/web/CWebApplication.php(282): UserController->run()
#12 /var/www/html/framework/web/CWebApplication.php(141): CWebApplication->runController()
#13 /var/www/html/framework/base/CApplication.php(185): CWebApplication->processRequest()
#14 /var/www/html/test_crud/index.php(13): CWebApplication->run()
REQUEST_URI=/test_crud/index.php?r=user/update&id=3
in /var/www/html/test_crud/protected/views/user/update.php (77)
in /var/www/html/test_crud/protected/controllers/UserController.php (110)
in /var/www/html/test_crud/index.php (13)
2025/06/27 20:11:10 [warning] [application] Failed to set unsafe attribute "tags" of "User".
in /var/www/html/test_crud/protected/controllers/UserController.php (34)
in /var/www/html/test_crud/index.php (13)
2025/06/27 20:11:10 [error] [php] foreach() argument must be of type array|object, string given (/var/www/html/test_crud/protected/controllers/UserController.php:46)
Stack trace:
#0 /var/www/html/framework/web/actions/CInlineAction.php(49): UserController->actionCreate()
#1 /var/www/html/framework/web/CController.php(308): CInlineAction->runWithParams()
#2 /var/www/html/framework/web/CController.php(286): UserController->runAction()
#3 /var/www/html/framework/web/CController.php(265): UserController->runActionWithFilters()
#4 /var/www/html/framework/web/CWebApplication.php(282): UserController->run()
#5 /var/www/html/framework/web/CWebApplication.php(141): CWebApplication->runController()
#6 /var/www/html/framework/base/CApplication.php(185): CWebApplication->processRequest()
#7 /var/www/html/test_crud/index.php(13): CWebApplication->run()
REQUEST_URI=/test_crud/index.php?r=user/create
in /var/www/html/test_crud/protected/controllers/UserController.php (46)
in /var/www/html/test_crud/index.php (13)
2025/06/27 20:11:19 [warning] [application] Failed to set unsafe attribute "tags" of "User".
in /var/www/html/test_crud/protected/controllers/UserController.php (34)
in /var/www/html/test_crud/index.php (13)
2025/06/27 20:11:25 [warning] [application] Failed to set unsafe attribute "tags" of "User".
in /var/www/html/test_crud/protected/controllers/UserController.php (34)
in /var/www/html/test_crud/index.php (13)
2025/06/27 20:11:26 [warning] [application] Failed to set unsafe attribute "tags" of "User".
in /var/www/html/test_crud/protected/controllers/UserController.php (34)
in /var/www/html/test_crud/index.php (13)
2025/06/27 20:11:28 [warning] [application] Failed to set unsafe attribute "tags" of "User".
in /var/www/html/test_crud/protected/controllers/UserController.php (34)
in /var/www/html/test_crud/index.php (13)
2025/06/27 20:11:35 [warning] [application] Failed to set unsafe attribute "tags" of "User".
in /var/www/html/test_crud/protected/controllers/UserController.php (34)
in /var/www/html/test_crud/index.php (13)
2025/06/28 09:17:13 [error] [exception.CHttpException.404] CHttpException: Unable to resolve the request "users". in /var/www/html/framework/web/CWebApplication.php:286
Stack trace:
#0 /var/www/html/framework/web/CWebApplication.php(141): CWebApplication->runController('users')
#1 /var/www/html/framework/base/CApplication.php(185): CWebApplication->processRequest()
#2 /var/www/html/test_crud/index.php(13): CApplication->run()
#3 {main}
REQUEST_URI=/test_crud/index.php?r=users
HTTP_REFERER=http://localhost:8080/test_crud/index.php?r=site/index
---
2025/06/28 09:17:29 [error] [exception.CHttpException.404] CHttpException: Unable to resolve the request "users". in /var/www/html/framework/web/CWebApplication.php:286
Stack trace:
#0 /var/www/html/framework/web/CWebApplication.php(141): CWebApplication->runController('users')
#1 /var/www/html/framework/base/CApplication.php(185): CWebApplication->processRequest()
#2 /var/www/html/test_crud/index.php(13): CApplication->run()
#3 {main}
REQUEST_URI=/test_crud/index.php?r=users
HTTP_REFERER=http://localhost:8080/test_crud/index.php?r=site/index
---
2025/06/28 10:20:27 [warning] [application] Failed to set unsafe attribute "tags" of "User".
in /var/www/html/test_crud/protected/controllers/UserController.php (32)
in /var/www/html/test_crud/index.php (13)
2025/06/28 10:20:27 [warning] [system.web.CHttpSession] Optional parameter $modelClass declared before required parameter $id is implicitly treated as a required parameter
in /var/www/html/test_crud/protected/views/layouts/main.php (37)
in /var/www/html/test_crud/protected/views/layouts/column1.php (6)
in /var/www/html/test_crud/protected/controllers/UserController.php (21)
2025/06/28 10:20:27 [warning] [system.web.CHttpSession] Optional parameter $modelClass declared before required parameter $id is implicitly treated as a required parameter
in /var/www/html/test_crud/protected/views/layouts/main.php (37)
in /var/www/html/test_crud/protected/views/layouts/column1.php (6)
in /var/www/html/test_crud/protected/controllers/UserController.php (21)
2025/06/28 10:27:46 [error] [php] Object of class Tag could not be converted to int (/var/www/html/framework/web/helpers/CHtml.php:1171)
Stack trace:
#0 /var/www/html/framework/web/helpers/CHtml.php(1171): in_array()
#1 /var/www/html/framework/web/helpers/CHtml.php(2138): checkBoxList()
#2 /var/www/html/framework/web/widgets/CActiveForm.php(947): activeCheckBoxList()
#3 /var/www/html/test_crud/protected/views/user/update.php(80): CActiveForm->checkBoxList()
#4 /var/www/html/framework/web/CBaseController.php(126): require()
#5 /var/www/html/framework/web/CBaseController.php(95): UserController->renderInternal()
#6 /var/www/html/framework/web/CController.php(872): UserController->renderFile()
#7 /var/www/html/framework/web/CController.php(785): UserController->renderPartial()
#8 /var/www/html/test_crud/protected/controllers/UserController.php(108): UserController->render()
#9 unknown(0): UserController->actionUpdate()
#10 /var/www/html/framework/web/actions/CAction.php(114): ReflectionMethod->invokeArgs()
#11 /var/www/html/framework/web/actions/CInlineAction.php(47): CInlineAction->runWithParamsInternal()
#12 /var/www/html/framework/web/CController.php(308): CInlineAction->runWithParams()
#13 /var/www/html/framework/web/CController.php(286): UserController->runAction()
#14 /var/www/html/framework/web/CController.php(265): UserController->runActionWithFilters()
#15 /var/www/html/framework/web/CWebApplication.php(282): UserController->run()
#16 /var/www/html/framework/web/CWebApplication.php(141): CWebApplication->runController()
#17 /var/www/html/framework/base/CApplication.php(185): CWebApplication->processRequest()
#18 /var/www/html/test_crud/index.php(13): CWebApplication->run()
REQUEST_URI=/test_crud/index.php?r=user/update&id=7
in /var/www/html/test_crud/protected/views/user/update.php (80)
in /var/www/html/test_crud/protected/controllers/UserController.php (108)
in /var/www/html/test_crud/index.php (13)
2025/06/28 10:29:27 [error] [php] Object of class Tag could not be converted to int (/var/www/html/framework/web/helpers/CHtml.php:1171)
Stack trace:
#0 /var/www/html/framework/web/helpers/CHtml.php(1171): in_array()
#1 /var/www/html/framework/web/helpers/CHtml.php(2138): checkBoxList()
#2 /var/www/html/framework/web/widgets/CActiveForm.php(947): activeCheckBoxList()
#3 /var/www/html/test_crud/protected/views/user/update.php(80): CActiveForm->checkBoxList()
#4 /var/www/html/framework/web/CBaseController.php(126): require()
#5 /var/www/html/framework/web/CBaseController.php(95): UserController->renderInternal()
#6 /var/www/html/framework/web/CController.php(872): UserController->renderFile()
#7 /var/www/html/framework/web/CController.php(785): UserController->renderPartial()
#8 /var/www/html/test_crud/protected/controllers/UserController.php(108): UserController->render()
#9 unknown(0): UserController->actionUpdate()
#10 /var/www/html/framework/web/actions/CAction.php(114): ReflectionMethod->invokeArgs()
#11 /var/www/html/framework/web/actions/CInlineAction.php(47): CInlineAction->runWithParamsInternal()
#12 /var/www/html/framework/web/CController.php(308): CInlineAction->runWithParams()
#13 /var/www/html/framework/web/CController.php(286): UserController->runAction()
#14 /var/www/html/framework/web/CController.php(265): UserController->runActionWithFilters()
#15 /var/www/html/framework/web/CWebApplication.php(282): UserController->run()
#16 /var/www/html/framework/web/CWebApplication.php(141): CWebApplication->runController()
#17 /var/www/html/framework/base/CApplication.php(185): CWebApplication->processRequest()
#18 /var/www/html/test_crud/index.php(13): CWebApplication->run()
REQUEST_URI=/test_crud/index.php?r=user/update&id=7
in /var/www/html/test_crud/protected/views/user/update.php (80)
in /var/www/html/test_crud/protected/controllers/UserController.php (108)
in /var/www/html/test_crud/index.php (13)
2025/06/28 10:29:27 [error] [php] Object of class Tag could not be converted to int (/var/www/html/framework/web/helpers/CHtml.php:1171)
Stack trace:
#0 /var/www/html/framework/web/helpers/CHtml.php(1171): in_array()
#1 /var/www/html/framework/web/helpers/CHtml.php(2138): checkBoxList()
#2 /var/www/html/framework/web/widgets/CActiveForm.php(947): activeCheckBoxList()
#3 /var/www/html/test_crud/protected/views/user/update.php(80): CActiveForm->checkBoxList()
#4 /var/www/html/framework/web/CBaseController.php(126): require()
#5 /var/www/html/framework/web/CBaseController.php(95): UserController->renderInternal()
#6 /var/www/html/framework/web/CController.php(872): UserController->renderFile()
#7 /var/www/html/framework/web/CController.php(785): UserController->renderPartial()
#8 /var/www/html/test_crud/protected/controllers/UserController.php(108): UserController->render()
#9 unknown(0): UserController->actionUpdate()
#10 /var/www/html/framework/web/actions/CAction.php(114): ReflectionMethod->invokeArgs()
#11 /var/www/html/framework/web/actions/CInlineAction.php(47): CInlineAction->runWithParamsInternal()
#12 /var/www/html/framework/web/CController.php(308): CInlineAction->runWithParams()
#13 /var/www/html/framework/web/CController.php(286): UserController->runAction()
#14 /var/www/html/framework/web/CController.php(265): UserController->runActionWithFilters()
#15 /var/www/html/framework/web/CWebApplication.php(282): UserController->run()
#16 /var/www/html/framework/web/CWebApplication.php(141): CWebApplication->runController()
#17 /var/www/html/framework/base/CApplication.php(185): CWebApplication->processRequest()
#18 /var/www/html/test_crud/index.php(13): CWebApplication->run()
REQUEST_URI=/test_crud/index.php?r=user/update&id=7
in /var/www/html/test_crud/protected/views/user/update.php (80)
in /var/www/html/test_crud/protected/controllers/UserController.php (108)
in /var/www/html/test_crud/index.php (13)
2025/06/28 10:29:28 [error] [php] Object of class Tag could not be converted to int (/var/www/html/framework/web/helpers/CHtml.php:1171)
Stack trace:
#0 /var/www/html/framework/web/helpers/CHtml.php(1171): in_array()
#1 /var/www/html/framework/web/helpers/CHtml.php(2138): checkBoxList()
#2 /var/www/html/framework/web/widgets/CActiveForm.php(947): activeCheckBoxList()
#3 /var/www/html/test_crud/protected/views/user/update.php(80): CActiveForm->checkBoxList()
#4 /var/www/html/framework/web/CBaseController.php(126): require()
#5 /var/www/html/framework/web/CBaseController.php(95): UserController->renderInternal()
#6 /var/www/html/framework/web/CController.php(872): UserController->renderFile()
#7 /var/www/html/framework/web/CController.php(785): UserController->renderPartial()
#8 /var/www/html/test_crud/protected/controllers/UserController.php(108): UserController->render()
#9 unknown(0): UserController->actionUpdate()
#10 /var/www/html/framework/web/actions/CAction.php(114): ReflectionMethod->invokeArgs()
#11 /var/www/html/framework/web/actions/CInlineAction.php(47): CInlineAction->runWithParamsInternal()
#12 /var/www/html/framework/web/CController.php(308): CInlineAction->runWithParams()
#13 /var/www/html/framework/web/CController.php(286): UserController->runAction()
#14 /var/www/html/framework/web/CController.php(265): UserController->runActionWithFilters()
#15 /var/www/html/framework/web/CWebApplication.php(282): UserController->run()
#16 /var/www/html/framework/web/CWebApplication.php(141): CWebApplication->runController()
#17 /var/www/html/framework/base/CApplication.php(185): CWebApplication->processRequest()
#18 /var/www/html/test_crud/index.php(13): CWebApplication->run()
REQUEST_URI=/test_crud/index.php?r=user/update&id=7
in /var/www/html/test_crud/protected/views/user/update.php (80)
in /var/www/html/test_crud/protected/controllers/UserController.php (108)
in /var/www/html/test_crud/index.php (13)
2025/06/28 10:29:28 [error] [php] Object of class Tag could not be converted to int (/var/www/html/framework/web/helpers/CHtml.php:1171)
Stack trace:
#0 /var/www/html/framework/web/helpers/CHtml.php(1171): in_array()
#1 /var/www/html/framework/web/helpers/CHtml.php(2138): checkBoxList()
#2 /var/www/html/framework/web/widgets/CActiveForm.php(947): activeCheckBoxList()
#3 /var/www/html/test_crud/protected/views/user/update.php(80): CActiveForm->checkBoxList()
#4 /var/www/html/framework/web/CBaseController.php(126): require()
#5 /var/www/html/framework/web/CBaseController.php(95): UserController->renderInternal()
#6 /var/www/html/framework/web/CController.php(872): UserController->renderFile()
#7 /var/www/html/framework/web/CController.php(785): UserController->renderPartial()
#8 /var/www/html/test_crud/protected/controllers/UserController.php(108): UserController->render()
#9 unknown(0): UserController->actionUpdate()
#10 /var/www/html/framework/web/actions/CAction.php(114): ReflectionMethod->invokeArgs()
#11 /var/www/html/framework/web/actions/CInlineAction.php(47): CInlineAction->runWithParamsInternal()
#12 /var/www/html/framework/web/CController.php(308): CInlineAction->runWithParams()
#13 /var/www/html/framework/web/CController.php(286): UserController->runAction()
#14 /var/www/html/framework/web/CController.php(265): UserController->runActionWithFilters()
#15 /var/www/html/framework/web/CWebApplication.php(282): UserController->run()
#16 /var/www/html/framework/web/CWebApplication.php(141): CWebApplication->runController()
#17 /var/www/html/framework/base/CApplication.php(185): CWebApplication->processRequest()
#18 /var/www/html/test_crud/index.php(13): CWebApplication->run()
REQUEST_URI=/test_crud/index.php?r=user/update&id=7
in /var/www/html/test_crud/protected/views/user/update.php (80)
in /var/www/html/test_crud/protected/controllers/UserController.php (108)
in /var/www/html/test_crud/index.php (13)
2025/06/28 10:29:28 [error] [php] Object of class Tag could not be converted to int (/var/www/html/framework/web/helpers/CHtml.php:1171)
Stack trace:
#0 /var/www/html/framework/web/helpers/CHtml.php(1171): in_array()
#1 /var/www/html/framework/web/helpers/CHtml.php(2138): checkBoxList()
#2 /var/www/html/framework/web/widgets/CActiveForm.php(947): activeCheckBoxList()
#3 /var/www/html/test_crud/protected/views/user/update.php(80): CActiveForm->checkBoxList()
#4 /var/www/html/framework/web/CBaseController.php(126): require()
#5 /var/www/html/framework/web/CBaseController.php(95): UserController->renderInternal()
#6 /var/www/html/framework/web/CController.php(872): UserController->renderFile()
#7 /var/www/html/framework/web/CController.php(785): UserController->renderPartial()
#8 /var/www/html/test_crud/protected/controllers/UserController.php(108): UserController->render()
#9 unknown(0): UserController->actionUpdate()
#10 /var/www/html/framework/web/actions/CAction.php(114): ReflectionMethod->invokeArgs()
#11 /var/www/html/framework/web/actions/CInlineAction.php(47): CInlineAction->runWithParamsInternal()
#12 /var/www/html/framework/web/CController.php(308): CInlineAction->runWithParams()
#13 /var/www/html/framework/web/CController.php(286): UserController->runAction()
#14 /var/www/html/framework/web/CController.php(265): UserController->runActionWithFilters()
#15 /var/www/html/framework/web/CWebApplication.php(282): UserController->run()
#16 /var/www/html/framework/web/CWebApplication.php(141): CWebApplication->runController()
#17 /var/www/html/framework/base/CApplication.php(185): CWebApplication->processRequest()
#18 /var/www/html/test_crud/index.php(13): CWebApplication->run()
REQUEST_URI=/test_crud/index.php?r=user/update&id=7
in /var/www/html/test_crud/protected/views/user/update.php (80)
in /var/www/html/test_crud/protected/controllers/UserController.php (108)
in /var/www/html/test_crud/index.php (13)
2025/06/28 10:29:28 [error] [php] Object of class Tag could not be converted to int (/var/www/html/framework/web/helpers/CHtml.php:1171)
Stack trace:
#0 /var/www/html/framework/web/helpers/CHtml.php(1171): in_array()
#1 /var/www/html/framework/web/helpers/CHtml.php(2138): checkBoxList()
#2 /var/www/html/framework/web/widgets/CActiveForm.php(947): activeCheckBoxList()
#3 /var/www/html/test_crud/protected/views/user/update.php(80): CActiveForm->checkBoxList()
#4 /var/www/html/framework/web/CBaseController.php(126): require()
#5 /var/www/html/framework/web/CBaseController.php(95): UserController->renderInternal()
#6 /var/www/html/framework/web/CController.php(872): UserController->renderFile()
#7 /var/www/html/framework/web/CController.php(785): UserController->renderPartial()
#8 /var/www/html/test_crud/protected/controllers/UserController.php(108): UserController->render()
#9 unknown(0): UserController->actionUpdate()
#10 /var/www/html/framework/web/actions/CAction.php(114): ReflectionMethod->invokeArgs()
#11 /var/www/html/framework/web/actions/CInlineAction.php(47): CInlineAction->runWithParamsInternal()
#12 /var/www/html/framework/web/CController.php(308): CInlineAction->runWithParams()
#13 /var/www/html/framework/web/CController.php(286): UserController->runAction()
#14 /var/www/html/framework/web/CController.php(265): UserController->runActionWithFilters()
#15 /var/www/html/framework/web/CWebApplication.php(282): UserController->run()
#16 /var/www/html/framework/web/CWebApplication.php(141): CWebApplication->runController()
#17 /var/www/html/framework/base/CApplication.php(185): CWebApplication->processRequest()
#18 /var/www/html/test_crud/index.php(13): CWebApplication->run()
REQUEST_URI=/test_crud/index.php?r=user/update&id=7
in /var/www/html/test_crud/protected/views/user/update.php (80)
in /var/www/html/test_crud/protected/controllers/UserController.php (108)
in /var/www/html/test_crud/index.php (13)
2025/06/28 10:29:29 [error] [php] Object of class Tag could not be converted to int (/var/www/html/framework/web/helpers/CHtml.php:1171)
Stack trace:
#0 /var/www/html/framework/web/helpers/CHtml.php(1171): in_array()
#1 /var/www/html/framework/web/helpers/CHtml.php(2138): checkBoxList()
#2 /var/www/html/framework/web/widgets/CActiveForm.php(947): activeCheckBoxList()
#3 /var/www/html/test_crud/protected/views/user/update.php(80): CActiveForm->checkBoxList()
#4 /var/www/html/framework/web/CBaseController.php(126): require()
#5 /var/www/html/framework/web/CBaseController.php(95): UserController->renderInternal()
#6 /var/www/html/framework/web/CController.php(872): UserController->renderFile()
#7 /var/www/html/framework/web/CController.php(785): UserController->renderPartial()
#8 /var/www/html/test_crud/protected/controllers/UserController.php(108): UserController->render()
#9 unknown(0): UserController->actionUpdate()
#10 /var/www/html/framework/web/actions/CAction.php(114): ReflectionMethod->invokeArgs()
#11 /var/www/html/framework/web/actions/CInlineAction.php(47): CInlineAction->runWithParamsInternal()
#12 /var/www/html/framework/web/CController.php(308): CInlineAction->runWithParams()
#13 /var/www/html/framework/web/CController.php(286): UserController->runAction()
#14 /var/www/html/framework/web/CController.php(265): UserController->runActionWithFilters()
#15 /var/www/html/framework/web/CWebApplication.php(282): UserController->run()
#16 /var/www/html/framework/web/CWebApplication.php(141): CWebApplication->runController()
#17 /var/www/html/framework/base/CApplication.php(185): CWebApplication->processRequest()
#18 /var/www/html/test_crud/index.php(13): CWebApplication->run()
REQUEST_URI=/test_crud/index.php?r=user/update&id=7
in /var/www/html/test_crud/protected/views/user/update.php (80)
in /var/www/html/test_crud/protected/controllers/UserController.php (108)
in /var/www/html/test_crud/index.php (13)
2025/06/28 10:29:50 [error] [php] Object of class Tag could not be converted to int (/var/www/html/framework/web/helpers/CHtml.php:1171)
Stack trace:
#0 /var/www/html/framework/web/helpers/CHtml.php(1171): in_array()
#1 /var/www/html/framework/web/helpers/CHtml.php(2138): checkBoxList()
#2 /var/www/html/framework/web/widgets/CActiveForm.php(947): activeCheckBoxList()
#3 /var/www/html/test_crud/protected/views/user/update.php(80): CActiveForm->checkBoxList()
#4 /var/www/html/framework/web/CBaseController.php(126): require()
#5 /var/www/html/framework/web/CBaseController.php(95): UserController->renderInternal()
#6 /var/www/html/framework/web/CController.php(872): UserController->renderFile()
#7 /var/www/html/framework/web/CController.php(785): UserController->renderPartial()
#8 /var/www/html/test_crud/protected/controllers/UserController.php(108): UserController->render()
#9 unknown(0): UserController->actionUpdate()
#10 /var/www/html/framework/web/actions/CAction.php(114): ReflectionMethod->invokeArgs()
#11 /var/www/html/framework/web/actions/CInlineAction.php(47): CInlineAction->runWithParamsInternal()
#12 /var/www/html/framework/web/CController.php(308): CInlineAction->runWithParams()
#13 /var/www/html/framework/web/CController.php(286): UserController->runAction()
#14 /var/www/html/framework/web/CController.php(265): UserController->runActionWithFilters()
#15 /var/www/html/framework/web/CWebApplication.php(282): UserController->run()
#16 /var/www/html/framework/web/CWebApplication.php(141): CWebApplication->runController()
#17 /var/www/html/framework/base/CApplication.php(185): CWebApplication->processRequest()
#18 /var/www/html/test_crud/index.php(13): CWebApplication->run()
REQUEST_URI=/test_crud/index.php?r=user/update&id=7
in /var/www/html/test_crud/protected/views/user/update.php (80)
in /var/www/html/test_crud/protected/controllers/UserController.php (108)
in /var/www/html/test_crud/index.php (13)
2025/06/28 10:29:51 [error] [php] Object of class Tag could not be converted to int (/var/www/html/framework/web/helpers/CHtml.php:1171)
Stack trace:
#0 /var/www/html/framework/web/helpers/CHtml.php(1171): in_array()
#1 /var/www/html/framework/web/helpers/CHtml.php(2138): checkBoxList()
#2 /var/www/html/framework/web/widgets/CActiveForm.php(947): activeCheckBoxList()
#3 /var/www/html/test_crud/protected/views/user/update.php(80): CActiveForm->checkBoxList()
#4 /var/www/html/framework/web/CBaseController.php(126): require()
#5 /var/www/html/framework/web/CBaseController.php(95): UserController->renderInternal()
#6 /var/www/html/framework/web/CController.php(872): UserController->renderFile()
#7 /var/www/html/framework/web/CController.php(785): UserController->renderPartial()
#8 /var/www/html/test_crud/protected/controllers/UserController.php(108): UserController->render()
#9 unknown(0): UserController->actionUpdate()
#10 /var/www/html/framework/web/actions/CAction.php(114): ReflectionMethod->invokeArgs()
#11 /var/www/html/framework/web/actions/CInlineAction.php(47): CInlineAction->runWithParamsInternal()
#12 /var/www/html/framework/web/CController.php(308): CInlineAction->runWithParams()
#13 /var/www/html/framework/web/CController.php(286): UserController->runAction()
#14 /var/www/html/framework/web/CController.php(265): UserController->runActionWithFilters()
#15 /var/www/html/framework/web/CWebApplication.php(282): UserController->run()
#16 /var/www/html/framework/web/CWebApplication.php(141): CWebApplication->runController()
#17 /var/www/html/framework/base/CApplication.php(185): CWebApplication->processRequest()
#18 /var/www/html/test_crud/index.php(13): CWebApplication->run()
REQUEST_URI=/test_crud/index.php?r=user/update&id=7
in /var/www/html/test_crud/protected/views/user/update.php (80)
in /var/www/html/test_crud/protected/controllers/UserController.php (108)
in /var/www/html/test_crud/index.php (13)
2025/06/28 10:29:59 [error] [exception.CException] CException: Property "User." is not defined. in /var/www/html/framework/base/CComponent.php:130
Stack trace:
#0 /var/www/html/framework/db/ar/CActiveRecord.php(145): CComponent->__get('')
#1 /var/www/html/framework/web/helpers/CHtml.php(2784): CActiveRecord->__get('')
#2 /var/www/html/framework/web/helpers/CHtml.php(2119): CHtml::resolveValue(Object(User), '')
#3 /var/www/html/framework/web/widgets/CActiveForm.php(947): CHtml::activeCheckBoxList(Object(User), '', Array, Array)
#4 /var/www/html/test_crud/protected/views/user/update.php(80): CActiveForm->checkBoxList(Object(User), '', Array, Array)
#5 /var/www/html/framework/web/CBaseController.php(126): require('/var/www/html/t...')
#6 /var/www/html/framework/web/CBaseController.php(95): CBaseController->renderInternal('/var/www/html/t...', Array, true)
#7 /var/www/html/framework/web/CController.php(872): CBaseController->renderFile('/var/www/html/t...', Array, true)
#8 /var/www/html/framework/web/CController.php(785): CController->renderPartial('update', Array, true)
#9 /var/www/html/test_crud/protected/controllers/UserController.php(108): CController->render('update', Array)
#10 [internal function]: UserController->actionUpdate('7')
#11 /var/www/html/framework/web/actions/CAction.php(114): ReflectionMethod->invokeArgs(Object(UserController), Array)
#12 /var/www/html/framework/web/actions/CInlineAction.php(47): CAction->runWithParamsInternal(Object(UserController), Object(ReflectionMethod), Array)
#13 /var/www/html/framework/web/CController.php(308): CInlineAction->runWithParams(Array)
#14 /var/www/html/framework/web/CController.php(286): CController->runAction(Object(CInlineAction))
#15 /var/www/html/framework/web/CController.php(265): CController->runActionWithFilters(Object(CInlineAction), Array)
#16 /var/www/html/framework/web/CWebApplication.php(282): CController->run('update')
#17 /var/www/html/framework/web/CWebApplication.php(141): CWebApplication->runController('user/update')
#18 /var/www/html/framework/base/CApplication.php(185): CWebApplication->processRequest()
#19 /var/www/html/test_crud/index.php(13): CApplication->run()
#20 {main}
REQUEST_URI=/test_crud/index.php?r=user/update&id=7
HTTP_REFERER=http://localhost:8080/test_crud/index.php?r=user/index
---
2025/06/28 10:30:00 [error] [exception.CException] CException: Property "User." is not defined. in /var/www/html/framework/base/CComponent.php:130
Stack trace:
#0 /var/www/html/framework/db/ar/CActiveRecord.php(145): CComponent->__get('')
#1 /var/www/html/framework/web/helpers/CHtml.php(2784): CActiveRecord->__get('')
#2 /var/www/html/framework/web/helpers/CHtml.php(2119): CHtml::resolveValue(Object(User), '')
#3 /var/www/html/framework/web/widgets/CActiveForm.php(947): CHtml::activeCheckBoxList(Object(User), '', Array, Array)
#4 /var/www/html/test_crud/protected/views/user/update.php(80): CActiveForm->checkBoxList(Object(User), '', Array, Array)
#5 /var/www/html/framework/web/CBaseController.php(126): require('/var/www/html/t...')
#6 /var/www/html/framework/web/CBaseController.php(95): CBaseController->renderInternal('/var/www/html/t...', Array, true)
#7 /var/www/html/framework/web/CController.php(872): CBaseController->renderFile('/var/www/html/t...', Array, true)
#8 /var/www/html/framework/web/CController.php(785): CController->renderPartial('update', Array, true)
#9 /var/www/html/test_crud/protected/controllers/UserController.php(108): CController->render('update', Array)
#10 [internal function]: UserController->actionUpdate('7')
#11 /var/www/html/framework/web/actions/CAction.php(114): ReflectionMethod->invokeArgs(Object(UserController), Array)
#12 /var/www/html/framework/web/actions/CInlineAction.php(47): CAction->runWithParamsInternal(Object(UserController), Object(ReflectionMethod), Array)
#13 /var/www/html/framework/web/CController.php(308): CInlineAction->runWithParams(Array)
#14 /var/www/html/framework/web/CController.php(286): CController->runAction(Object(CInlineAction))
#15 /var/www/html/framework/web/CController.php(265): CController->runActionWithFilters(Object(CInlineAction), Array)
#16 /var/www/html/framework/web/CWebApplication.php(282): CController->run('update')
#17 /var/www/html/framework/web/CWebApplication.php(141): CWebApplication->runController('user/update')
#18 /var/www/html/framework/base/CApplication.php(185): CWebApplication->processRequest()
#19 /var/www/html/test_crud/index.php(13): CApplication->run()
#20 {main}
REQUEST_URI=/test_crud/index.php?r=user/update&id=7
HTTP_REFERER=http://localhost:8080/test_crud/index.php?r=user/index
---
2025/06/28 10:50:39 [warning] [application] Failed to set unsafe attribute "tags" of "User".
in /var/www/html/test_crud/protected/controllers/UserController.php (32)
in /var/www/html/test_crud/index.php (13)
2025/06/28 10:50:45 [warning] [application] Failed to set unsafe attribute "tags" of "User".
in /var/www/html/test_crud/protected/controllers/UserController.php (32)
in /var/www/html/test_crud/index.php (13)
2025/06/28 10:50:45 [error] [php] foreach() argument must be of type array|object, string given (/var/www/html/test_crud/protected/controllers/UserController.php:44)
Stack trace:
#0 /var/www/html/framework/web/actions/CInlineAction.php(49): UserController->actionCreate()
#1 /var/www/html/framework/web/CController.php(308): CInlineAction->runWithParams()
#2 /var/www/html/framework/web/CController.php(286): UserController->runAction()
#3 /var/www/html/framework/web/CController.php(265): UserController->runActionWithFilters()
#4 /var/www/html/framework/web/CWebApplication.php(282): UserController->run()
#5 /var/www/html/framework/web/CWebApplication.php(141): CWebApplication->runController()
#6 /var/www/html/framework/base/CApplication.php(185): CWebApplication->processRequest()
#7 /var/www/html/test_crud/index.php(13): CWebApplication->run()
REQUEST_URI=/test_crud/index.php?r=user/create
in /var/www/html/test_crud/protected/controllers/UserController.php (44)
in /var/www/html/test_crud/index.php (13)
2025/06/28 10:51:14 [warning] [application] Failed to set unsafe attribute "tags" of "User".
in /var/www/html/test_crud/protected/controllers/UserController.php (32)
in /var/www/html/test_crud/index.php (13)
2025/06/28 10:52:47 [warning] [application] Failed to set unsafe attribute "tags" of "User".
in /var/www/html/test_crud/protected/controllers/UserController.php (32)
in /var/www/html/test_crud/index.php (13)
2025/06/28 11:03:10 [error] [exception.CException] CException: Property "LoginForm.username" is not defined. in /var/www/html/framework/base/CComponent.php:130
Stack trace:
#0 /var/www/html/framework/web/helpers/CHtml.php(2784): CComponent->__get('username')
#1 /var/www/html/framework/web/helpers/CHtml.php(2507): CHtml::resolveValue(Object(LoginForm), 'username')
#2 /var/www/html/framework/web/helpers/CHtml.php(1554): CHtml::activeInputField('text', Object(LoginForm), 'username', Array)
#3 /var/www/html/framework/web/widgets/CActiveForm.php(793): CHtml::activeTextField(Object(LoginForm), 'username', Array)
#4 /var/www/html/test_crud/protected/views/site/login.php(29): CActiveForm->textField(Object(LoginForm), 'username')
#5 /var/www/html/framework/web/CBaseController.php(126): require('/var/www/html/t...')
#6 /var/www/html/framework/web/CBaseController.php(95): CBaseController->renderInternal('/var/www/html/t...', Array, true)
#7 /var/www/html/framework/web/CController.php(872): CBaseController->renderFile('/var/www/html/t...', Array, true)
#8 /var/www/html/framework/web/CController.php(785): CController->renderPartial('login', Array, true)
#9 /var/www/html/test_crud/protected/controllers/SiteController.php(98): CController->render('login', Array)
#10 /var/www/html/framework/web/actions/CInlineAction.php(49): SiteController->actionLogin()
#11 /var/www/html/framework/web/CController.php(308): CInlineAction->runWithParams(Array)
#12 /var/www/html/framework/web/CController.php(286): CController->runAction(Object(CInlineAction))
#13 /var/www/html/framework/web/CController.php(265): CController->runActionWithFilters(Object(CInlineAction), Array)
#14 /var/www/html/framework/web/CWebApplication.php(282): CController->run('login')
#15 /var/www/html/framework/web/CWebApplication.php(141): CWebApplication->runController('site/login')
#16 /var/www/html/framework/base/CApplication.php(185): CWebApplication->processRequest()
#17 /var/www/html/test_crud/index.php(13): CApplication->run()
#18 {main}
REQUEST_URI=/test_crud/index.php?r=site/login
HTTP_REFERER=http://localhost:8080/test_crud/index.php?r=user/update&id=9
---
2025/06/28 11:08:27 [error] [exception.CException] CException: Property "UserIdentity.email" is not defined. in /var/www/html/framework/base/CComponent.php:130
Stack trace:
#0 /var/www/html/test_crud/protected/components/UserIdentity.php(11): CComponent->__get('email')
#1 /var/www/html/test_crud/protected/models/LoginForm.php(54): UserIdentity->authenticate()
#2 /var/www/html/framework/validators/CInlineValidator.php(42): LoginForm->authenticate('password', Array)
#3 /var/www/html/framework/validators/CValidator.php(201): CInlineValidator->validateAttribute(Object(LoginForm), 'password')
#4 /var/www/html/framework/base/CModel.php(159): CValidator->validate(Object(LoginForm), Array)
#5 /var/www/html/test_crud/protected/controllers/SiteController.php(94): CModel->validate()
#6 /var/www/html/framework/web/actions/CInlineAction.php(49): SiteController->actionLogin()
#7 /var/www/html/framework/web/CController.php(308): CInlineAction->runWithParams(Array)
#8 /var/www/html/framework/web/CController.php(286): CController->runAction(Object(CInlineAction))
#9 /var/www/html/framework/web/CController.php(265): CController->runActionWithFilters(Object(CInlineAction), Array)
#10 /var/www/html/framework/web/CWebApplication.php(282): CController->run('login')
#11 /var/www/html/framework/web/CWebApplication.php(141): CWebApplication->runController('site/login')
#12 /var/www/html/framework/base/CApplication.php(185): CWebApplication->processRequest()
#13 /var/www/html/test_crud/index.php(13): CApplication->run()
#14 {main}
REQUEST_URI=/test_crud/index.php?r=site/login
HTTP_REFERER=http://localhost:8080/test_crud/index.php?r=site/login
---
2025/06/28 11:20:34 [warning] [application] Failed to set unsafe attribute "tags" of "User".
in /var/www/html/test_crud/protected/controllers/UserController.php (58)
in /var/www/html/test_crud/index.php (13)
2025/06/28 11:21:13 [warning] [application] Failed to set unsafe attribute "tags" of "User".
in /var/www/html/test_crud/protected/controllers/UserController.php (58)
in /var/www/html/test_crud/index.php (13)
2025/06/28 11:22:14 [warning] [application] Failed to set unsafe attribute "tags" of "User".
in /var/www/html/test_crud/protected/controllers/UserController.php (58)
in /var/www/html/test_crud/index.php (13)
2025/06/28 11:22:24 [error] [exception.CException] CException: Property "CWebUser.role" is not defined. in /var/www/html/framework/base/CComponent.php:130
Stack trace:
#0 /var/www/html/framework/web/auth/CWebUser.php(146): CComponent->__get('role')
#1 /var/www/html/test_crud/protected/controllers/UserController.php(9): CWebUser->__get('role')
#2 /var/www/html/framework/web/CController.php(306): UserController->beforeAction(Object(CInlineAction))
#3 /var/www/html/framework/web/CController.php(286): CController->runAction(Object(CInlineAction))
#4 /var/www/html/framework/web/CController.php(265): CController->runActionWithFilters(Object(CInlineAction), Array)
#5 /var/www/html/framework/web/CWebApplication.php(282): CController->run('')
#6 /var/www/html/framework/web/CWebApplication.php(141): CWebApplication->runController('user')
#7 /var/www/html/framework/base/CApplication.php(185): CWebApplication->processRequest()
#8 /var/www/html/test_crud/index.php(13): CApplication->run()
#9 {main}
REQUEST_URI=/test_crud/index.php?r=user
HTTP_REFERER=http://localhost:8080/test_crud/index.php
---
2025/06/28 13:59:46 [warning] [system.web.CHttpSession] Failed to start session.
in /var/www/html/test_crud/protected/models/LoginForm.php (75)
in /var/www/html/test_crud/protected/controllers/SiteController.php (94)
in /var/www/html/test_crud/index.php (13)
2025/06/28 13:59:46 [warning] [system.web.CHttpSession] Failed to start session.
in /var/www/html/test_crud/protected/models/LoginForm.php (75)
in /var/www/html/test_crud/protected/controllers/SiteController.php (94)
in /var/www/html/test_crud/index.php (13)
2025/06/28 13:59:46 [error] [php] Cannot modify header information - headers already sent by (output started at /var/www/html/test_crud/protected/models/LoginForm.php:51) (/var/www/html/framework/web/CHttpRequest.php:911)
Stack trace:
#0 /var/www/html/framework/web/CHttpRequest.php(911): header()
#1 /var/www/html/framework/web/CController.php(1033): CHttpRequest->redirect()
#2 /var/www/html/test_crud/protected/controllers/SiteController.php(95): SiteController->redirect()
#3 /var/www/html/framework/web/actions/CInlineAction.php(49): SiteController->actionLogin()
#4 /var/www/html/framework/web/CController.php(308): CInlineAction->runWithParams()
#5 /var/www/html/framework/web/CController.php(286): SiteController->runAction()
#6 /var/www/html/framework/web/CController.php(265): SiteController->runActionWithFilters()
#7 /var/www/html/framework/web/CWebApplication.php(282): SiteController->run()
#8 /var/www/html/framework/web/CWebApplication.php(141): CWebApplication->runController()
#9 /var/www/html/framework/base/CApplication.php(185): CWebApplication->processRequest()
#10 /var/www/html/test_crud/index.php(13): CWebApplication->run()
REQUEST_URI=/test_crud/index.php?r=site/login
in /var/www/html/test_crud/protected/controllers/SiteController.php (95)
in /var/www/html/test_crud/index.php (13)
2025/06/28 14:12:51 [error] [exception.CException] CException: Property "User." is not defined. in /var/www/html/framework/base/CComponent.php:130
Stack trace:
#0 /var/www/html/framework/db/ar/CActiveRecord.php(145): CComponent->__get('')
#1 /var/www/html/framework/web/helpers/CHtml.php(2784): CActiveRecord->__get('')
#2 /var/www/html/framework/web/helpers/CHtml.php(2507): CHtml::resolveValue(Object(User), '')
#3 /var/www/html/framework/web/helpers/CHtml.php(1828): CHtml::activeInputField('password', Object(User), '', Array)
#4 /var/www/html/framework/web/widgets/CActiveForm.php(839): CHtml::activePasswordField(Object(User), '', Array)
#5 /var/www/html/test_crud/protected/views/user/update.php(50): CActiveForm->passwordField(Object(User), '', Array)
#6 /var/www/html/framework/web/CBaseController.php(126): require('/var/www/html/t...')
#7 /var/www/html/framework/web/CBaseController.php(95): CBaseController->renderInternal('/var/www/html/t...', Array, true)
#8 /var/www/html/framework/web/CController.php(872): CBaseController->renderFile('/var/www/html/t...', Array, true)
#9 /var/www/html/framework/web/CController.php(785): CController->renderPartial('update', Array, true)
#10 /var/www/html/test_crud/protected/controllers/UserController.php(142): CController->render('update', Array)
#11 [internal function]: UserController->actionUpdate('10')
#12 /var/www/html/framework/web/actions/CAction.php(114): ReflectionMethod->invokeArgs(Object(UserController), Array)
#13 /var/www/html/framework/web/actions/CInlineAction.php(47): CAction->runWithParamsInternal(Object(UserController), Object(ReflectionMethod), Array)
#14 /var/www/html/framework/web/CController.php(308): CInlineAction->runWithParams(Array)
#15 /var/www/html/framework/web/CController.php(286): CController->runAction(Object(CInlineAction))
#16 /var/www/html/framework/web/CController.php(265): CController->runActionWithFilters(Object(CInlineAction), Array)
#17 /var/www/html/framework/web/CWebApplication.php(282): CController->run('update')
#18 /var/www/html/framework/web/CWebApplication.php(141): CWebApplication->runController('user/update')
#19 /var/www/html/framework/base/CApplication.php(185): CWebApplication->processRequest()
#20 /var/www/html/test_crud/index.php(13): CApplication->run()
#21 {main}
REQUEST_URI=/test_crud/index.php?r=user/update&id=10
HTTP_REFERER=http://localhost:8080/test_crud/index.php?r=user
---
2025/06/28 14:15:22 [error] [exception.CException] CException: User and its behaviors do not have a method or closure named "isAttributeChanged". in /var/www/html/framework/base/CComponent.php:264
Stack trace:
#0 /var/www/html/framework/db/ar/CActiveRecord.php(229): CComponent->__call('isAttributeChan...', Array)
#1 /var/www/html/test_crud/protected/models/User.php(57): CActiveRecord->__call('isAttributeChan...', Array)
#2 /var/www/html/framework/db/ar/CActiveRecord.php(1125): User->beforeSave()
#3 /var/www/html/framework/db/ar/CActiveRecord.php(811): CActiveRecord->update(NULL)
#4 /var/www/html/test_crud/protected/controllers/UserController.php(117): CActiveRecord->save()
#5 [internal function]: UserController->actionUpdate('10')
#6 /var/www/html/framework/web/actions/CAction.php(114): ReflectionMethod->invokeArgs(Object(UserController), Array)
#7 /var/www/html/framework/web/actions/CInlineAction.php(47): CAction->runWithParamsInternal(Object(UserController), Object(ReflectionMethod), Array)
#8 /var/www/html/framework/web/CController.php(308): CInlineAction->runWithParams(Array)
#9 /var/www/html/framework/web/CController.php(286): CController->runAction(Object(CInlineAction))
#10 /var/www/html/framework/web/CController.php(265): CController->runActionWithFilters(Object(CInlineAction), Array)
#11 /var/www/html/framework/web/CWebApplication.php(282): CController->run('update')
#12 /var/www/html/framework/web/CWebApplication.php(141): CWebApplication->runController('user/update')
#13 /var/www/html/framework/base/CApplication.php(185): CWebApplication->processRequest()
#14 /var/www/html/test_crud/index.php(13): CApplication->run()
#15 {main}
REQUEST_URI=/test_crud/index.php?r=user/update&id=10
HTTP_REFERER=http://localhost:8080/test_crud/index.php?r=user/update&id=10
---
2025/06/28 14:15:34 [error] [exception.CException] CException: User and its behaviors do not have a method or closure named "isAttributeChanged". in /var/www/html/framework/base/CComponent.php:264
Stack trace:
#0 /var/www/html/framework/db/ar/CActiveRecord.php(229): CComponent->__call('isAttributeChan...', Array)
#1 /var/www/html/test_crud/protected/models/User.php(57): CActiveRecord->__call('isAttributeChan...', Array)
#2 /var/www/html/framework/db/ar/CActiveRecord.php(1125): User->beforeSave()
#3 /var/www/html/framework/db/ar/CActiveRecord.php(811): CActiveRecord->update(NULL)
#4 /var/www/html/test_crud/protected/controllers/UserController.php(117): CActiveRecord->save()
#5 [internal function]: UserController->actionUpdate('10')
#6 /var/www/html/framework/web/actions/CAction.php(114): ReflectionMethod->invokeArgs(Object(UserController), Array)
#7 /var/www/html/framework/web/actions/CInlineAction.php(47): CAction->runWithParamsInternal(Object(UserController), Object(ReflectionMethod), Array)
#8 /var/www/html/framework/web/CController.php(308): CInlineAction->runWithParams(Array)
#9 /var/www/html/framework/web/CController.php(286): CController->runAction(Object(CInlineAction))
#10 /var/www/html/framework/web/CController.php(265): CController->runActionWithFilters(Object(CInlineAction), Array)
#11 /var/www/html/framework/web/CWebApplication.php(282): CController->run('update')
#12 /var/www/html/framework/web/CWebApplication.php(141): CWebApplication->runController('user/update')
#13 /var/www/html/framework/base/CApplication.php(185): CWebApplication->processRequest()
#14 /var/www/html/test_crud/index.php(13): CApplication->run()
#15 {main}
REQUEST_URI=/test_crud/index.php?r=user/update&id=10
HTTP_REFERER=http://localhost:8080/test_crud/index.php?r=user/update&id=10
---
2025/06/28 14:17:15 [error] [exception.CException] CException: User and its behaviors do not have a method or closure named "isAttributeChanged". in /var/www/html/framework/base/CComponent.php:264
Stack trace:
#0 /var/www/html/framework/db/ar/CActiveRecord.php(229): CComponent->__call('isAttributeChan...', Array)
#1 /var/www/html/test_crud/protected/models/User.php(57): CActiveRecord->__call('isAttributeChan...', Array)
#2 /var/www/html/framework/db/ar/CActiveRecord.php(1125): User->beforeSave()
#3 /var/www/html/framework/db/ar/CActiveRecord.php(811): CActiveRecord->update(NULL)
#4 /var/www/html/test_crud/protected/controllers/UserController.php(117): CActiveRecord->save()
#5 [internal function]: UserController->actionUpdate('10')
#6 /var/www/html/framework/web/actions/CAction.php(114): ReflectionMethod->invokeArgs(Object(UserController), Array)
#7 /var/www/html/framework/web/actions/CInlineAction.php(47): CAction->runWithParamsInternal(Object(UserController), Object(ReflectionMethod), Array)
#8 /var/www/html/framework/web/CController.php(308): CInlineAction->runWithParams(Array)
#9 /var/www/html/framework/web/CController.php(286): CController->runAction(Object(CInlineAction))
#10 /var/www/html/framework/web/CController.php(265): CController->runActionWithFilters(Object(CInlineAction), Array)
#11 /var/www/html/framework/web/CWebApplication.php(282): CController->run('update')
#12 /var/www/html/framework/web/CWebApplication.php(141): CWebApplication->runController('user/update')
#13 /var/www/html/framework/base/CApplication.php(185): CWebApplication->processRequest()
#14 /var/www/html/test_crud/index.php(13): CApplication->run()
#15 {main}
REQUEST_URI=/test_crud/index.php?r=user/update&id=10
HTTP_REFERER=http://localhost:8080/test_crud/index.php?r=user/update&id=10
---
2025/06/28 14:17:22 [error] [exception.CException] CException: User and its behaviors do not have a method or closure named "isAttributeChanged". in /var/www/html/framework/base/CComponent.php:264
Stack trace:
#0 /var/www/html/framework/db/ar/CActiveRecord.php(229): CComponent->__call('isAttributeChan...', Array)
#1 /var/www/html/test_crud/protected/models/User.php(57): CActiveRecord->__call('isAttributeChan...', Array)
#2 /var/www/html/framework/db/ar/CActiveRecord.php(1125): User->beforeSave()
#3 /var/www/html/framework/db/ar/CActiveRecord.php(811): CActiveRecord->update(NULL)
#4 /var/www/html/test_crud/protected/controllers/UserController.php(117): CActiveRecord->save()
#5 [internal function]: UserController->actionUpdate('10')
#6 /var/www/html/framework/web/actions/CAction.php(114): ReflectionMethod->invokeArgs(Object(UserController), Array)
#7 /var/www/html/framework/web/actions/CInlineAction.php(47): CAction->runWithParamsInternal(Object(UserController), Object(ReflectionMethod), Array)
#8 /var/www/html/framework/web/CController.php(308): CInlineAction->runWithParams(Array)
#9 /var/www/html/framework/web/CController.php(286): CController->runAction(Object(CInlineAction))
#10 /var/www/html/framework/web/CController.php(265): CController->runActionWithFilters(Object(CInlineAction), Array)
#11 /var/www/html/framework/web/CWebApplication.php(282): CController->run('update')
#12 /var/www/html/framework/web/CWebApplication.php(141): CWebApplication->runController('user/update')
#13 /var/www/html/framework/base/CApplication.php(185): CWebApplication->processRequest()
#14 /var/www/html/test_crud/index.php(13): CApplication->run()
#15 {main}
REQUEST_URI=/test_crud/index.php?r=user/update&id=10
HTTP_REFERER=http://localhost:8080/test_crud/index.php?r=user/update&id=10
---
2025/06/28 14:17:26 [error] [exception.CException] CException: User and its behaviors do not have a method or closure named "isAttributeChanged". in /var/www/html/framework/base/CComponent.php:264
Stack trace:
#0 /var/www/html/framework/db/ar/CActiveRecord.php(229): CComponent->__call('isAttributeChan...', Array)
#1 /var/www/html/test_crud/protected/models/User.php(57): CActiveRecord->__call('isAttributeChan...', Array)
#2 /var/www/html/framework/db/ar/CActiveRecord.php(1125): User->beforeSave()
#3 /var/www/html/framework/db/ar/CActiveRecord.php(811): CActiveRecord->update(NULL)
#4 /var/www/html/test_crud/protected/controllers/UserController.php(117): CActiveRecord->save()
#5 [internal function]: UserController->actionUpdate('10')
#6 /var/www/html/framework/web/actions/CAction.php(114): ReflectionMethod->invokeArgs(Object(UserController), Array)
#7 /var/www/html/framework/web/actions/CInlineAction.php(47): CAction->runWithParamsInternal(Object(UserController), Object(ReflectionMethod), Array)
#8 /var/www/html/framework/web/CController.php(308): CInlineAction->runWithParams(Array)
#9 /var/www/html/framework/web/CController.php(286): CController->runAction(Object(CInlineAction))
#10 /var/www/html/framework/web/CController.php(265): CController->runActionWithFilters(Object(CInlineAction), Array)
#11 /var/www/html/framework/web/CWebApplication.php(282): CController->run('update')
#12 /var/www/html/framework/web/CWebApplication.php(141): CWebApplication->runController('user/update')
#13 /var/www/html/framework/base/CApplication.php(185): CWebApplication->processRequest()
#14 /var/www/html/test_crud/index.php(13): CApplication->run()
#15 {main}
REQUEST_URI=/test_crud/index.php?r=user/update&id=10
HTTP_REFERER=http://localhost:8080/test_crud/index.php?r=user/update&id=10
---
2025/06/28 14:17:37 [error] [exception.CException] CException: User and its behaviors do not have a method or closure named "isAttributeChanged". in /var/www/html/framework/base/CComponent.php:264
Stack trace:
#0 /var/www/html/framework/db/ar/CActiveRecord.php(229): CComponent->__call('isAttributeChan...', Array)
#1 /var/www/html/test_crud/protected/models/User.php(57): CActiveRecord->__call('isAttributeChan...', Array)
#2 /var/www/html/framework/db/ar/CActiveRecord.php(1125): User->beforeSave()
#3 /var/www/html/framework/db/ar/CActiveRecord.php(811): CActiveRecord->update(NULL)
#4 /var/www/html/test_crud/protected/controllers/UserController.php(117): CActiveRecord->save()
#5 [internal function]: UserController->actionUpdate('10')
#6 /var/www/html/framework/web/actions/CAction.php(114): ReflectionMethod->invokeArgs(Object(UserController), Array)
#7 /var/www/html/framework/web/actions/CInlineAction.php(47): CAction->runWithParamsInternal(Object(UserController), Object(ReflectionMethod), Array)
#8 /var/www/html/framework/web/CController.php(308): CInlineAction->runWithParams(Array)
#9 /var/www/html/framework/web/CController.php(286): CController->runAction(Object(CInlineAction))
#10 /var/www/html/framework/web/CController.php(265): CController->runActionWithFilters(Object(CInlineAction), Array)
#11 /var/www/html/framework/web/CWebApplication.php(282): CController->run('update')
#12 /var/www/html/framework/web/CWebApplication.php(141): CWebApplication->runController('user/update')
#13 /var/www/html/framework/base/CApplication.php(185): CWebApplication->processRequest()
#14 /var/www/html/test_crud/index.php(13): CApplication->run()
#15 {main}
REQUEST_URI=/test_crud/index.php?r=user/update&id=10
HTTP_REFERER=http://localhost:8080/test_crud/index.php?r=user/update&id=10
---
2025/06/28 14:17:40 [error] [exception.CException] CException: User and its behaviors do not have a method or closure named "isAttributeChanged". in /var/www/html/framework/base/CComponent.php:264
Stack trace:
#0 /var/www/html/framework/db/ar/CActiveRecord.php(229): CComponent->__call('isAttributeChan...', Array)
#1 /var/www/html/test_crud/protected/models/User.php(57): CActiveRecord->__call('isAttributeChan...', Array)
#2 /var/www/html/framework/db/ar/CActiveRecord.php(1125): User->beforeSave()
#3 /var/www/html/framework/db/ar/CActiveRecord.php(811): CActiveRecord->update(NULL)
#4 /var/www/html/test_crud/protected/controllers/UserController.php(117): CActiveRecord->save()
#5 [internal function]: UserController->actionUpdate('10')
#6 /var/www/html/framework/web/actions/CAction.php(114): ReflectionMethod->invokeArgs(Object(UserController), Array)
#7 /var/www/html/framework/web/actions/CInlineAction.php(47): CAction->runWithParamsInternal(Object(UserController), Object(ReflectionMethod), Array)
#8 /var/www/html/framework/web/CController.php(308): CInlineAction->runWithParams(Array)
#9 /var/www/html/framework/web/CController.php(286): CController->runAction(Object(CInlineAction))
#10 /var/www/html/framework/web/CController.php(265): CController->runActionWithFilters(Object(CInlineAction), Array)
#11 /var/www/html/framework/web/CWebApplication.php(282): CController->run('update')
#12 /var/www/html/framework/web/CWebApplication.php(141): CWebApplication->runController('user/update')
#13 /var/www/html/framework/base/CApplication.php(185): CWebApplication->processRequest()
#14 /var/www/html/test_crud/index.php(13): CApplication->run()
#15 {main}
REQUEST_URI=/test_crud/index.php?r=user/update&id=10
HTTP_REFERER=http://localhost:8080/test_crud/index.php?r=user/update&id=10
---
2025/06/28 14:17:51 [error] [exception.CException] CException: User and its behaviors do not have a method or closure named "isAttributeChanged". in /var/www/html/framework/base/CComponent.php:264
Stack trace:
#0 /var/www/html/framework/db/ar/CActiveRecord.php(229): CComponent->__call('isAttributeChan...', Array)
#1 /var/www/html/test_crud/protected/models/User.php(57): CActiveRecord->__call('isAttributeChan...', Array)
#2 /var/www/html/framework/db/ar/CActiveRecord.php(1125): User->beforeSave()
#3 /var/www/html/framework/db/ar/CActiveRecord.php(811): CActiveRecord->update(NULL)
#4 /var/www/html/test_crud/protected/controllers/UserController.php(117): CActiveRecord->save()
#5 [internal function]: UserController->actionUpdate('10')
#6 /var/www/html/framework/web/actions/CAction.php(114): ReflectionMethod->invokeArgs(Object(UserController), Array)
#7 /var/www/html/framework/web/actions/CInlineAction.php(47): CAction->runWithParamsInternal(Object(UserController), Object(ReflectionMethod), Array)
#8 /var/www/html/framework/web/CController.php(308): CInlineAction->runWithParams(Array)
#9 /var/www/html/framework/web/CController.php(286): CController->runAction(Object(CInlineAction))
#10 /var/www/html/framework/web/CController.php(265): CController->runActionWithFilters(Object(CInlineAction), Array)
#11 /var/www/html/framework/web/CWebApplication.php(282): CController->run('update')
#12 /var/www/html/framework/web/CWebApplication.php(141): CWebApplication->runController('user/update')
#13 /var/www/html/framework/base/CApplication.php(185): CWebApplication->processRequest()
#14 /var/www/html/test_crud/index.php(13): CApplication->run()
#15 {main}
REQUEST_URI=/test_crud/index.php?r=user/update&id=10
HTTP_REFERER=http://localhost:8080/test_crud/index.php?r=user/update&id=10
---
2025/06/28 14:19:39 [error] [exception.CException] CException: User and its behaviors do not have a method or closure named "getOldAttribute". in /var/www/html/framework/base/CComponent.php:264
Stack trace:
#0 /var/www/html/framework/db/ar/CActiveRecord.php(229): CComponent->__call('getOldAttribute', Array)
#1 /var/www/html/test_crud/protected/models/User.php(57): CActiveRecord->__call('getOldAttribute', Array)
#2 /var/www/html/framework/db/ar/CActiveRecord.php(1125): User->beforeSave()
#3 /var/www/html/framework/db/ar/CActiveRecord.php(811): CActiveRecord->update(NULL)
#4 /var/www/html/test_crud/protected/controllers/UserController.php(117): CActiveRecord->save()
#5 [internal function]: UserController->actionUpdate('10')
#6 /var/www/html/framework/web/actions/CAction.php(114): ReflectionMethod->invokeArgs(Object(UserController), Array)
#7 /var/www/html/framework/web/actions/CInlineAction.php(47): CAction->runWithParamsInternal(Object(UserController), Object(ReflectionMethod), Array)
#8 /var/www/html/framework/web/CController.php(308): CInlineAction->runWithParams(Array)
#9 /var/www/html/framework/web/CController.php(286): CController->runAction(Object(CInlineAction))
#10 /var/www/html/framework/web/CController.php(265): CController->runActionWithFilters(Object(CInlineAction), Array)
#11 /var/www/html/framework/web/CWebApplication.php(282): CController->run('update')
#12 /var/www/html/framework/web/CWebApplication.php(141): CWebApplication->runController('user/update')
#13 /var/www/html/framework/base/CApplication.php(185): CWebApplication->processRequest()
#14 /var/www/html/test_crud/index.php(13): CApplication->run()
#15 {main}
REQUEST_URI=/test_crud/index.php?r=user/update&id=10
HTTP_REFERER=http://localhost:8080/test_crud/index.php?r=user/update&id=10
---
2025/06/28 14:20:14 [error] [exception.CException] CException: User and its behaviors do not have a method or closure named "getOldPassword". in /var/www/html/framework/base/CComponent.php:264
Stack trace:
#0 /var/www/html/framework/db/ar/CActiveRecord.php(229): CComponent->__call('getOldPassword', Array)
#1 /var/www/html/test_crud/protected/models/User.php(57): CActiveRecord->__call('getOldPassword', Array)
#2 /var/www/html/framework/db/ar/CActiveRecord.php(1125): User->beforeSave()
#3 /var/www/html/framework/db/ar/CActiveRecord.php(811): CActiveRecord->update(NULL)
#4 /var/www/html/test_crud/protected/controllers/UserController.php(117): CActiveRecord->save()
#5 [internal function]: UserController->actionUpdate('10')
#6 /var/www/html/framework/web/actions/CAction.php(114): ReflectionMethod->invokeArgs(Object(UserController), Array)
#7 /var/www/html/framework/web/actions/CInlineAction.php(47): CAction->runWithParamsInternal(Object(UserController), Object(ReflectionMethod), Array)
#8 /var/www/html/framework/web/CController.php(308): CInlineAction->runWithParams(Array)
#9 /var/www/html/framework/web/CController.php(286): CController->runAction(Object(CInlineAction))
#10 /var/www/html/framework/web/CController.php(265): CController->runActionWithFilters(Object(CInlineAction), Array)
#11 /var/www/html/framework/web/CWebApplication.php(282): CController->run('update')
#12 /var/www/html/framework/web/CWebApplication.php(141): CWebApplication->runController('user/update')
#13 /var/www/html/framework/base/CApplication.php(185): CWebApplication->processRequest()
#14 /var/www/html/test_crud/index.php(13): CApplication->run()
#15 {main}
REQUEST_URI=/test_crud/index.php?r=user/update&id=10
HTTP_REFERER=http://localhost:8080/test_crud/index.php?r=user/update&id=10
---
2025/06/28 14:21:21 [error] [exception.CException] CException: User and its behaviors do not have a method or closure named "isAttributeChanged". in /var/www/html/framework/base/CComponent.php:264
Stack trace:
#0 /var/www/html/framework/db/ar/CActiveRecord.php(229): CComponent->__call('isAttributeChan...', Array)
#1 /var/www/html/test_crud/protected/models/User.php(57): CActiveRecord->__call('isAttributeChan...', Array)
#2 /var/www/html/framework/db/ar/CActiveRecord.php(1125): User->beforeSave()
#3 /var/www/html/framework/db/ar/CActiveRecord.php(811): CActiveRecord->update(NULL)
#4 /var/www/html/test_crud/protected/controllers/UserController.php(117): CActiveRecord->save()
#5 [internal function]: UserController->actionUpdate('10')
#6 /var/www/html/framework/web/actions/CAction.php(114): ReflectionMethod->invokeArgs(Object(UserController), Array)
#7 /var/www/html/framework/web/actions/CInlineAction.php(47): CAction->runWithParamsInternal(Object(UserController), Object(ReflectionMethod), Array)
#8 /var/www/html/framework/web/CController.php(308): CInlineAction->runWithParams(Array)
#9 /var/www/html/framework/web/CController.php(286): CController->runAction(Object(CInlineAction))
#10 /var/www/html/framework/web/CController.php(265): CController->runActionWithFilters(Object(CInlineAction), Array)
#11 /var/www/html/framework/web/CWebApplication.php(282): CController->run('update')
#12 /var/www/html/framework/web/CWebApplication.php(141): CWebApplication->runController('user/update')
#13 /var/www/html/framework/base/CApplication.php(185): CWebApplication->processRequest()
#14 /var/www/html/test_crud/index.php(13): CApplication->run()
#15 {main}
REQUEST_URI=/test_crud/index.php?r=user/update&id=10
HTTP_REFERER=http://localhost:8080/test_crud/index.php?r=user/update&id=10
---
2025/06/28 14:23:01 [warning] [application] Failed to set unsafe attribute "tags" of "User".
in /var/www/html/test_crud/protected/controllers/UserController.php (66)
in /var/www/html/test_crud/index.php (13)
2025/06/29 08:52:32 [error] [exception.Error] Error: Call to a member function getAttributes() on array in /var/www/html/test_crud/protected/controllers/UserController.php:43
Stack trace:
#0 /var/www/html/framework/web/actions/CInlineAction.php(49): UserController->actionIndex()
#1 /var/www/html/framework/web/CController.php(308): CInlineAction->runWithParams(Array)
#2 /var/www/html/framework/web/CController.php(286): CController->runAction(Object(CInlineAction))
#3 /var/www/html/framework/web/CController.php(265): CController->runActionWithFilters(Object(CInlineAction), Array)
#4 /var/www/html/framework/web/CWebApplication.php(282): CController->run('')
#5 /var/www/html/framework/web/CWebApplication.php(141): CWebApplication->runController('user')
#6 /var/www/html/framework/base/CApplication.php(185): CWebApplication->processRequest()
#7 /var/www/html/test_crud/index.php(13): CApplication->run()
#8 {main}
REQUEST_URI=/test_crud/index.php?r=user
HTTP_REFERER=http://localhost:8080/test_crud/index.php
---
2025/06/29 08:53:25 [error] [exception.Error] Error: Call to a member function getData() on array in /var/www/html/test_crud/protected/controllers/UserController.php:43
Stack trace:
#0 /var/www/html/framework/web/actions/CInlineAction.php(49): UserController->actionIndex()
#1 /var/www/html/framework/web/CController.php(308): CInlineAction->runWithParams(Array)
#2 /var/www/html/framework/web/CController.php(286): CController->runAction(Object(CInlineAction))
#3 /var/www/html/framework/web/CController.php(265): CController->runActionWithFilters(Object(CInlineAction), Array)
#4 /var/www/html/framework/web/CWebApplication.php(282): CController->run('')
#5 /var/www/html/framework/web/CWebApplication.php(141): CWebApplication->runController('user')
#6 /var/www/html/framework/base/CApplication.php(185): CWebApplication->processRequest()
#7 /var/www/html/test_crud/index.php(13): CApplication->run()
#8 {main}
REQUEST_URI=/test_crud/index.php?r=user
HTTP_REFERER=http://localhost:8080/test_crud/index.php
---
2025/06/29 08:53:49 [error] [exception.Error] Error: Call to a member function getData() on array in /var/www/html/test_crud/protected/controllers/UserController.php:44
Stack trace:
#0 /var/www/html/framework/web/actions/CInlineAction.php(49): UserController->actionIndex()
#1 /var/www/html/framework/web/CController.php(308): CInlineAction->runWithParams(Array)
#2 /var/www/html/framework/web/CController.php(286): CController->runAction(Object(CInlineAction))
#3 /var/www/html/framework/web/CController.php(265): CController->runActionWithFilters(Object(CInlineAction), Array)
#4 /var/www/html/framework/web/CWebApplication.php(282): CController->run('')
#5 /var/www/html/framework/web/CWebApplication.php(141): CWebApplication->runController('user')
#6 /var/www/html/framework/base/CApplication.php(185): CWebApplication->processRequest()
#7 /var/www/html/test_crud/index.php(13): CApplication->run()
#8 {main}
REQUEST_URI=/test_crud/index.php?r=user
HTTP_REFERER=http://localhost:8080/test_crud/index.php
---
2025/06/29 08:53:50 [error] [exception.Error] Error: Call to a member function getData() on array in /var/www/html/test_crud/protected/controllers/UserController.php:44
Stack trace:
#0 /var/www/html/framework/web/actions/CInlineAction.php(49): UserController->actionIndex()
#1 /var/www/html/framework/web/CController.php(308): CInlineAction->runWithParams(Array)
#2 /var/www/html/framework/web/CController.php(286): CController->runAction(Object(CInlineAction))
#3 /var/www/html/framework/web/CController.php(265): CController->runActionWithFilters(Object(CInlineAction), Array)
#4 /var/www/html/framework/web/CWebApplication.php(282): CController->run('')
#5 /var/www/html/framework/web/CWebApplication.php(141): CWebApplication->runController('user')
#6 /var/www/html/framework/base/CApplication.php(185): CWebApplication->processRequest()
#7 /var/www/html/test_crud/index.php(13): CApplication->run()
#8 {main}
REQUEST_URI=/test_crud/index.php?r=user
HTTP_REFERER=http://localhost:8080/test_crud/index.php
---
2025/06/29 08:56:07 [error] [exception.CException] CException: User and its behaviors do not have a method or closure named "getData". in /var/www/html/framework/base/CComponent.php:264
Stack trace:
#0 /var/www/html/framework/db/ar/CActiveRecord.php(229): CComponent->__call('getData', Array)
#1 /var/www/html/test_crud/protected/controllers/UserController.php(45): CActiveRecord->__call('getData', Array)
#2 /var/www/html/framework/web/actions/CInlineAction.php(49): UserController->actionIndex()
#3 /var/www/html/framework/web/CController.php(308): CInlineAction->runWithParams(Array)
#4 /var/www/html/framework/web/CController.php(286): CController->runAction(Object(CInlineAction))
#5 /var/www/html/framework/web/CController.php(265): CController->runActionWithFilters(Object(CInlineAction), Array)
#6 /var/www/html/framework/web/CWebApplication.php(282): CController->run('')
#7 /var/www/html/framework/web/CWebApplication.php(141): CWebApplication->runController('user')
#8 /var/www/html/framework/base/CApplication.php(185): CWebApplication->processRequest()
#9 /var/www/html/test_crud/index.php(13): CApplication->run()
#10 {main}
REQUEST_URI=/test_crud/index.php?r=user
HTTP_REFERER=http://localhost:8080/test_crud/index.php
---
